Defaulting to user installation because normal site-packages is not writeable
Collecting nmslib
  Using cached nmslib-2.1.1.tar.gz (188 kB)
  Preparing metadata (setup.py): started
  Preparing metadata (setup.py): finished with status 'done'
Requirement already satisfied: pybind11<2.6.2 in c:\users\maze2\appdata\roaming\python\python310\site-packages (from nmslib) (2.6.1)
Requirement already satisfied: psutil in c:\users\maze2\appdata\roaming\python\python310\site-packages (from nmslib) (7.0.0)
Requirement already satisfied: numpy>=1.10.0 in c:\users\maze2\appdata\roaming\python\python310\site-packages (from nmslib) (1.24.4)
Installing collected packages: nmslib
  DEPRECATION: nmslib is being installed using the legacy 'setup.py install' method, because it does not have a 'pyproject.toml' and the 'wheel' package is not installed. pip 23.1 will enforce this behaviour change. A possible replacement is to enable the '--use-pep517' option. Discussion can be found at https://github.com/pypa/pip/issues/8559
  Running setup.py install for nmslib: started
  Running setup.py install for nmslib: finished with status 'error'
  error: subprocess-exited-with-error
  
  Running setup.py install for nmslib did not run successfully.
  exit code: 1
  
  [1163 lines of output]
  Dependence list: ['pybind11<2.6.2', 'psutil', "numpy>=1.10.0,<1.17 ; python_version=='2.7'", "numpy>=1.10.0 ; python_version>='3.5'"]
  C:\Program Files\Python310\lib\site-packages\setuptools\dist.py:771: UserWarning: Usage of dash-separated 'description-file' will not be supported in future versions. Please use the underscore name 'description_file' instead
    warnings.warn(
  running install
  C:\Program Files\Python310\lib\site-packages\setuptools\command\install.py:34: SetuptoolsDeprecationWarning: setup.py install is deprecated. Use build and pip and other standards-based tools.
    warnings.warn(
  running build
  running build_ext
  Extra compilation arguments: ['/EHsc', '/openmp', '/O2', '/DVERSION_INFO=\\"2.1.1\\"']
  building 'nmslib' extension
  creating build
  creating build\temp.win-amd64-cpython-310
  creating build\temp.win-amd64-cpython-310\Release
  creating build\temp.win-amd64-cpython-310\Release\similarity_search
  creating build\temp.win-amd64-cpython-310\Release\similarity_search\src
  creating build\temp.win-amd64-cpython-310\Release\similarity_search\src\method
  creating build\temp.win-amd64-cpython-310\Release\similarity_search\src\space
  creating build\temp.win-amd64-cpython-310\Release\tensorflow
  "C:\Program Files (x86)\Microsoft Visual Studio\2022\BuildTools\VC\Tools\MSVC\14.43.34808\bin\HostX86\x64\cl.exe" /c /nologo /O2 /W3 /GL /DNDEBUG /MD -I.\similarity_search\include -Itensorflow -IC:\Users\maze2\AppData\Roaming\Python\Python310\site-packages\pybind11\include -IC:\Users\maze2\AppData\Roaming\Python\Python310\site-packages\pybind11\include -IC:\Users\maze2\AppData\Roaming\Python\Python310\site-packages\pybind11\include -IC:\Users\maze2\AppData\Roaming\Python\Python310\site-packages\pybind11\include -IC:\Users\maze2\AppData\Roaming\Python\Python310\site-packages\numpy\core\include "-IC:\Program Files\Python310\include" "-IC:\Program Files\Python310\Include" "-IC:\Program Files (x86)\Microsoft Visual Studio\2022\BuildTools\VC\Tools\MSVC\14.43.34808\include" "-IC:\Program Files (x86)\Microsoft Visual Studio\2022\BuildTools\VC\Auxiliary\VS\include" "-IC:\Program Files (x86)\Windows Kits\10\include\10.0.22621.0\ucrt" "-IC:\Program Files (x86)\Windows Kits\10\\include\10.0.22621.0\\um" "-IC:\Program Files (x86)\Windows Kits\10\\include\10.0.22621.0\\shared" "-IC:\Program Files (x86)\Windows Kits\10\\include\10.0.22621.0\\winrt" "-IC:\Program Files (x86)\Windows Kits\10\\include\10.0.22621.0\\cppwinrt" /EHsc /Tp.\similarity_search\src\distcomp_bregman.cc /Fobuild\temp.win-amd64-cpython-310\Release\.\similarity_search\src\distcomp_bregman.obj /EHsc /openmp /O2 /DVERSION_INFO=\\\"2.1.1\\\"
  distcomp_bregman.cc
  .\similarity_search\include\distcomp.h(260): warning C4244: 'initializing': conversion from 'size_t' to 'float', possible loss of data
  "C:\Program Files (x86)\Microsoft Visual Studio\2022\BuildTools\VC\Tools\MSVC\14.43.34808\bin\HostX86\x64\cl.exe" /c /nologo /O2 /W3 /GL /DNDEBUG /MD -I.\similarity_search\include -Itensorflow -IC:\Users\maze2\AppData\Roaming\Python\Python310\site-packages\pybind11\include -IC:\Users\maze2\AppData\Roaming\Python\Python310\site-packages\pybind11\include -IC:\Users\maze2\AppData\Roaming\Python\Python310\site-packages\pybind11\include -IC:\Users\maze2\AppData\Roaming\Python\Python310\site-packages\pybind11\include -IC:\Users\maze2\AppData\Roaming\Python\Python310\site-packages\numpy\core\include "-IC:\Program Files\Python310\include" "-IC:\Program Files\Python310\Include" "-IC:\Program Files (x86)\Microsoft Visual Studio\2022\BuildTools\VC\Tools\MSVC\14.43.34808\include" "-IC:\Program Files (x86)\Microsoft Visual Studio\2022\BuildTools\VC\Auxiliary\VS\include" "-IC:\Program Files (x86)\Windows Kits\10\include\10.0.22621.0\ucrt" "-IC:\Program Files (x86)\Windows Kits\10\\include\10.0.22621.0\\um" "-IC:\Program Files (x86)\Windows Kits\10\\include\10.0.22621.0\\shared" "-IC:\Program Files (x86)\Windows Kits\10\\include\10.0.22621.0\\winrt" "-IC:\Program Files (x86)\Windows Kits\10\\include\10.0.22621.0\\cppwinrt" /EHsc /Tp.\similarity_search\src\distcomp_diverg.cc /Fobuild\temp.win-amd64-cpython-310\Release\.\similarity_search\src\distcomp_diverg.obj /EHsc /openmp /O2 /DVERSION_INFO=\\\"2.1.1\\\"
  distcomp_diverg.cc
  .\similarity_search\include\distcomp.h(260): warning C4244: 'initializing': conversion from 'size_t' to 'float', possible loss of data
  .\similarity_search\src\distcomp_diverg.cc(61): warning C4244: '+=': conversion from 'double' to 'T', possible loss of data
          with
          [
              T=float
          ]
  .\similarity_search\src\distcomp_diverg.cc(61): note: the template instantiation context (the oldest one first) is
  .\similarity_search\src\distcomp_diverg.cc(66): note: see reference to function template instantiation 'float similarity::alphaBetaDivergenceSlowProxy<float>(const float *,const float *,const int,float,float)' being compiled
  .\similarity_search\src\distcomp_diverg.cc(73): warning C4244: '+=': conversion from 'double' to 'T', possible loss of data
          with
          [
              T=float
          ]
  .\similarity_search\src\distcomp_diverg.cc(73): note: the template instantiation context (the oldest one first) is
  .\similarity_search\src\distcomp_diverg.cc(79): note: see reference to function template instantiation 'float similarity::alphaBetaDivergenceFastProxy<float>(const float *,const float *,const int,float,float)' being compiled
  .\similarity_search\src\distcomp_diverg.cc(84): warning C4305: 'initializing': truncation from 'double' to 'T'
          with
          [
              T=float
          ]
  .\similarity_search\src\distcomp_diverg.cc(84): note: the template instantiation context (the oldest one first) is
  .\similarity_search\src\distcomp_diverg.cc(95): note: see reference to function template instantiation 'float similarity::renyiDivergenceSlow<float>(const float *,const float *,const int,float)' being compiled
  .\similarity_search\src\distcomp_diverg.cc(101): warning C4305: 'initializing': truncation from 'double' to 'T'
          with
          [
              T=float
          ]
  .\similarity_search\src\distcomp_diverg.cc(101): note: the template instantiation context (the oldest one first) is
  .\similarity_search\src\distcomp_diverg.cc(111): note: see reference to function template instantiation 'float similarity::renyiDivergenceFast<float>(const float *,const float *,const int,float)' being compiled
  "C:\Program Files (x86)\Microsoft Visual Studio\2022\BuildTools\VC\Tools\MSVC\14.43.34808\bin\HostX86\x64\cl.exe" /c /nologo /O2 /W3 /GL /DNDEBUG /MD -I.\similarity_search\include -Itensorflow -IC:\Users\maze2\AppData\Roaming\Python\Python310\site-packages\pybind11\include -IC:\Users\maze2\AppData\Roaming\Python\Python310\site-packages\pybind11\include -IC:\Users\maze2\AppData\Roaming\Python\Python310\site-packages\pybind11\include -IC:\Users\maze2\AppData\Roaming\Python\Python310\site-packages\pybind11\include -IC:\Users\maze2\AppData\Roaming\Python\Python310\site-packages\numpy\core\include "-IC:\Program Files\Python310\include" "-IC:\Program Files\Python310\Include" "-IC:\Program Files (x86)\Microsoft Visual Studio\2022\BuildTools\VC\Tools\MSVC\14.43.34808\include" "-IC:\Program Files (x86)\Microsoft Visual Studio\2022\BuildTools\VC\Auxiliary\VS\include" "-IC:\Program Files (x86)\Windows Kits\10\include\10.0.22621.0\ucrt" "-IC:\Program Files (x86)\Windows Kits\10\\include\10.0.22621.0\\um" "-IC:\Program Files (x86)\Windows Kits\10\\include\10.0.22621.0\\shared" "-IC:\Program Files (x86)\Windows Kits\10\\include\10.0.22621.0\\winrt" "-IC:\Program Files (x86)\Windows Kits\10\\include\10.0.22621.0\\cppwinrt" /EHsc /Tp.\similarity_search\src\distcomp_edist.cc /Fobuild\temp.win-amd64-cpython-310\Release\.\similarity_search\src\distcomp_edist.obj /EHsc /openmp /O2 /DVERSION_INFO=\\\"2.1.1\\\"
  distcomp_edist.cc
  .\similarity_search\include\distcomp.h(260): warning C4244: 'initializing': conversion from 'size_t' to 'float', possible loss of data
  .\similarity_search\src\distcomp_edist.cc(39): warning C4267: 'return': conversion from 'size_t' to 'int', possible loss of data
  .\similarity_search\src\distcomp_edist.cc(39): note: the template instantiation context (the oldest one first) is
  .\similarity_search\src\distcomp_edist.cc(76): note: see reference to function template instantiation 'int similarity::levenshtein<char>(const char *,size_t,const char *,size_t)' being compiled
  .\similarity_search\src\distcomp_edist.cc(49): warning C4267: '=': conversion from 'size_t' to 'int', possible loss of data
  .\similarity_search\src\distcomp_edist.cc(57): warning C4267: '=': conversion from 'size_t' to 'int', possible loss of data
  "C:\Program Files (x86)\Microsoft Visual Studio\2022\BuildTools\VC\Tools\MSVC\14.43.34808\bin\HostX86\x64\cl.exe" /c /nologo /O2 /W3 /GL /DNDEBUG /MD -I.\similarity_search\include -Itensorflow -IC:\Users\maze2\AppData\Roaming\Python\Python310\site-packages\pybind11\include -IC:\Users\maze2\AppData\Roaming\Python\Python310\site-packages\pybind11\include -IC:\Users\maze2\AppData\Roaming\Python\Python310\site-packages\pybind11\include -IC:\Users\maze2\AppData\Roaming\Python\Python310\site-packages\pybind11\include -IC:\Users\maze2\AppData\Roaming\Python\Python310\site-packages\numpy\core\include "-IC:\Program Files\Python310\include" "-IC:\Program Files\Python310\Include" "-IC:\Program Files (x86)\Microsoft Visual Studio\2022\BuildTools\VC\Tools\MSVC\14.43.34808\include" "-IC:\Program Files (x86)\Microsoft Visual Studio\2022\BuildTools\VC\Auxiliary\VS\include" "-IC:\Program Files (x86)\Windows Kits\10\include\10.0.22621.0\ucrt" "-IC:\Program Files (x86)\Windows Kits\10\\include\10.0.22621.0\\um" "-IC:\Program Files (x86)\Windows Kits\10\\include\10.0.22621.0\\shared" "-IC:\Program Files (x86)\Windows Kits\10\\include\10.0.22621.0\\winrt" "-IC:\Program Files (x86)\Windows Kits\10\\include\10.0.22621.0\\cppwinrt" /EHsc /Tp.\similarity_search\src\distcomp_js.cc /Fobuild\temp.win-amd64-cpython-310\Release\.\similarity_search\src\distcomp_js.obj /EHsc /openmp /O2 /DVERSION_INFO=\\\"2.1.1\\\"
  distcomp_js.cc
  .\similarity_search\include\distcomp.h(260): warning C4244: 'initializing': conversion from 'size_t' to 'float', possible loss of data
  .\similarity_search\src\distcomp_js.cc(226): warning C4244: 'return': conversion from 'double' to 'float', possible loss of data
  "C:\Program Files (x86)\Microsoft Visual Studio\2022\BuildTools\VC\Tools\MSVC\14.43.34808\bin\HostX86\x64\cl.exe" /c /nologo /O2 /W3 /GL /DNDEBUG /MD -I.\similarity_search\include -Itensorflow -IC:\Users\maze2\AppData\Roaming\Python\Python310\site-packages\pybind11\include -IC:\Users\maze2\AppData\Roaming\Python\Python310\site-packages\pybind11\include -IC:\Users\maze2\AppData\Roaming\Python\Python310\site-packages\pybind11\include -IC:\Users\maze2\AppData\Roaming\Python\Python310\site-packages\pybind11\include -IC:\Users\maze2\AppData\Roaming\Python\Python310\site-packages\numpy\core\include "-IC:\Program Files\Python310\include" "-IC:\Program Files\Python310\Include" "-IC:\Program Files (x86)\Microsoft Visual Studio\2022\BuildTools\VC\Tools\MSVC\14.43.34808\include" "-IC:\Program Files (x86)\Microsoft Visual Studio\2022\BuildTools\VC\Auxiliary\VS\include" "-IC:\Program Files (x86)\Windows Kits\10\include\10.0.22621.0\ucrt" "-IC:\Program Files (x86)\Windows Kits\10\\include\10.0.22621.0\\um" "-IC:\Program Files (x86)\Windows Kits\10\\include\10.0.22621.0\\shared" "-IC:\Program Files (x86)\Windows Kits\10\\include\10.0.22621.0\\winrt" "-IC:\Program Files (x86)\Windows Kits\10\\include\10.0.22621.0\\cppwinrt" /EHsc /Tp.\similarity_search\src\distcomp_l2sqr_sift.cc /Fobuild\temp.win-amd64-cpython-310\Release\.\similarity_search\src\distcomp_l2sqr_sift.obj /EHsc /openmp /O2 /DVERSION_INFO=\\\"2.1.1\\\"
  distcomp_l2sqr_sift.cc
  .\similarity_search\include\distcomp.h(260): warning C4244: 'initializing': conversion from 'size_t' to 'float', possible loss of data
  .\similarity_search\src\distcomp_l2sqr_sift.cc(89): warning C4267: 'initializing': conversion from 'size_t' to 'uint_fast32_t', possible loss of data
  .\similarity_search\src\distcomp_l2sqr_sift.cc(103) : WARNING: l2SqrSIFTPrecompAVX: AVX2 is not available
  .\similarity_search\src\distcomp_l2sqr_sift.cc(105) : WARNING: l2SqrSIFTPrecompAVX: SSE4 is not available
  "C:\Program Files (x86)\Microsoft Visual Studio\2022\BuildTools\VC\Tools\MSVC\14.43.34808\bin\HostX86\x64\cl.exe" /c /nologo /O2 /W3 /GL /DNDEBUG /MD -I.\similarity_search\include -Itensorflow -IC:\Users\maze2\AppData\Roaming\Python\Python310\site-packages\pybind11\include -IC:\Users\maze2\AppData\Roaming\Python\Python310\site-packages\pybind11\include -IC:\Users\maze2\AppData\Roaming\Python\Python310\site-packages\pybind11\include -IC:\Users\maze2\AppData\Roaming\Python\Python310\site-packages\pybind11\include -IC:\Users\maze2\AppData\Roaming\Python\Python310\site-packages\numpy\core\include "-IC:\Program Files\Python310\include" "-IC:\Program Files\Python310\Include" "-IC:\Program Files (x86)\Microsoft Visual Studio\2022\BuildTools\VC\Tools\MSVC\14.43.34808\include" "-IC:\Program Files (x86)\Microsoft Visual Studio\2022\BuildTools\VC\Auxiliary\VS\include" "-IC:\Program Files (x86)\Windows Kits\10\include\10.0.22621.0\ucrt" "-IC:\Program Files (x86)\Windows Kits\10\\include\10.0.22621.0\\um" "-IC:\Program Files (x86)\Windows Kits\10\\include\10.0.22621.0\\shared" "-IC:\Program Files (x86)\Windows Kits\10\\include\10.0.22621.0\\winrt" "-IC:\Program Files (x86)\Windows Kits\10\\include\10.0.22621.0\\cppwinrt" /EHsc /Tp.\similarity_search\src\distcomp_lp.cc /Fobuild\temp.win-amd64-cpython-310\Release\.\similarity_search\src\distcomp_lp.obj /EHsc /openmp /O2 /DVERSION_INFO=\\\"2.1.1\\\"
  distcomp_lp.cc
  .\similarity_search\include\distcomp.h(260): warning C4244: 'initializing': conversion from 'size_t' to 'float', possible loss of data
  .\similarity_search\src\distcomp_lp.cc(249): warning C4244: 'return': conversion from 'double' to 'float', possible loss of data
  "C:\Program Files (x86)\Microsoft Visual Studio\2022\BuildTools\VC\Tools\MSVC\14.43.34808\bin\HostX86\x64\cl.exe" /c /nologo /O2 /W3 /GL /DNDEBUG /MD -I.\similarity_search\include -Itensorflow -IC:\Users\maze2\AppData\Roaming\Python\Python310\site-packages\pybind11\include -IC:\Users\maze2\AppData\Roaming\Python\Python310\site-packages\pybind11\include -IC:\Users\maze2\AppData\Roaming\Python\Python310\site-packages\pybind11\include -IC:\Users\maze2\AppData\Roaming\Python\Python310\site-packages\pybind11\include -IC:\Users\maze2\AppData\Roaming\Python\Python310\site-packages\numpy\core\include "-IC:\Program Files\Python310\include" "-IC:\Program Files\Python310\Include" "-IC:\Program Files (x86)\Microsoft Visual Studio\2022\BuildTools\VC\Tools\MSVC\14.43.34808\include" "-IC:\Program Files (x86)\Microsoft Visual Studio\2022\BuildTools\VC\Auxiliary\VS\include" "-IC:\Program Files (x86)\Windows Kits\10\include\10.0.22621.0\ucrt" "-IC:\Program Files (x86)\Windows Kits\10\\include\10.0.22621.0\\um" "-IC:\Program Files (x86)\Windows Kits\10\\include\10.0.22621.0\\shared" "-IC:\Program Files (x86)\Windows Kits\10\\include\10.0.22621.0\\winrt" "-IC:\Program Files (x86)\Windows Kits\10\\include\10.0.22621.0\\cppwinrt" /EHsc /Tp.\similarity_search\src\distcomp_overlap.cc /Fobuild\temp.win-amd64-cpython-310\Release\.\similarity_search\src\distcomp_overlap.obj /EHsc /openmp /O2 /DVERSION_INFO=\\\"2.1.1\\\"
  distcomp_overlap.cc
  .\similarity_search\include\distcomp.h(260): warning C4244: 'initializing': conversion from 'size_t' to 'float', possible loss of data
  "C:\Program Files (x86)\Microsoft Visual Studio\2022\BuildTools\VC\Tools\MSVC\14.43.34808\bin\HostX86\x64\cl.exe" /c /nologo /O2 /W3 /GL /DNDEBUG /MD -I.\similarity_search\include -Itensorflow -IC:\Users\maze2\AppData\Roaming\Python\Python310\site-packages\pybind11\include -IC:\Users\maze2\AppData\Roaming\Python\Python310\site-packages\pybind11\include -IC:\Users\maze2\AppData\Roaming\Python\Python310\site-packages\pybind11\include -IC:\Users\maze2\AppData\Roaming\Python\Python310\site-packages\pybind11\include -IC:\Users\maze2\AppData\Roaming\Python\Python310\site-packages\numpy\core\include "-IC:\Program Files\Python310\include" "-IC:\Program Files\Python310\Include" "-IC:\Program Files (x86)\Microsoft Visual Studio\2022\BuildTools\VC\Tools\MSVC\14.43.34808\include" "-IC:\Program Files (x86)\Microsoft Visual Studio\2022\BuildTools\VC\Auxiliary\VS\include" "-IC:\Program Files (x86)\Windows Kits\10\include\10.0.22621.0\ucrt" "-IC:\Program Files (x86)\Windows Kits\10\\include\10.0.22621.0\\um" "-IC:\Program Files (x86)\Windows Kits\10\\include\10.0.22621.0\\shared" "-IC:\Program Files (x86)\Windows Kits\10\\include\10.0.22621.0\\winrt" "-IC:\Program Files (x86)\Windows Kits\10\\include\10.0.22621.0\\cppwinrt" /EHsc /Tp.\similarity_search\src\distcomp_rankcorr.cc /Fobuild\temp.win-amd64-cpython-310\Release\.\similarity_search\src\distcomp_rankcorr.obj /EHsc /openmp /O2 /DVERSION_INFO=\\\"2.1.1\\\"
  distcomp_rankcorr.cc
  .\similarity_search\include\distcomp.h(260): warning C4244: 'initializing': conversion from 'size_t' to 'float', possible loss of data
  .\similarity_search\src\distcomp_rankcorr.cc(40) : WARNING: SpearmanFootruleSIMD: SSE4.2 is not available, defaulting to pure C++ implementation!
  .\similarity_search\src\distcomp_rankcorr.cc(112) : WARNING: SpearmanRhoSIMD: SSE4.2 is not available, defaulting to pure C++ implementation!
  "C:\Program Files (x86)\Microsoft Visual Studio\2022\BuildTools\VC\Tools\MSVC\14.43.34808\bin\HostX86\x64\cl.exe" /c /nologo /O2 /W3 /GL /DNDEBUG /MD -I.\similarity_search\include -Itensorflow -IC:\Users\maze2\AppData\Roaming\Python\Python310\site-packages\pybind11\include -IC:\Users\maze2\AppData\Roaming\Python\Python310\site-packages\pybind11\include -IC:\Users\maze2\AppData\Roaming\Python\Python310\site-packages\pybind11\include -IC:\Users\maze2\AppData\Roaming\Python\Python310\site-packages\pybind11\include -IC:\Users\maze2\AppData\Roaming\Python\Python310\site-packages\numpy\core\include "-IC:\Program Files\Python310\include" "-IC:\Program Files\Python310\Include" "-IC:\Program Files (x86)\Microsoft Visual Studio\2022\BuildTools\VC\Tools\MSVC\14.43.34808\include" "-IC:\Program Files (x86)\Microsoft Visual Studio\2022\BuildTools\VC\Auxiliary\VS\include" "-IC:\Program Files (x86)\Windows Kits\10\include\10.0.22621.0\ucrt" "-IC:\Program Files (x86)\Windows Kits\10\\include\10.0.22621.0\\um" "-IC:\Program Files (x86)\Windows Kits\10\\include\10.0.22621.0\\shared" "-IC:\Program Files (x86)\Windows Kits\10\\include\10.0.22621.0\\winrt" "-IC:\Program Files (x86)\Windows Kits\10\\include\10.0.22621.0\\cppwinrt" /EHsc /Tp.\similarity_search\src\distcomp_scalar.cc /Fobuild\temp.win-amd64-cpython-310\Release\.\similarity_search\src\distcomp_scalar.obj /EHsc /openmp /O2 /DVERSION_INFO=\\\"2.1.1\\\"
  distcomp_scalar.cc
  .\similarity_search\include\distcomp.h(260): warning C4244: 'initializing': conversion from 'size_t' to 'float', possible loss of data
  "C:\Program Files (x86)\Microsoft Visual Studio\2022\BuildTools\VC\Tools\MSVC\14.43.34808\bin\HostX86\x64\cl.exe" /c /nologo /O2 /W3 /GL /DNDEBUG /MD -I.\similarity_search\include -Itensorflow -IC:\Users\maze2\AppData\Roaming\Python\Python310\site-packages\pybind11\include -IC:\Users\maze2\AppData\Roaming\Python\Python310\site-packages\pybind11\include -IC:\Users\maze2\AppData\Roaming\Python\Python310\site-packages\pybind11\include -IC:\Users\maze2\AppData\Roaming\Python\Python310\site-packages\pybind11\include -IC:\Users\maze2\AppData\Roaming\Python\Python310\site-packages\numpy\core\include "-IC:\Program Files\Python310\include" "-IC:\Program Files\Python310\Include" "-IC:\Program Files (x86)\Microsoft Visual Studio\2022\BuildTools\VC\Tools\MSVC\14.43.34808\include" "-IC:\Program Files (x86)\Microsoft Visual Studio\2022\BuildTools\VC\Auxiliary\VS\include" "-IC:\Program Files (x86)\Windows Kits\10\include\10.0.22621.0\ucrt" "-IC:\Program Files (x86)\Windows Kits\10\\include\10.0.22621.0\\um" "-IC:\Program Files (x86)\Windows Kits\10\\include\10.0.22621.0\\shared" "-IC:\Program Files (x86)\Windows Kits\10\\include\10.0.22621.0\\winrt" "-IC:\Program Files (x86)\Windows Kits\10\\include\10.0.22621.0\\cppwinrt" /EHsc /Tp.\similarity_search\src\distcomp_sparse_scalar_fast.cc /Fobuild\temp.win-amd64-cpython-310\Release\.\similarity_search\src\distcomp_sparse_scalar_fast.obj /EHsc /openmp /O2 /DVERSION_INFO=\\\"2.1.1\\\"
  distcomp_sparse_scalar_fast.cc
  .\similarity_search\include\object.h(127): warning C4267: '=': conversion from 'size_t' to 'int', possible loss of data
  .\similarity_search\include\distcomp.h(260): warning C4244: 'initializing': conversion from 'size_t' to 'float', possible loss of data
  .\similarity_search\src\distcomp_sparse_scalar_fast.cc(231) : WARNING: No SSE 4.2, defaulting to scalar implementation!
  "C:\Program Files (x86)\Microsoft Visual Studio\2022\BuildTools\VC\Tools\MSVC\14.43.34808\bin\HostX86\x64\cl.exe" /c /nologo /O2 /W3 /GL /DNDEBUG /MD -I.\similarity_search\include -Itensorflow -IC:\Users\maze2\AppData\Roaming\Python\Python310\site-packages\pybind11\include -IC:\Users\maze2\AppData\Roaming\Python\Python310\site-packages\pybind11\include -IC:\Users\maze2\AppData\Roaming\Python\Python310\site-packages\pybind11\include -IC:\Users\maze2\AppData\Roaming\Python\Python310\site-packages\pybind11\include -IC:\Users\maze2\AppData\Roaming\Python\Python310\site-packages\numpy\core\include "-IC:\Program Files\Python310\include" "-IC:\Program Files\Python310\Include" "-IC:\Program Files (x86)\Microsoft Visual Studio\2022\BuildTools\VC\Tools\MSVC\14.43.34808\include" "-IC:\Program Files (x86)\Microsoft Visual Studio\2022\BuildTools\VC\Auxiliary\VS\include" "-IC:\Program Files (x86)\Windows Kits\10\include\10.0.22621.0\ucrt" "-IC:\Program Files (x86)\Windows Kits\10\\include\10.0.22621.0\\um" "-IC:\Program Files (x86)\Windows Kits\10\\include\10.0.22621.0\\shared" "-IC:\Program Files (x86)\Windows Kits\10\\include\10.0.22621.0\\winrt" "-IC:\Program Files (x86)\Windows Kits\10\\include\10.0.22621.0\\cppwinrt" /EHsc /Tp.\similarity_search\src\experimentconf.cc /Fobuild\temp.win-amd64-cpython-310\Release\.\similarity_search\src\experimentconf.obj /EHsc /openmp /O2 /DVERSION_INFO=\\\"2.1.1\\\"
  experimentconf.cc
  C:\Users\maze2\AppData\Local\Temp\pip-install-gjqj2etw\nmslib_760c4860d60c46ad9a07313ddb25ac3c\similarity_search\include\object.h(127): warning C4267: '=': conversion from 'size_t' to 'int', possible loss of data
  .\similarity_search\src\experimentconf.cc(218): warning C4267: 'initializing': conversion from 'size_t' to 'unsigned int', possible loss of data
  .\similarity_search\src\experimentconf.cc(218): note: the template instantiation context (the oldest one first) is
  .\similarity_search\src\experimentconf.cc(428): note: see reference to class template instantiation 'similarity::ExperimentConfig<float>' being compiled
  .\similarity_search\src\experimentconf.cc(201): note: while compiling class template member function 'void similarity::ExperimentConfig<float>::Write(std::ostream &,std::ostream &)'
  .\similarity_search\src\experimentconf.cc(232): warning C4018: '>=': signed/unsigned mismatch
  .\similarity_search\src\experimentconf.cc(241): warning C4267: '=': conversion from 'size_t' to 'unsigned int', possible loss of data
  .\similarity_search\src\experimentconf.cc(388): warning C4267: '=': conversion from 'size_t' to '_Ty', possible loss of data
          with
          [
              _Ty=similarity::IdType
          ]
  .\similarity_search\src\experimentconf.cc(388): note: the template instantiation context (the oldest one first) is
  .\similarity_search\src\experimentconf.cc(341): note: while compiling class template member function 'void similarity::ExperimentConfig<float>::ReadDataset(void)'
  .\similarity_search\src\experimentconf.cc(139): warning C4244: 'argument': conversion from 'float' to 'const T', possible loss of data
          with
          [
              T=int
          ]
  .\similarity_search\src\experimentconf.cc(139): note: the template instantiation context (the oldest one first) is
  .\similarity_search\src\experimentconf.cc(50): note: while compiling class template member function 'void similarity::ExperimentConfig<int>::Read(std::istream &,std::istream &,size_t &)'
  .\similarity_search\src\experimentconf.cc(139): warning C4244: 'argument': conversion from 'float' to 'const T', possible loss of data
          with
          [
              T=int
          ]
  "C:\Program Files (x86)\Microsoft Visual Studio\2022\BuildTools\VC\Tools\MSVC\14.43.34808\bin\HostX86\x64\cl.exe" /c /nologo /O2 /W3 /GL /DNDEBUG /MD -I.\similarity_search\include -Itensorflow -IC:\Users\maze2\AppData\Roaming\Python\Python310\site-packages\pybind11\include -IC:\Users\maze2\AppData\Roaming\Python\Python310\site-packages\pybind11\include -IC:\Users\maze2\AppData\Roaming\Python\Python310\site-packages\pybind11\include -IC:\Users\maze2\AppData\Roaming\Python\Python310\site-packages\pybind11\include -IC:\Users\maze2\AppData\Roaming\Python\Python310\site-packages\numpy\core\include "-IC:\Program Files\Python310\include" "-IC:\Program Files\Python310\Include" "-IC:\Program Files (x86)\Microsoft Visual Studio\2022\BuildTools\VC\Tools\MSVC\14.43.34808\include" "-IC:\Program Files (x86)\Microsoft Visual Studio\2022\BuildTools\VC\Auxiliary\VS\include" "-IC:\Program Files (x86)\Windows Kits\10\include\10.0.22621.0\ucrt" "-IC:\Program Files (x86)\Windows Kits\10\\include\10.0.22621.0\\um" "-IC:\Program Files (x86)\Windows Kits\10\\include\10.0.22621.0\\shared" "-IC:\Program Files (x86)\Windows Kits\10\\include\10.0.22621.0\\winrt" "-IC:\Program Files (x86)\Windows Kits\10\\include\10.0.22621.0\\cppwinrt" /EHsc /Tp.\similarity_search\src\global.cc /Fobuild\temp.win-amd64-cpython-310\Release\.\similarity_search\src\global.obj /EHsc /openmp /O2 /DVERSION_INFO=\\\"2.1.1\\\"
  global.cc
  "C:\Program Files (x86)\Microsoft Visual Studio\2022\BuildTools\VC\Tools\MSVC\14.43.34808\bin\HostX86\x64\cl.exe" /c /nologo /O2 /W3 /GL /DNDEBUG /MD -I.\similarity_search\include -Itensorflow -IC:\Users\maze2\AppData\Roaming\Python\Python310\site-packages\pybind11\include -IC:\Users\maze2\AppData\Roaming\Python\Python310\site-packages\pybind11\include -IC:\Users\maze2\AppData\Roaming\Python\Python310\site-packages\pybind11\include -IC:\Users\maze2\AppData\Roaming\Python\Python310\site-packages\pybind11\include -IC:\Users\maze2\AppData\Roaming\Python\Python310\site-packages\numpy\core\include "-IC:\Program Files\Python310\include" "-IC:\Program Files\Python310\Include" "-IC:\Program Files (x86)\Microsoft Visual Studio\2022\BuildTools\VC\Tools\MSVC\14.43.34808\include" "-IC:\Program Files (x86)\Microsoft Visual Studio\2022\BuildTools\VC\Auxiliary\VS\include" "-IC:\Program Files (x86)\Windows Kits\10\include\10.0.22621.0\ucrt" "-IC:\Program Files (x86)\Windows Kits\10\\include\10.0.22621.0\\um" "-IC:\Program Files (x86)\Windows Kits\10\\include\10.0.22621.0\\shared" "-IC:\Program Files (x86)\Windows Kits\10\\include\10.0.22621.0\\winrt" "-IC:\Program Files (x86)\Windows Kits\10\\include\10.0.22621.0\\cppwinrt" /EHsc /Tp.\similarity_search\src\init.cc /Fobuild\temp.win-amd64-cpython-310\Release\.\similarity_search\src\init.obj /EHsc /openmp /O2 /DVERSION_INFO=\\\"2.1.1\\\"
  init.cc
  C:\Users\maze2\AppData\Local\Temp\pip-install-gjqj2etw\nmslib_760c4860d60c46ad9a07313ddb25ac3c\similarity_search\include\object.h(127): warning C4267: '=': conversion from 'size_t' to 'int', possible loss of data
  .\similarity_search\include\permutation_utils.h(175): warning C4334: '<<': result of 32-bit shift implicitly converted to 64 bits (was 64-bit shift intended?)
  .\similarity_search\include\method/pivot_neighb_common.h(57): warning C4267: 'argument': conversion from 'size_t' to 'int', possible loss of data
  .\similarity_search\include\method/small_world_rand.h(90): warning C4267: 'initializing': conversion from 'size_t' to 'similarity::IdType', possible loss of data
  .\similarity_search\include\distcomp.h(260): warning C4244: 'initializing': conversion from 'size_t' to 'float', possible loss of data
  .\similarity_search\include\space/space_sparse_bin_common.h(149): warning C4267: '+=': conversion from 'size_t' to 'unsigned int', possible loss of data
  .\similarity_search\include\space/space_sparse_bin_common.h(183): warning C4267: '+=': conversion from 'size_t' to 'unsigned int', possible loss of data
  C:\Users\maze2\AppData\Local\Temp\pip-install-gjqj2etw\nmslib_760c4860d60c46ad9a07313ddb25ac3c\similarity_search\include\space\space_bit_vector.h(143): warning C4267: 'argument': conversion from 'size_t' to '_Ty', possible loss of data
          with
          [
              _Ty=std::seed_seq::result_type
          ]
  C:\Users\maze2\AppData\Local\Temp\pip-install-gjqj2etw\nmslib_760c4860d60c46ad9a07313ddb25ac3c\similarity_search\include\space\space_bit_vector.h(143): note: the template instantiation context (the oldest one first) is
  .\similarity_search\include\factory/init_spaces.h(49): note: see reference to function template instantiation 'similarity::Space<float> *similarity::CreateBitJaccard<float,uint32_t>(const similarity::AnyParams &)' being compiled
  .\similarity_search\include\factory/space/space_bit_jaccard.h(28): note: see reference to class template instantiation 'similarity::SpaceBitJaccard<dist_t,dist_uint_t>' being compiled
          with
          [
              dist_t=float,
              dist_uint_t=uint32_t
          ]
  .\similarity_search\include\space/space_bit_jaccard.h(35): note: see reference to class template instantiation 'similarity::SpaceBitVector<dist_t,dist_uint_t>' being compiled
          with
          [
              dist_t=float,
              dist_uint_t=uint32_t
          ]
  C:\Users\maze2\AppData\Local\Temp\pip-install-gjqj2etw\nmslib_760c4860d60c46ad9a07313ddb25ac3c\similarity_search\include\space\space_bit_vector.h(142): note: while compiling class template member function 'similarity::Object *similarity::SpaceBitVector<dist_t,dist_uint_t>::CreateObjFromVect(similarity::IdType,similarity::LabelType,std::vector<std::seed_seq::result_type,std::allocator<std::seed_seq::result_type>> &) const'
          with
          [
              dist_t=float,
              dist_uint_t=uint32_t
          ]
  C:\Users\maze2\AppData\Local\Temp\pip-install-gjqj2etw\nmslib_760c4860d60c46ad9a07313ddb25ac3c\similarity_search\include\space\space_bit_vector.h(60): warning C4267: '=': conversion from 'size_t' to 'unsigned int', possible loss of data
  C:\Users\maze2\AppData\Local\Temp\pip-install-gjqj2etw\nmslib_760c4860d60c46ad9a07313ddb25ac3c\similarity_search\include\space\space_bit_vector.h(60): note: the template instantiation context (the oldest one first) is
  C:\Users\maze2\AppData\Local\Temp\pip-install-gjqj2etw\nmslib_760c4860d60c46ad9a07313ddb25ac3c\similarity_search\include\space\space_bit_vector.h(46): note: while compiling class template member function 'std::unique_ptr<similarity::Object,std::default_delete<similarity::Object>> similarity::SpaceBitVector<dist_t,dist_uint_t>::CreateObjFromStr(similarity::IdType,similarity::LabelType,const std::string &,similarity::DataFileInputState *) const'
          with
          [
              dist_t=float,
              dist_uint_t=uint32_t
          ]
  C:\Users\maze2\AppData\Local\Temp\pip-install-gjqj2etw\nmslib_760c4860d60c46ad9a07313ddb25ac3c\similarity_search\include\space\space_bit_vector.h(201): warning C4267: 'argument': conversion from 'size_t' to '_Ty', possible loss of data
          with
          [
              _Ty=std::seed_seq::result_type
          ]
  C:\Users\maze2\AppData\Local\Temp\pip-install-gjqj2etw\nmslib_760c4860d60c46ad9a07313ddb25ac3c\similarity_search\include\space\space_bit_vector.h(201): note: the template instantiation context (the oldest one first) is
  C:\Users\maze2\AppData\Local\Temp\pip-install-gjqj2etw\nmslib_760c4860d60c46ad9a07313ddb25ac3c\similarity_search\include\space\space_bit_vector.h(156): note: while compiling class template member function 'void similarity::SpaceBitVector<dist_t,dist_uint_t>::ReadBitMaskVect(std::string,similarity::LabelType &,std::vector<std::seed_seq::result_type,std::allocator<std::seed_seq::result_type>> &) const'
          with
          [
              dist_t=float,
              dist_uint_t=uint32_t
          ]
  C:\Users\maze2\AppData\Local\Temp\pip-install-gjqj2etw\nmslib_760c4860d60c46ad9a07313ddb25ac3c\similarity_search\include\space\space_bit_vector.h(57): note: see the first reference to 'similarity::SpaceBitVector<dist_t,dist_uint_t>::ReadBitMaskVect' in 'similarity::SpaceBitVector<dist_t,dist_uint_t>::CreateObjFromStr'
          with
          [
              dist_t=float,
              dist_uint_t=uint32_t
          ]
  "C:\Program Files (x86)\Microsoft Visual Studio\2022\BuildTools\VC\Tools\MSVC\14.43.34808\bin\HostX86\x64\cl.exe" /c /nologo /O2 /W3 /GL /DNDEBUG /MD -I.\similarity_search\include -Itensorflow -IC:\Users\maze2\AppData\Roaming\Python\Python310\site-packages\pybind11\include -IC:\Users\maze2\AppData\Roaming\Python\Python310\site-packages\pybind11\include -IC:\Users\maze2\AppData\Roaming\Python\Python310\site-packages\pybind11\include -IC:\Users\maze2\AppData\Roaming\Python\Python310\site-packages\pybind11\include -IC:\Users\maze2\AppData\Roaming\Python\Python310\site-packages\numpy\core\include "-IC:\Program Files\Python310\include" "-IC:\Program Files\Python310\Include" "-IC:\Program Files (x86)\Microsoft Visual Studio\2022\BuildTools\VC\Tools\MSVC\14.43.34808\include" "-IC:\Program Files (x86)\Microsoft Visual Studio\2022\BuildTools\VC\Auxiliary\VS\include" "-IC:\Program Files (x86)\Windows Kits\10\include\10.0.22621.0\ucrt" "-IC:\Program Files (x86)\Windows Kits\10\\include\10.0.22621.0\\um" "-IC:\Program Files (x86)\Windows Kits\10\\include\10.0.22621.0\\shared" "-IC:\Program Files (x86)\Windows Kits\10\\include\10.0.22621.0\\winrt" "-IC:\Program Files (x86)\Windows Kits\10\\include\10.0.22621.0\\cppwinrt" /EHsc /Tp.\similarity_search\src\knnquery.cc /Fobuild\temp.win-amd64-cpython-310\Release\.\similarity_search\src\knnquery.obj /EHsc /openmp /O2 /DVERSION_INFO=\\\"2.1.1\\\"
  knnquery.cc
  C:\Users\maze2\AppData\Local\Temp\pip-install-gjqj2etw\nmslib_760c4860d60c46ad9a07313ddb25ac3c\similarity_search\include\object.h(127): warning C4267: '=': conversion from 'size_t' to 'int', possible loss of data
  .\similarity_search\src\knnquery.cc(63): warning C4267: 'return': conversion from 'size_t' to 'unsigned int', possible loss of data
  .\similarity_search\src\knnquery.cc(63): note: the template instantiation context (the oldest one first) is
  .\similarity_search\src\knnquery.cc(134): note: see reference to class template instantiation 'similarity::KNNQuery<float>' being compiled
  .\similarity_search\src\knnquery.cc(62): note: while compiling class template member function 'unsigned int similarity::KNNQuery<float>::ResultSize(void) const'
  "C:\Program Files (x86)\Microsoft Visual Studio\2022\BuildTools\VC\Tools\MSVC\14.43.34808\bin\HostX86\x64\cl.exe" /c /nologo /O2 /W3 /GL /DNDEBUG /MD -I.\similarity_search\include -Itensorflow -IC:\Users\maze2\AppData\Roaming\Python\Python310\site-packages\pybind11\include -IC:\Users\maze2\AppData\Roaming\Python\Python310\site-packages\pybind11\include -IC:\Users\maze2\AppData\Roaming\Python\Python310\site-packages\pybind11\include -IC:\Users\maze2\AppData\Roaming\Python\Python310\site-packages\pybind11\include -IC:\Users\maze2\AppData\Roaming\Python\Python310\site-packages\numpy\core\include "-IC:\Program Files\Python310\include" "-IC:\Program Files\Python310\Include" "-IC:\Program Files (x86)\Microsoft Visual Studio\2022\BuildTools\VC\Tools\MSVC\14.43.34808\include" "-IC:\Program Files (x86)\Microsoft Visual Studio\2022\BuildTools\VC\Auxiliary\VS\include" "-IC:\Program Files (x86)\Windows Kits\10\include\10.0.22621.0\ucrt" "-IC:\Program Files (x86)\Windows Kits\10\\include\10.0.22621.0\\um" "-IC:\Program Files (x86)\Windows Kits\10\\include\10.0.22621.0\\shared" "-IC:\Program Files (x86)\Windows Kits\10\\include\10.0.22621.0\\winrt" "-IC:\Program Files (x86)\Windows Kits\10\\include\10.0.22621.0\\cppwinrt" /EHsc /Tp.\similarity_search\src\logging.cc /Fobuild\temp.win-amd64-cpython-310\Release\.\similarity_search\src\logging.obj /EHsc /openmp /O2 /DVERSION_INFO=\\\"2.1.1\\\"
  logging.cc
  "C:\Program Files (x86)\Microsoft Visual Studio\2022\BuildTools\VC\Tools\MSVC\14.43.34808\bin\HostX86\x64\cl.exe" /c /nologo /O2 /W3 /GL /DNDEBUG /MD -I.\similarity_search\include -Itensorflow -IC:\Users\maze2\AppData\Roaming\Python\Python310\site-packages\pybind11\include -IC:\Users\maze2\AppData\Roaming\Python\Python310\site-packages\pybind11\include -IC:\Users\maze2\AppData\Roaming\Python\Python310\site-packages\pybind11\include -IC:\Users\maze2\AppData\Roaming\Python\Python310\site-packages\pybind11\include -IC:\Users\maze2\AppData\Roaming\Python\Python310\site-packages\numpy\core\include "-IC:\Program Files\Python310\include" "-IC:\Program Files\Python310\Include" "-IC:\Program Files (x86)\Microsoft Visual Studio\2022\BuildTools\VC\Tools\MSVC\14.43.34808\include" "-IC:\Program Files (x86)\Microsoft Visual Studio\2022\BuildTools\VC\Auxiliary\VS\include" "-IC:\Program Files (x86)\Windows Kits\10\include\10.0.22621.0\ucrt" "-IC:\Program Files (x86)\Windows Kits\10\\include\10.0.22621.0\\um" "-IC:\Program Files (x86)\Windows Kits\10\\include\10.0.22621.0\\shared" "-IC:\Program Files (x86)\Windows Kits\10\\include\10.0.22621.0\\winrt" "-IC:\Program Files (x86)\Windows Kits\10\\include\10.0.22621.0\\cppwinrt" /EHsc /Tp.\similarity_search\src\memory.cc /Fobuild\temp.win-amd64-cpython-310\Release\.\similarity_search\src\memory.obj /EHsc /openmp /O2 /DVERSION_INFO=\\\"2.1.1\\\"
  memory.cc
  "C:\Program Files (x86)\Microsoft Visual Studio\2022\BuildTools\VC\Tools\MSVC\14.43.34808\bin\HostX86\x64\cl.exe" /c /nologo /O2 /W3 /GL /DNDEBUG /MD -I.\similarity_search\include -Itensorflow -IC:\Users\maze2\AppData\Roaming\Python\Python310\site-packages\pybind11\include -IC:\Users\maze2\AppData\Roaming\Python\Python310\site-packages\pybind11\include -IC:\Users\maze2\AppData\Roaming\Python\Python310\site-packages\pybind11\include -IC:\Users\maze2\AppData\Roaming\Python\Python310\site-packages\pybind11\include -IC:\Users\maze2\AppData\Roaming\Python\Python310\site-packages\numpy\core\include "-IC:\Program Files\Python310\include" "-IC:\Program Files\Python310\Include" "-IC:\Program Files (x86)\Microsoft Visual Studio\2022\BuildTools\VC\Tools\MSVC\14.43.34808\include" "-IC:\Program Files (x86)\Microsoft Visual Studio\2022\BuildTools\VC\Auxiliary\VS\include" "-IC:\Program Files (x86)\Windows Kits\10\include\10.0.22621.0\ucrt" "-IC:\Program Files (x86)\Windows Kits\10\\include\10.0.22621.0\\um" "-IC:\Program Files (x86)\Windows Kits\10\\include\10.0.22621.0\\shared" "-IC:\Program Files (x86)\Windows Kits\10\\include\10.0.22621.0\\winrt" "-IC:\Program Files (x86)\Windows Kits\10\\include\10.0.22621.0\\cppwinrt" /EHsc /Tp.\similarity_search\src\method\dummy.cc /Fobuild\temp.win-amd64-cpython-310\Release\.\similarity_search\src\method\dummy.obj /EHsc /openmp /O2 /DVERSION_INFO=\\\"2.1.1\\\"
  dummy.cc
  C:\Users\maze2\AppData\Local\Temp\pip-install-gjqj2etw\nmslib_760c4860d60c46ad9a07313ddb25ac3c\similarity_search\include\object.h(127): warning C4267: '=': conversion from 'size_t' to 'int', possible loss of data
  "C:\Program Files (x86)\Microsoft Visual Studio\2022\BuildTools\VC\Tools\MSVC\14.43.34808\bin\HostX86\x64\cl.exe" /c /nologo /O2 /W3 /GL /DNDEBUG /MD -I.\similarity_search\include -Itensorflow -IC:\Users\maze2\AppData\Roaming\Python\Python310\site-packages\pybind11\include -IC:\Users\maze2\AppData\Roaming\Python\Python310\site-packages\pybind11\include -IC:\Users\maze2\AppData\Roaming\Python\Python310\site-packages\pybind11\include -IC:\Users\maze2\AppData\Roaming\Python\Python310\site-packages\pybind11\include -IC:\Users\maze2\AppData\Roaming\Python\Python310\site-packages\numpy\core\include "-IC:\Program Files\Python310\include" "-IC:\Program Files\Python310\Include" "-IC:\Program Files (x86)\Microsoft Visual Studio\2022\BuildTools\VC\Tools\MSVC\14.43.34808\include" "-IC:\Program Files (x86)\Microsoft Visual Studio\2022\BuildTools\VC\Auxiliary\VS\include" "-IC:\Program Files (x86)\Windows Kits\10\include\10.0.22621.0\ucrt" "-IC:\Program Files (x86)\Windows Kits\10\\include\10.0.22621.0\\um" "-IC:\Program Files (x86)\Windows Kits\10\\include\10.0.22621.0\\shared" "-IC:\Program Files (x86)\Windows Kits\10\\include\10.0.22621.0\\winrt" "-IC:\Program Files (x86)\Windows Kits\10\\include\10.0.22621.0\\cppwinrt" /EHsc /Tp.\similarity_search\src\method\hnsw.cc /Fobuild\temp.win-amd64-cpython-310\Release\.\similarity_search\src\method\hnsw.obj /EHsc /openmp /O2 /DVERSION_INFO=\\\"2.1.1\\\"
  hnsw.cc
  C:\Users\maze2\AppData\Local\Temp\pip-install-gjqj2etw\nmslib_760c4860d60c46ad9a07313ddb25ac3c\similarity_search\include\object.h(127): warning C4267: '=': conversion from 'size_t' to 'int', possible loss of data
  .\similarity_search\include\distcomp.h(260): warning C4244: 'initializing': conversion from 'size_t' to 'float', possible loss of data
  .\similarity_search\include\method/hnsw_distfunc_opt_impl_inline.h(178) : INFO: L2Sqr16Ext: using SSE2 version
  .\similarity_search\include\method/hnsw_distfunc_opt_impl_inline.h(222) : INFO: L2SqrExt: using SSE2 version
  .\similarity_search\include\method/hnsw_distfunc_opt_impl_inline.h(286) : INFO: ScalarProduct: using SSE2 version
  .\similarity_search\include\method/hnsw.h(481): warning C4244: 'initializing': conversion from 'double' to 'float', possible loss of data
  .\similarity_search\include\method/hnsw.h(481): note: the template instantiation context (the oldest one first) is
  .\similarity_search\src\method\hnsw.cc(1304): note: see reference to class template instantiation 'similarity::Hnsw<int>' being compiled
  .\similarity_search\include\method/hnsw.h(478): note: while compiling class template member function 'int similarity::Hnsw<int>::getRandomLevel(double)'
  .\similarity_search\src\method\hnsw.cc(229): warning C4267: 'argument': conversion from 'size_t' to 'int', possible loss of data
  .\similarity_search\src\method\hnsw.cc(229): note: the template instantiation context (the oldest one first) is
  .\similarity_search\src\method\hnsw.cc(186): note: while compiling class template member function 'void similarity::Hnsw<float>::CreateIndex(const similarity::AnyParams &)'
  .\similarity_search\src\method\hnsw.cc(229): warning C4267: 'argument': conversion from 'size_t' to 'int', possible loss of data
  .\similarity_search\src\method\hnsw.cc(234): warning C4267: 'argument': conversion from 'size_t' to 'int', possible loss of data
  .\similarity_search\src\method\hnsw.cc(234): warning C4267: 'argument': conversion from 'size_t' to 'int', possible loss of data
  .\similarity_search\src\method\hnsw.cc(236): warning C4267: 'argument': conversion from 'size_t' to 'unsigned long', possible loss of data
  .\similarity_search\src\method\hnsw.cc(256): warning C4267: 'argument': conversion from 'size_t' to 'int', possible loss of data
  .\similarity_search\src\method\hnsw.cc(256): warning C4267: 'argument': conversion from 'size_t' to 'int', possible loss of data
  .\similarity_search\src\method\hnsw.cc(261): warning C4267: 'argument': conversion from 'size_t' to 'unsigned long', possible loss of data
  .\similarity_search\src\method\hnsw.cc(266): warning C4267: 'initializing': conversion from 'size_t' to 'int', possible loss of data
  .\similarity_search\src\method\hnsw.cc(294): warning C4267: '=': conversion from 'size_t' to 'int', possible loss of data
  .\similarity_search\src\method\hnsw.cc(299): warning C4267: 'initializing': conversion from 'size_t' to 'int', possible loss of data
  .\similarity_search\src\method\hnsw.cc(311): warning C4267: 'argument': conversion from 'size_t' to 'const int', possible loss of data
  .\similarity_search\src\method\hnsw.cc(314): warning C4267: 'argument': conversion from 'size_t' to 'const int', possible loss of data
  .\similarity_search\src\method\hnsw.cc(324): warning C4267: 'initializing': conversion from 'size_t' to 'int', possible loss of data
  .\similarity_search\src\method\hnsw.cc(345): warning C4267: '=': conversion from 'size_t' to 'unsigned int', possible loss of data
  .\similarity_search\src\method\hnsw.cc(353): warning C4267: 'initializing': conversion from 'size_t' to 'int', possible loss of data
  .\similarity_search\src\method\hnsw.cc(359): warning C4267: '=': conversion from 'size_t' to 'int', possible loss of data
  .\similarity_search\src\method\hnsw.cc(459): warning C4267: 'initializing': conversion from 'size_t' to 'similarity::SIZEMASS_TYPE', possible loss of data
  .\similarity_search\src\method\hnsw.cc(1245): warning C4267: 'initializing': conversion from 'size_t' to 'similarity::IdType', possible loss of data
  .\similarity_search\src\method\hnsw.cc(1245): note: the template instantiation context (the oldest one first) is
  .\similarity_search\src\method\hnsw.cc(1177): note: while compiling class template member function 'void similarity::Hnsw<float>::baseSearchAlgorithmV1Merge(similarity::KNNQuery<dist_t> *)'
          with
          [
              dist_t=float
          ]
  .\similarity_search\src\method\hnsw.cc(732): note: see the first reference to 'similarity::Hnsw<float>::baseSearchAlgorithmV1Merge' in 'similarity::Hnsw<float>::Search'
  .\similarity_search\src\method\hnsw.cc(1277): warning C4267: '=': conversion from 'size_t' to 'int_fast32_t', possible loss of data
  .\similarity_search\src\method\hnsw.cc(1285): warning C4267: '=': conversion from 'size_t' to 'int_fast32_t', possible loss of data
  .\similarity_search\src\method\hnsw.cc(777): warning C4267: '=': conversion from 'size_t' to 'unsigned int', possible loss of data
  .\similarity_search\src\method\hnsw.cc(777): note: the template instantiation context (the oldest one first) is
  .\similarity_search\src\method\hnsw.cc(776): note: while compiling class template member function 'void similarity::Hnsw<float>::SaveOptimizedIndex(std::ostream &)'
  .\similarity_search\src\method\hnsw.cc(768): note: see the first reference to 'similarity::Hnsw<float>::SaveOptimizedIndex' in 'similarity::Hnsw<float>::SaveIndex'
  .\similarity_search\src\method\hnsw.cc(800): warning C4267: 'initializing': conversion from 'size_t' to 'similarity::SIZEMASS_TYPE', possible loss of data
  .\similarity_search\src\method\hnsw.cc(811): warning C4267: '=': conversion from 'size_t' to 'unsigned int', possible loss of data
  .\similarity_search\src\method\hnsw.cc(811): note: the template instantiation context (the oldest one first) is
  .\similarity_search\src\method\hnsw.cc(810): note: while compiling class template member function 'void similarity::Hnsw<float>::SaveRegularIndexBin(std::ostream &)'
  .\similarity_search\src\method\hnsw.cc(765): note: see the first reference to 'similarity::Hnsw<float>::SaveRegularIndexBin' in 'similarity::Hnsw<float>::SaveIndex'
  .\similarity_search\src\method\hnsw.cc(832): warning C4267: 'initializing': conversion from 'size_t' to 'unsigned int', possible loss of data
  .\similarity_search\src\method\hnsw.cc(835): warning C4267: 'initializing': conversion from 'size_t' to 'similarity::IdType', possible loss of data
  .\similarity_search\src\method\hnsw.cc(985): warning C4018: '<': signed/unsigned mismatch
  .\similarity_search\src\method\hnsw.cc(985): note: the template instantiation context (the oldest one first) is
  .\similarity_search\src\method\hnsw.cc(943): note: while compiling class template member function 'void similarity::Hnsw<float>::LoadRegularIndexBin(std::istream &)'
  .\similarity_search\src\method\hnsw.cc(1011): note: see the first reference to 'similarity::Hnsw<float>::LoadRegularIndexBin' in 'similarity::Hnsw<float>::LoadIndex'
  .\similarity_search\src\method\hnsw.cc(848): warning C4267: '=': conversion from 'size_t' to 'unsigned int', possible loss of data
  .\similarity_search\src\method\hnsw.cc(848): note: the template instantiation context (the oldest one first) is
  .\similarity_search\src\method\hnsw.cc(844): note: while compiling class template member function 'void similarity::Hnsw<float>::SaveRegularIndexText(std::ostream &)'
  .\similarity_search\src\method\hnsw.cc(871): warning C4267: 'initializing': conversion from 'size_t' to 'unsigned int', possible loss of data
  .\similarity_search\src\method\hnsw.cc(875): warning C4267: '=': conversion from 'size_t' to '_Ty', possible loss of data
          with
          [
              _Ty=similarity::IdType
          ]
  .\similarity_search\src\method\hnsw.cc(921): warning C4267: 'initializing': conversion from 'size_t' to 'unsigned int', possible loss of data
  .\similarity_search\src\method\hnsw.cc(921): note: the template instantiation context (the oldest one first) is
  .\similarity_search\src\method\hnsw.cc(886): note: while compiling class template member function 'void similarity::Hnsw<float>::LoadRegularIndexText(std::istream &)'
  .\similarity_search\src\method\hnsw.cc(927): warning C4018: '<': signed/unsigned mismatch
  .\similarity_search\src\method\hnsw.cc(543): warning C4267: 'argument': conversion from 'size_t' to 'int', possible loss of data
  .\similarity_search\src\method\hnsw.cc(543): note: the template instantiation context (the oldest one first) is
  .\similarity_search\src\method\hnsw.cc(537): note: while compiling class template member function 'void similarity::Hnsw<float>::add(const similarity::Space<dist_t> *,similarity::HnswNode *)'
          with
          [
              dist_t=float
          ]
  .\similarity_search\src\method\hnsw.cc(240): note: see the first reference to 'similarity::Hnsw<float>::add' in 'similarity::Hnsw<float>::CreateIndex::<lambda_db106ab6d3eac06c068368bc9886428f>::operator ()'
  .\similarity_search\src\method\hnsw.cc(543): warning C4267: 'argument': conversion from 'size_t' to 'int', possible loss of data
  .\similarity_search\src\method\hnsw.cc(559): warning C4267: 'initializing': conversion from 'size_t' to 'int', possible loss of data
  .\similarity_search\src\method\hnsw.cc(588): warning C4267: 'argument': conversion from 'size_t' to 'const int', possible loss of data
  .\similarity_search\src\method\hnsw.cc(591): warning C4267: 'argument': conversion from 'size_t' to 'const int', possible loss of data
  .\similarity_search\src\method\hnsw.cc(594): warning C4267: 'argument': conversion from 'size_t' to 'const int', possible loss of data
  .\similarity_search\include\method/hnsw.h(290): warning C4267: 'argument': conversion from 'size_t' to 'const int', possible loss of data
  .\similarity_search\include\method/hnsw.h(290): note: the template instantiation context (the oldest one first) is
  .\similarity_search\include\method/hnsw.h(517): note: while compiling class template member function 'void similarity::Hnsw<int>::link(similarity::HnswNode *,similarity::HnswNode *,int,const similarity::Space<dist_t> *,int)'
          with
          [
              dist_t=int
          ]
  .\similarity_search\include\method/hnsw.h(521): note: see reference to function template instantiation 'void similarity::HnswNode::addFriendlevel<dist_t>(int,similarity::HnswNode *,const similarity::Space<dist_t> *,int)' being compiled
          with
          [
              dist_t=int
          ]
  .\similarity_search\include\method/hnsw.h(292): warning C4267: 'argument': conversion from 'size_t' to 'const int', possible loss of data
  .\similarity_search\include\method/hnsw.h(294): warning C4267: 'argument': conversion from 'size_t' to 'const int', possible loss of data
  .\similarity_search\include\thread_pool.h(69): warning C4267: 'argument': conversion from 'size_t' to 'int', possible loss of data
  .\similarity_search\include\thread_pool.h(69): note: the template instantiation context (the oldest one first) is
  .\similarity_search\src\method\hnsw.cc(186): note: while compiling class template member function 'void similarity::Hnsw<float>::CreateIndex(const similarity::AnyParams &)'
  .\similarity_search\src\method\hnsw.cc(238): note: see reference to function template instantiation 'void similarity::ParallelFor<similarity::Hnsw<float>::CreateIndex::<lambda_db106ab6d3eac06c068368bc9886428f>>(size_t,size_t,size_t,Function)' being compiled
          with
          [
              Function=similarity::Hnsw<float>::CreateIndex::<lambda_db106ab6d3eac06c068368bc9886428f>
          ]
  .\similarity_search\include\thread_pool.h(90): warning C4267: 'argument': conversion from 'size_t' to 'int', possible loss of data
  .\similarity_search\include\thread_pool.h(90): warning C4267: 'argument': conversion from 'size_t' to 'int', possible loss of data
  .\similarity_search\include\method/hnsw.h(175): warning C4267: 'initializing': conversion from 'size_t' to 'int', possible loss of data
  .\similarity_search\include\method/hnsw.h(175): note: the template instantiation context (the oldest one first) is
  .\similarity_search\src\method\hnsw.cc(314): note: see reference to function template instantiation 'void similarity::HnswNode::getNeighborsByHeuristic3<dist_t>(std::priority_queue<similarity::HnswNodeDistCloser<dist_t>,std::vector<similarity::HnswNodeDistCloser<dist_t>,std::allocator<similarity::HnswNodeDistCloser<dist_t>>>,std::less<_Ty>> &,const int,const similarity::Space<dist_t> *,int)' being compiled
          with
          [
              dist_t=float,
              _Ty=similarity::HnswNodeDistCloser<float>
          ]
  .\similarity_search\include\method/hnsw.h(195): warning C4267: 'initializing': conversion from 'size_t' to 'int', possible loss of data
  "C:\Program Files (x86)\Microsoft Visual Studio\2022\BuildTools\VC\Tools\MSVC\14.43.34808\bin\HostX86\x64\cl.exe" /c /nologo /O2 /W3 /GL /DNDEBUG /MD -I.\similarity_search\include -Itensorflow -IC:\Users\maze2\AppData\Roaming\Python\Python310\site-packages\pybind11\include -IC:\Users\maze2\AppData\Roaming\Python\Python310\site-packages\pybind11\include -IC:\Users\maze2\AppData\Roaming\Python\Python310\site-packages\pybind11\include -IC:\Users\maze2\AppData\Roaming\Python\Python310\site-packages\pybind11\include -IC:\Users\maze2\AppData\Roaming\Python\Python310\site-packages\numpy\core\include "-IC:\Program Files\Python310\include" "-IC:\Program Files\Python310\Include" "-IC:\Program Files (x86)\Microsoft Visual Studio\2022\BuildTools\VC\Tools\MSVC\14.43.34808\include" "-IC:\Program Files (x86)\Microsoft Visual Studio\2022\BuildTools\VC\Auxiliary\VS\include" "-IC:\Program Files (x86)\Windows Kits\10\include\10.0.22621.0\ucrt" "-IC:\Program Files (x86)\Windows Kits\10\\include\10.0.22621.0\\um" "-IC:\Program Files (x86)\Windows Kits\10\\include\10.0.22621.0\\shared" "-IC:\Program Files (x86)\Windows Kits\10\\include\10.0.22621.0\\winrt" "-IC:\Program Files (x86)\Windows Kits\10\\include\10.0.22621.0\\cppwinrt" /EHsc /Tp.\similarity_search\src\method\hnsw_distfunc_opt.cc /Fobuild\temp.win-amd64-cpython-310\Release\.\similarity_search\src\method\hnsw_distfunc_opt.obj /EHsc /openmp /O2 /DVERSION_INFO=\\\"2.1.1\\\"
  hnsw_distfunc_opt.cc
  C:\Users\maze2\AppData\Local\Temp\pip-install-gjqj2etw\nmslib_760c4860d60c46ad9a07313ddb25ac3c\similarity_search\include\object.h(127): warning C4267: '=': conversion from 'size_t' to 'int', possible loss of data
  .\similarity_search\include\distcomp.h(260): warning C4244: 'initializing': conversion from 'size_t' to 'float', possible loss of data
  .\similarity_search\include\method/hnsw_distfunc_opt_impl_inline.h(178) : INFO: L2Sqr16Ext: using SSE2 version
  .\similarity_search\include\method/hnsw_distfunc_opt_impl_inline.h(222) : INFO: L2SqrExt: using SSE2 version
  .\similarity_search\include\method/hnsw_distfunc_opt_impl_inline.h(286) : INFO: ScalarProduct: using SSE2 version
  .\similarity_search\include\method/hnsw.h(481): warning C4244: 'initializing': conversion from 'double' to 'float', possible loss of data
  .\similarity_search\include\method/hnsw.h(481): note: the template instantiation context (the oldest one first) is
  .\similarity_search\src\method\hnsw_distfunc_opt.cc(286): note: see reference to class template instantiation 'similarity::Hnsw<int>' being compiled
  .\similarity_search\include\method/hnsw.h(478): note: while compiling class template member function 'int similarity::Hnsw<int>::getRandomLevel(double)'
  .\similarity_search\src\method\hnsw_distfunc_opt.cc(258): warning C4267: '=': conversion from 'size_t' to 'int_fast32_t', possible loss of data
  .\similarity_search\src\method\hnsw_distfunc_opt.cc(258): note: the template instantiation context (the oldest one first) is
  .\similarity_search\src\method\hnsw_distfunc_opt.cc(155): note: while compiling class template member function 'void similarity::Hnsw<float>::SearchV1Merge(similarity::KNNQuery<dist_t> *,bool)'
          with
          [
              dist_t=float
          ]
  .\similarity_search\src\method\hnsw_distfunc_opt.cc(264): warning C4267: '=': conversion from 'size_t' to 'int_fast32_t', possible loss of data
  .\similarity_search\src\method\hnsw_distfunc_opt.cc(276): warning C4018: '<': signed/unsigned mismatch
  .\similarity_search\src\method\hnsw_distfunc_opt.cc(64): warning C4244: 'initializing': conversion from 'float' to 'dist_t', possible loss of data
          with
          [
              dist_t=int
          ]
  .\similarity_search\src\method\hnsw_distfunc_opt.cc(64): note: the template instantiation context (the oldest one first) is
  .\similarity_search\src\method\hnsw_distfunc_opt.cc(49): note: while compiling class template member function 'void similarity::Hnsw<int>::SearchOld(similarity::KNNQuery<dist_t> *,bool)'
          with
          [
              dist_t=int
          ]
  .\similarity_search\src\method\hnsw_distfunc_opt.cc(83): warning C4244: 'initializing': conversion from 'float' to 'dist_t', possible loss of data
          with
          [
              dist_t=int
          ]
  .\similarity_search\src\method\hnsw_distfunc_opt.cc(133): warning C4244: 'initializing': conversion from 'float' to 'dist_t', possible loss of data
          with
          [
              dist_t=int
          ]
  .\similarity_search\src\method\hnsw_distfunc_opt.cc(170): warning C4244: 'initializing': conversion from 'float' to 'dist_t', possible loss of data
          with
          [
              dist_t=int
          ]
  .\similarity_search\src\method\hnsw_distfunc_opt.cc(170): note: the template instantiation context (the oldest one first) is
  .\similarity_search\src\method\hnsw_distfunc_opt.cc(155): note: while compiling class template member function 'void similarity::Hnsw<int>::SearchV1Merge(similarity::KNNQuery<dist_t> *,bool)'
          with
          [
              dist_t=int
          ]
  .\similarity_search\src\method\hnsw_distfunc_opt.cc(189): warning C4244: 'initializing': conversion from 'float' to 'dist_t', possible loss of data
          with
          [
              dist_t=int
          ]
  .\similarity_search\src\method\hnsw_distfunc_opt.cc(238): warning C4244: 'initializing': conversion from 'float' to 'dist_t', possible loss of data
          with
          [
              dist_t=int
          ]
  .\similarity_search\include\method/hnsw.h(290): warning C4267: 'argument': conversion from 'size_t' to 'const int', possible loss of data
  .\similarity_search\include\method/hnsw.h(290): note: the template instantiation context (the oldest one first) is
  .\similarity_search\include\method/hnsw.h(517): note: while compiling class template member function 'void similarity::Hnsw<int>::link(similarity::HnswNode *,similarity::HnswNode *,int,const similarity::Space<dist_t> *,int)'
          with
          [
              dist_t=int
          ]
  .\similarity_search\include\method/hnsw.h(521): note: see reference to function template instantiation 'void similarity::HnswNode::addFriendlevel<dist_t>(int,similarity::HnswNode *,const similarity::Space<dist_t> *,int)' being compiled
          with
          [
              dist_t=int
          ]
  .\similarity_search\include\method/hnsw.h(292): warning C4267: 'argument': conversion from 'size_t' to 'const int', possible loss of data
  .\similarity_search\include\method/hnsw.h(294): warning C4267: 'argument': conversion from 'size_t' to 'const int', possible loss of data
  .\similarity_search\include\method/hnsw.h(175): warning C4267: 'initializing': conversion from 'size_t' to 'int', possible loss of data
  .\similarity_search\include\method/hnsw.h(175): note: the template instantiation context (the oldest one first) is
  .\similarity_search\include\method/hnsw.h(521): note: see reference to function template instantiation 'void similarity::HnswNode::addFriendlevel<dist_t>(int,similarity::HnswNode *,const similarity::Space<dist_t> *,int)' being compiled
          with
          [
              dist_t=int
          ]
  .\similarity_search\include\method/hnsw.h(294): note: see reference to function template instantiation 'void similarity::HnswNode::getNeighborsByHeuristic3<dist_t>(std::priority_queue<similarity::HnswNodeDistCloser<dist_t>,std::vector<similarity::HnswNodeDistCloser<dist_t>,std::allocator<similarity::HnswNodeDistCloser<dist_t>>>,std::less<_Ty>> &,const int,const similarity::Space<dist_t> *,int)' being compiled
          with
          [
              dist_t=int,
              _Ty=similarity::HnswNodeDistCloser<int>
          ]
  .\similarity_search\include\method/hnsw.h(195): warning C4267: 'initializing': conversion from 'size_t' to 'int', possible loss of data
  "C:\Program Files (x86)\Microsoft Visual Studio\2022\BuildTools\VC\Tools\MSVC\14.43.34808\bin\HostX86\x64\cl.exe" /c /nologo /O2 /W3 /GL /DNDEBUG /MD -I.\similarity_search\include -Itensorflow -IC:\Users\maze2\AppData\Roaming\Python\Python310\site-packages\pybind11\include -IC:\Users\maze2\AppData\Roaming\Python\Python310\site-packages\pybind11\include -IC:\Users\maze2\AppData\Roaming\Python\Python310\site-packages\pybind11\include -IC:\Users\maze2\AppData\Roaming\Python\Python310\site-packages\pybind11\include -IC:\Users\maze2\AppData\Roaming\Python\Python310\site-packages\numpy\core\include "-IC:\Program Files\Python310\include" "-IC:\Program Files\Python310\Include" "-IC:\Program Files (x86)\Microsoft Visual Studio\2022\BuildTools\VC\Tools\MSVC\14.43.34808\include" "-IC:\Program Files (x86)\Microsoft Visual Studio\2022\BuildTools\VC\Auxiliary\VS\include" "-IC:\Program Files (x86)\Windows Kits\10\include\10.0.22621.0\ucrt" "-IC:\Program Files (x86)\Windows Kits\10\\include\10.0.22621.0\\um" "-IC:\Program Files (x86)\Windows Kits\10\\include\10.0.22621.0\\shared" "-IC:\Program Files (x86)\Windows Kits\10\\include\10.0.22621.0\\winrt" "-IC:\Program Files (x86)\Windows Kits\10\\include\10.0.22621.0\\cppwinrt" /EHsc /Tp.\similarity_search\src\method\pivot_neighb_invindx.cc /Fobuild\temp.win-amd64-cpython-310\Release\.\similarity_search\src\method\pivot_neighb_invindx.obj /EHsc /openmp /O2 /DVERSION_INFO=\\\"2.1.1\\\"
  pivot_neighb_invindx.cc
  C:\Users\maze2\AppData\Local\Temp\pip-install-gjqj2etw\nmslib_760c4860d60c46ad9a07313ddb25ac3c\similarity_search\include\object.h(127): warning C4267: '=': conversion from 'size_t' to 'int', possible loss of data
  .\similarity_search\include\permutation_utils.h(175): warning C4334: '<<': result of 32-bit shift implicitly converted to 64 bits (was 64-bit shift intended?)
  .\similarity_search\include\method/pivot_neighb_common.h(57): warning C4267: 'argument': conversion from 'size_t' to 'int', possible loss of data
  .\similarity_search\src\method\pivot_neighb_invindx.cc(138): warning C4267: 'argument': conversion from 'size_t' to 'const similarity::IdTypeUnsign', possible loss of data
  .\similarity_search\src\method\pivot_neighb_invindx.cc(138): note: the template instantiation context (the oldest one first) is
  .\similarity_search\src\method\pivot_neighb_invindx.cc(792): note: see reference to class template instantiation 'similarity::PivotNeighbInvertedIndex<float>' being compiled
  .\similarity_search\src\method\pivot_neighb_invindx.cc(91): note: while compiling class template member function 'void similarity::PivotNeighbInvertedIndex<float>::CreateIndex(const similarity::AnyParams &)'
  .\similarity_search\src\method\pivot_neighb_invindx.cc(164): warning C4267: 'argument': conversion from 'size_t' to 'unsigned long', possible loss of data
  .\similarity_search\src\method\pivot_neighb_invindx.cc(180): warning C4267: 'argument': conversion from 'size_t' to 'unsigned long', possible loss of data
  .\similarity_search\src\method\pivot_neighb_invindx.cc(478): warning C4267: 'argument': conversion from 'size_t' to 'const similarity::IdTypeUnsign', possible loss of data
  .\similarity_search\src\method\pivot_neighb_invindx.cc(478): note: the template instantiation context (the oldest one first) is
  .\similarity_search\src\method\pivot_neighb_invindx.cc(412): note: while compiling class template member function 'void similarity::PivotNeighbInvertedIndex<float>::LoadIndex(const std::string &)'
  .\similarity_search\src\method\pivot_neighb_invindx.cc(274): warning C4267: 'argument': conversion from 'size_t' to '_Ty', possible loss of data
          with
          [
              _Ty=std::seed_seq::result_type
          ]
  .\similarity_search\src\method\pivot_neighb_invindx.cc(274): note: the template instantiation context (the oldest one first) is
  .\similarity_search\src\method\pivot_neighb_invindx.cc(253): note: while compiling class template member function 'void similarity::PivotNeighbInvertedIndex<float>::IndexChunk(size_t,similarity::ProgressDisplay *,std::mutex &)'
  .\similarity_search\src\method\pivot_neighb_invindx.cc(167): note: see the first reference to 'similarity::PivotNeighbInvertedIndex<float>::IndexChunk' in 'similarity::PivotNeighbInvertedIndex<float>::CreateIndex'
  .\similarity_search\src\method\pivot_neighb_invindx.cc(664): warning C4146: unary minus operator applied to unsigned type, result still unsigned
  .\similarity_search\src\method\pivot_neighb_invindx.cc(664): note: the template instantiation context (the oldest one first) is
  .\similarity_search\src\method\pivot_neighb_invindx.cc(788): note: while compiling class template member function 'void similarity::PivotNeighbInvertedIndex<float>::Search(similarity::KNNQuery<dist_t> *,similarity::IdType) const'
          with
          [
              dist_t=float
          ]
  .\similarity_search\src\method\pivot_neighb_invindx.cc(789): note: see reference to function template instantiation 'void similarity::PivotNeighbInvertedIndex<float>::GenSearch<similarity::KNNQuery<dist_t>>(QueryType *,size_t) const' being compiled
          with
          [
              dist_t=float,
              QueryType=similarity::KNNQuery<float>
          ]
  .\similarity_search\src\method\pivot_neighb_invindx.cc(695): warning C4018: '<=': signed/unsigned mismatch
  .\similarity_search\src\method\pivot_neighb_invindx.cc(698): warning C4146: unary minus operator applied to unsigned type, result still unsigned
  .\similarity_search\src\method\pivot_neighb_invindx.cc(724): warning C4146: unary minus operator applied to unsigned type, result still unsigned
  .\similarity_search\src\method\pivot_neighb_invindx.cc(739): warning C4146: unary minus operator applied to unsigned type, result still unsigned
  C:\Users\maze2\AppData\Local\Temp\pip-install-gjqj2etw\nmslib_760c4860d60c46ad9a07313ddb25ac3c\similarity_search\include\params.h(188): warning C4244: '=': conversion from 'const DefaultType' to 'ParamType', possible loss of data
          with
          [
              DefaultType=double
          ]
          and
          [
              ParamType=float
          ]
  C:\Users\maze2\AppData\Local\Temp\pip-install-gjqj2etw\nmslib_760c4860d60c46ad9a07313ddb25ac3c\similarity_search\include\params.h(188): note: the template instantiation context (the oldest one first) is
  .\similarity_search\src\method\pivot_neighb_invindx.cc(294): note: while compiling class template member function 'void similarity::PivotNeighbInvertedIndex<float>::SetQueryTimeParams(const similarity::AnyParams &)'
  .\similarity_search\src\method\pivot_neighb_invindx.cc(338): note: see reference to function template instantiation 'void similarity::AnyParamManager::GetParamOptional<float,double>(const std::string &,ParamType &,const DefaultType &)' being compiled
          with
          [
              ParamType=float,
              DefaultType=double
          ]
  "C:\Program Files (x86)\Microsoft Visual Studio\2022\BuildTools\VC\Tools\MSVC\14.43.34808\bin\HostX86\x64\cl.exe" /c /nologo /O2 /W3 /GL /DNDEBUG /MD -I.\similarity_search\include -Itensorflow -IC:\Users\maze2\AppData\Roaming\Python\Python310\site-packages\pybind11\include -IC:\Users\maze2\AppData\Roaming\Python\Python310\site-packages\pybind11\include -IC:\Users\maze2\AppData\Roaming\Python\Python310\site-packages\pybind11\include -IC:\Users\maze2\AppData\Roaming\Python\Python310\site-packages\pybind11\include -IC:\Users\maze2\AppData\Roaming\Python\Python310\site-packages\numpy\core\include "-IC:\Program Files\Python310\include" "-IC:\Program Files\Python310\Include" "-IC:\Program Files (x86)\Microsoft Visual Studio\2022\BuildTools\VC\Tools\MSVC\14.43.34808\include" "-IC:\Program Files (x86)\Microsoft Visual Studio\2022\BuildTools\VC\Auxiliary\VS\include" "-IC:\Program Files (x86)\Windows Kits\10\include\10.0.22621.0\ucrt" "-IC:\Program Files (x86)\Windows Kits\10\\include\10.0.22621.0\\um" "-IC:\Program Files (x86)\Windows Kits\10\\include\10.0.22621.0\\shared" "-IC:\Program Files (x86)\Windows Kits\10\\include\10.0.22621.0\\winrt" "-IC:\Program Files (x86)\Windows Kits\10\\include\10.0.22621.0\\cppwinrt" /EHsc /Tp.\similarity_search\src\method\seqsearch.cc /Fobuild\temp.win-amd64-cpython-310\Release\.\similarity_search\src\method\seqsearch.obj /EHsc /openmp /O2 /DVERSION_INFO=\\\"2.1.1\\\"
  seqsearch.cc
  C:\Users\maze2\AppData\Local\Temp\pip-install-gjqj2etw\nmslib_760c4860d60c46ad9a07313ddb25ac3c\similarity_search\include\object.h(127): warning C4267: '=': conversion from 'size_t' to 'int', possible loss of data
  .\similarity_search\src\method\seqsearch.cc(158): warning C4267: 'argument': conversion from 'size_t' to 'similarity::IdTypeUnsign', possible loss of data
  .\similarity_search\src\method\seqsearch.cc(158): note: the template instantiation context (the oldest one first) is
  .\similarity_search\src\method\seqsearch.cc(179): note: see reference to class template instantiation 'similarity::SeqSearch<float>' being compiled
  .\similarity_search\src\method\seqsearch.cc(144): note: while compiling class template member function 'void similarity::SeqSearch<float>::Search(similarity::KNNQuery<dist_t> *,similarity::IdType) const'
          with
          [
              dist_t=float
          ]
  .\similarity_search\src\method\seqsearch.cc(123): warning C4267: 'argument': conversion from 'size_t' to 'similarity::IdTypeUnsign', possible loss of data
  .\similarity_search\src\method\seqsearch.cc(123): note: the template instantiation context (the oldest one first) is
  .\similarity_search\src\method\seqsearch.cc(109): note: while compiling class template member function 'void similarity::SeqSearch<float>::Search(similarity::RangeQuery<dist_t> *,similarity::IdType) const'
          with
          [
              dist_t=float
          ]
  "C:\Program Files (x86)\Microsoft Visual Studio\2022\BuildTools\VC\Tools\MSVC\14.43.34808\bin\HostX86\x64\cl.exe" /c /nologo /O2 /W3 /GL /DNDEBUG /MD -I.\similarity_search\include -Itensorflow -IC:\Users\maze2\AppData\Roaming\Python\Python310\site-packages\pybind11\include -IC:\Users\maze2\AppData\Roaming\Python\Python310\site-packages\pybind11\include -IC:\Users\maze2\AppData\Roaming\Python\Python310\site-packages\pybind11\include -IC:\Users\maze2\AppData\Roaming\Python\Python310\site-packages\pybind11\include -IC:\Users\maze2\AppData\Roaming\Python\Python310\site-packages\numpy\core\include "-IC:\Program Files\Python310\include" "-IC:\Program Files\Python310\Include" "-IC:\Program Files (x86)\Microsoft Visual Studio\2022\BuildTools\VC\Tools\MSVC\14.43.34808\include" "-IC:\Program Files (x86)\Microsoft Visual Studio\2022\BuildTools\VC\Auxiliary\VS\include" "-IC:\Program Files (x86)\Windows Kits\10\include\10.0.22621.0\ucrt" "-IC:\Program Files (x86)\Windows Kits\10\\include\10.0.22621.0\\um" "-IC:\Program Files (x86)\Windows Kits\10\\include\10.0.22621.0\\shared" "-IC:\Program Files (x86)\Windows Kits\10\\include\10.0.22621.0\\winrt" "-IC:\Program Files (x86)\Windows Kits\10\\include\10.0.22621.0\\cppwinrt" /EHsc /Tp.\similarity_search\src\method\simple_inverted_index.cc /Fobuild\temp.win-amd64-cpython-310\Release\.\similarity_search\src\method\simple_inverted_index.obj /EHsc /openmp /O2 /DVERSION_INFO=\\\"2.1.1\\\"
  simple_inverted_index.cc
  C:\Users\maze2\AppData\Local\Temp\pip-install-gjqj2etw\nmslib_760c4860d60c46ad9a07313ddb25ac3c\similarity_search\include\object.h(127): warning C4267: '=': conversion from 'size_t' to 'int', possible loss of data
  .\similarity_search\include\distcomp.h(260): warning C4244: 'initializing': conversion from 'size_t' to 'float', possible loss of data
  .\similarity_search\src\method\simple_inverted_index.cc(161): warning C4267: 'argument': conversion from 'size_t' to 'unsigned long', possible loss of data
  .\similarity_search\src\method\simple_inverted_index.cc(161): note: the template instantiation context (the oldest one first) is
  .\similarity_search\src\method\simple_inverted_index.cc(245): note: see reference to class template instantiation 'similarity::SimplInvIndex<float>' being compiled
  .\similarity_search\src\method\simple_inverted_index.cc(149): note: while compiling class template member function 'void similarity::SimplInvIndex<float>::CreateIndex(similarity::AnyParamManager &)'
  .\similarity_search\src\method\simple_inverted_index.cc(186): warning C4267: 'argument': conversion from 'size_t' to 'unsigned long', possible loss of data
  .\similarity_search\src\method\simple_inverted_index.cc(209): warning C4267: 'argument': conversion from 'size_t' to 'int32_t', possible loss of data
  C:\Users\maze2\AppData\Local\Temp\pip-install-gjqj2etw\nmslib_760c4860d60c46ad9a07313ddb25ac3c\similarity_search\include\space\space_sparse_vector_inter.h(203): warning C4267: 'argument': conversion from 'size_t' to 'uint32_t', possible loss of data
  C:\Users\maze2\AppData\Local\Temp\pip-install-gjqj2etw\nmslib_760c4860d60c46ad9a07313ddb25ac3c\similarity_search\include\space\space_sparse_vector_inter.h(203): note: the template instantiation context (the oldest one first) is
  .\similarity_search\src\method\simple_inverted_index.cc(149): note: while compiling class template member function 'void similarity::SimplInvIndex<float>::CreateIndex(similarity::AnyParamManager &)'
  .\similarity_search\src\method\simple_inverted_index.cc(165): note: see reference to function template instantiation 'void similarity::UnpackSparseElements<float>(const char *,size_t,std::vector<similarity::SparseVectElem<float>,std::allocator<similarity::SparseVectElem<float>>> &)' being compiled
  "C:\Program Files (x86)\Microsoft Visual Studio\2022\BuildTools\VC\Tools\MSVC\14.43.34808\bin\HostX86\x64\cl.exe" /c /nologo /O2 /W3 /GL /DNDEBUG /MD -I.\similarity_search\include -Itensorflow -IC:\Users\maze2\AppData\Roaming\Python\Python310\site-packages\pybind11\include -IC:\Users\maze2\AppData\Roaming\Python\Python310\site-packages\pybind11\include -IC:\Users\maze2\AppData\Roaming\Python\Python310\site-packages\pybind11\include -IC:\Users\maze2\AppData\Roaming\Python\Python310\site-packages\pybind11\include -IC:\Users\maze2\AppData\Roaming\Python\Python310\site-packages\numpy\core\include "-IC:\Program Files\Python310\include" "-IC:\Program Files\Python310\Include" "-IC:\Program Files (x86)\Microsoft Visual Studio\2022\BuildTools\VC\Tools\MSVC\14.43.34808\include" "-IC:\Program Files (x86)\Microsoft Visual Studio\2022\BuildTools\VC\Auxiliary\VS\include" "-IC:\Program Files (x86)\Windows Kits\10\include\10.0.22621.0\ucrt" "-IC:\Program Files (x86)\Windows Kits\10\\include\10.0.22621.0\\um" "-IC:\Program Files (x86)\Windows Kits\10\\include\10.0.22621.0\\shared" "-IC:\Program Files (x86)\Windows Kits\10\\include\10.0.22621.0\\winrt" "-IC:\Program Files (x86)\Windows Kits\10\\include\10.0.22621.0\\cppwinrt" /EHsc /Tp.\similarity_search\src\method\small_world_rand.cc /Fobuild\temp.win-amd64-cpython-310\Release\.\similarity_search\src\method\small_world_rand.obj /EHsc /openmp /O2 /DVERSION_INFO=\\\"2.1.1\\\"
  small_world_rand.cc
  C:\Users\maze2\AppData\Local\Temp\pip-install-gjqj2etw\nmslib_760c4860d60c46ad9a07313ddb25ac3c\similarity_search\include\object.h(127): warning C4267: '=': conversion from 'size_t' to 'int', possible loss of data
  .\similarity_search\include\method/small_world_rand.h(90): warning C4267: 'initializing': conversion from 'size_t' to 'similarity::IdType', possible loss of data
  .\similarity_search\src\method\small_world_rand.cc(816): warning C4267: 'initializing': conversion from 'size_t' to 'similarity::IdType', possible loss of data
  .\similarity_search\src\method\small_world_rand.cc(816): note: the template instantiation context (the oldest one first) is
  .\similarity_search\src\method\small_world_rand.cc(921): note: see reference to class template instantiation 'similarity::SmallWorldRand<float>' being compiled
  .\similarity_search\src\method\small_world_rand.cc(802): note: while compiling class template member function 'void similarity::SmallWorldRand<float>::SaveIndex(const std::string &)'
  .\similarity_search\src\method\small_world_rand.cc(823): warning C4267: 'initializing': conversion from 'size_t' to 'similarity::IdType', possible loss of data
  .\similarity_search\src\method\small_world_rand.cc(916): warning C4267: '=': conversion from 'size_t' to 'similarity::IdType', possible loss of data
  .\similarity_search\src\method\small_world_rand.cc(916): note: the template instantiation context (the oldest one first) is
  .\similarity_search\src\method\small_world_rand.cc(838): note: while compiling class template member function 'void similarity::SmallWorldRand<float>::LoadIndex(const std::string &)'
  .\similarity_search\src\method\small_world_rand.cc(171): warning C4267: 'argument': conversion from 'size_t' to 'unsigned long', possible loss of data
  .\similarity_search\src\method\small_world_rand.cc(171): note: the template instantiation context (the oldest one first) is
  .\similarity_search\src\method\small_world_rand.cc(144): note: while compiling class template member function 'void similarity::SmallWorldRand<float>::AddBatch(const similarity::ObjectVector &,bool,bool)'
  .\similarity_search\src\method\small_world_rand.cc(405): note: see the first reference to 'similarity::SmallWorldRand<float>::AddBatch' in 'similarity::SmallWorldRand<float>::CreateIndex'
  .\similarity_search\src\method\small_world_rand.cc(179): warning C4267: 'argument': conversion from 'size_t' to 'similarity::IdType', possible loss of data
  .\similarity_search\src\method\small_world_rand.cc(236): warning C4267: 'initializing': conversion from 'size_t' to 'similarity::IdType', possible loss of data
  .\similarity_search\src\method\small_world_rand.cc(236): note: the template instantiation context (the oldest one first) is
  .\similarity_search\src\method\small_world_rand.cc(216): note: while compiling class template member function 'void similarity::SmallWorldRand<float>::DeleteBatch(const std::vector<similarity::IdType,std::allocator<similarity::IdType>> &,int,bool)'
  .\similarity_search\src\method\small_world_rand.cc(244): warning C4267: 'initializing': conversion from 'size_t' to 'similarity::IdType', possible loss of data
  .\similarity_search\src\method\small_world_rand.cc(297): warning C4267: 'initializing': conversion from 'size_t' to 'similarity::IdType', possible loss of data
  .\similarity_search\src\method\small_world_rand.cc(301): warning C4267: 'initializing': conversion from 'size_t' to 'similarity::IdType', possible loss of data
  .\similarity_search\src\method\small_world_rand.cc(482): warning C4267: 'initializing': conversion from 'size_t' to 'similarity::IdType', possible loss of data
  .\similarity_search\src\method\small_world_rand.cc(482): note: the template instantiation context (the oldest one first) is
  .\similarity_search\src\method\small_world_rand.cc(448): note: while compiling class template member function 'void similarity::SmallWorldRand<float>::searchForIndexing(const similarity::Object *,std::priority_queue<similarity::EvaluatedMSWNodeDirect<dist_t>,std::vector<similarity::EvaluatedMSWNodeDirect<dist_t>,std::allocator<similarity::EvaluatedMSWNodeDirect<dist_t>>>,std::less<_Ty>> &,similarity::IdType) const'
          with
          [
              dist_t=float,
              _Ty=similarity::EvaluatedMSWNodeDirect<float>
          ]
  .\similarity_search\src\method\small_world_rand.cc(528): warning C4267: 'initializing': conversion from 'size_t' to 'similarity::IdType', possible loss of data
  .\similarity_search\src\method\small_world_rand.cc(751): warning C4267: 'initializing': conversion from 'size_t' to 'similarity::IdType', possible loss of data
  .\similarity_search\src\method\small_world_rand.cc(751): note: the template instantiation context (the oldest one first) is
  .\similarity_search\src\method\small_world_rand.cc(722): note: while compiling class template member function 'void similarity::SmallWorldRand<float>::SearchOld(similarity::KNNQuery<dist_t> *) const'
          with
          [
              dist_t=float
          ]
  .\similarity_search\src\method\small_world_rand.cc(609): note: see the first reference to 'similarity::SmallWorldRand<float>::SearchOld' in 'similarity::SmallWorldRand<float>::Search'
  .\similarity_search\src\method\small_world_rand.cc(779): warning C4267: '=': conversion from 'size_t' to 'similarity::IdType', possible loss of data
  .\similarity_search\src\method\small_world_rand.cc(639): warning C4267: 'initializing': conversion from 'size_t' to 'similarity::IdType', possible loss of data
  .\similarity_search\src\method\small_world_rand.cc(639): note: the template instantiation context (the oldest one first) is
  .\similarity_search\src\method\small_world_rand.cc(613): note: while compiling class template member function 'void similarity::SmallWorldRand<float>::SearchV1Merge(similarity::KNNQuery<dist_t> *) const'
          with
          [
              dist_t=float
          ]
  .\similarity_search\src\method\small_world_rand.cc(608): note: see the first reference to 'similarity::SmallWorldRand<float>::SearchV1Merge' in 'similarity::SmallWorldRand<float>::Search'
  .\similarity_search\src\method\small_world_rand.cc(675): warning C4267: '=': conversion from 'size_t' to 'similarity::IdType', possible loss of data
  .\similarity_search\src\method\small_world_rand.cc(697): warning C4267: '=': conversion from 'size_t' to 'uint_fast32_t', possible loss of data
  .\similarity_search\src\method\small_world_rand.cc(704): warning C4267: '=': conversion from 'size_t' to 'uint_fast32_t', possible loss of data
  .\similarity_search\src\method\small_world_rand.cc(122): warning C4267: '=': conversion from 'size_t' to 'similarity::IdType', possible loss of data
  .\similarity_search\src\method\small_world_rand.cc(122): note: the template instantiation context (the oldest one first) is
  .\similarity_search\src\method\small_world_rand.cc(121): note: while compiling class template member function 'void similarity::SmallWorldRand<float>::UpdateNextNodeId(size_t)'
  .\similarity_search\src\method\small_world_rand.cc(202): note: see the first reference to 'similarity::SmallWorldRand<float>::UpdateNextNodeId' in 'similarity::SmallWorldRand<float>::AddBatch'
  .\similarity_search\src\method\small_world_rand.cc(405): note: see the first reference to 'similarity::SmallWorldRand<float>::AddBatch' in 'similarity::SmallWorldRand<float>::CreateIndex'
  .\similarity_search\src\method\small_world_rand.cc(353): warning C4267: 'initializing': conversion from 'size_t' to 'similarity::IdType', possible loss of data
  .\similarity_search\src\method\small_world_rand.cc(353): note: the template instantiation context (the oldest one first) is
  .\similarity_search\src\method\small_world_rand.cc(341): note: while compiling class template member function 'void similarity::SmallWorldRand<float>::CheckIDs(void) const'
  .\similarity_search\src\method\small_world_rand.cc(204): note: see the first reference to 'similarity::SmallWorldRand<float>::CheckIDs' in 'similarity::SmallWorldRand<float>::AddBatch'
  .\similarity_search\src\method\small_world_rand.cc(405): note: see the first reference to 'similarity::SmallWorldRand<float>::AddBatch' in 'similarity::SmallWorldRand<float>::CreateIndex'
  .\similarity_search\include\method/small_world_rand.h(115): warning C4267: 'initializing': conversion from 'size_t' to 'similarity::IdType', possible loss of data
  .\similarity_search\include\method/small_world_rand.h(115): note: the template instantiation context (the oldest one first) is
  .\similarity_search\src\method\small_world_rand.cc(216): note: while compiling class template member function 'void similarity::SmallWorldRand<float>::DeleteBatch(const std::vector<similarity::IdType,std::allocator<similarity::IdType>> &,int,bool)'
  .\similarity_search\src\method\small_world_rand.cc(273): note: see reference to function template instantiation 'void similarity::MSWNode::removeGivenFriendsPatchWithClosestNeighbor<dist_t>(const similarity::Space<dist_t> &,bool,const std::vector<bool,std::allocator<bool>> &,std::vector<similarity::MSWNode *,std::allocator<similarity::MSWNode *>> &)' being compiled
          with
          [
              dist_t=float
          ]
  .\similarity_search\include\method/small_world_rand.h(137): warning C4267: 'initializing': conversion from 'size_t' to 'similarity::IdType', possible loss of data
  .\similarity_search\src\method\small_world_rand.cc(97): warning C4267: 'argument': conversion from 'size_t' to 'similarity::IdType', possible loss of data
  .\similarity_search\src\method\small_world_rand.cc(97): note: the template instantiation context (the oldest one first) is
  .\similarity_search\src\method\small_world_rand.cc(144): note: while compiling class template member function 'void similarity::SmallWorldRand<int>::AddBatch(const similarity::ObjectVector &,bool,bool)'
  .\similarity_search\src\method\small_world_rand.cc(405): note: see the first reference to 'similarity::SmallWorldRand<int>::AddBatch' in 'similarity::SmallWorldRand<int>::CreateIndex'
  .\similarity_search\src\method\small_world_rand.cc(195): note: see reference to class template instantiation 'similarity::IndexThreadSW<dist_t>' being compiled
          with
          [
              dist_t=int
          ]
  .\similarity_search\src\method\small_world_rand.cc(85): note: while compiling class template member function 'void similarity::IndexThreadSW<dist_t>::operator ()(similarity::IndexThreadParamsSW<dist_t> &)'
          with
          [
              dist_t=int
          ]
  C:\Program Files (x86)\Microsoft Visual Studio\2022\BuildTools\VC\Tools\MSVC\14.43.34808\include\type_traits(1706): note: see the first reference to 'similarity::IndexThreadSW<dist_t>::operator ()' in 'std::invoke'
          with
          [
              dist_t=int
          ]
  C:\Program Files (x86)\Microsoft Visual Studio\2022\BuildTools\VC\Tools\MSVC\14.43.34808\include\thread(60): note: see the first reference to 'std::invoke' in 'std::thread::_Invoke'
  C:\Program Files (x86)\Microsoft Visual Studio\2022\BuildTools\VC\Tools\MSVC\14.43.34808\include\thread(67): note: see the first reference to 'std::thread::_Invoke' in 'std::thread::_Get_invoke'
  C:\Program Files (x86)\Microsoft Visual Studio\2022\BuildTools\VC\Tools\MSVC\14.43.34808\include\thread(76): note: see the first reference to 'std::thread::_Get_invoke' in 'std::thread::_Start'
  C:\Program Files (x86)\Microsoft Visual Studio\2022\BuildTools\VC\Tools\MSVC\14.43.34808\include\thread(93): note: see the first reference to 'std::thread::_Start' in 'std::thread::thread'
  .\similarity_search\src\method\small_world_rand.cc(195): note: see the first reference to 'std::thread::thread' in 'similarity::SmallWorldRand<int>::AddBatch'
  .\similarity_search\src\method\small_world_rand.cc(405): note: see the first reference to 'similarity::SmallWorldRand<int>::AddBatch' in 'similarity::SmallWorldRand<int>::CreateIndex'
  .\similarity_search\src\method\small_world_rand.cc(101): warning C4267: 'argument': conversion from 'size_t' to 'unsigned long', possible loss of data
  "C:\Program Files (x86)\Microsoft Visual Studio\2022\BuildTools\VC\Tools\MSVC\14.43.34808\bin\HostX86\x64\cl.exe" /c /nologo /O2 /W3 /GL /DNDEBUG /MD -I.\similarity_search\include -Itensorflow -IC:\Users\maze2\AppData\Roaming\Python\Python310\site-packages\pybind11\include -IC:\Users\maze2\AppData\Roaming\Python\Python310\site-packages\pybind11\include -IC:\Users\maze2\AppData\Roaming\Python\Python310\site-packages\pybind11\include -IC:\Users\maze2\AppData\Roaming\Python\Python310\site-packages\pybind11\include -IC:\Users\maze2\AppData\Roaming\Python\Python310\site-packages\numpy\core\include "-IC:\Program Files\Python310\include" "-IC:\Program Files\Python310\Include" "-IC:\Program Files (x86)\Microsoft Visual Studio\2022\BuildTools\VC\Tools\MSVC\14.43.34808\include" "-IC:\Program Files (x86)\Microsoft Visual Studio\2022\BuildTools\VC\Auxiliary\VS\include" "-IC:\Program Files (x86)\Windows Kits\10\include\10.0.22621.0\ucrt" "-IC:\Program Files (x86)\Windows Kits\10\\include\10.0.22621.0\\um" "-IC:\Program Files (x86)\Windows Kits\10\\include\10.0.22621.0\\shared" "-IC:\Program Files (x86)\Windows Kits\10\\include\10.0.22621.0\\winrt" "-IC:\Program Files (x86)\Windows Kits\10\\include\10.0.22621.0\\cppwinrt" /EHsc /Tp.\similarity_search\src\method\vptree.cc /Fobuild\temp.win-amd64-cpython-310\Release\.\similarity_search\src\method\vptree.obj /EHsc /openmp /O2 /DVERSION_INFO=\\\"2.1.1\\\"
  vptree.cc
  C:\Users\maze2\AppData\Local\Temp\pip-install-gjqj2etw\nmslib_760c4860d60c46ad9a07313ddb25ac3c\similarity_search\include\object.h(127): warning C4267: '=': conversion from 'size_t' to 'int', possible loss of data
  .\similarity_search\src\method\vptree.cc(86): warning C4267: 'argument': conversion from 'size_t' to 'unsigned long', possible loss of data
  .\similarity_search\src\method\vptree.cc(86): note: the template instantiation context (the oldest one first) is
  .\similarity_search\src\method\vptree.cc(300): note: see reference to class template instantiation 'similarity::VPTree<float,similarity::PolynomialPruner<float>>' being compiled
  .\similarity_search\src\method\vptree.cc(64): note: while compiling class template member function 'void similarity::VPTree<float,similarity::PolynomialPruner<float>>::CreateIndex(const similarity::AnyParams &)'
  .\similarity_search\src\method\vptree.cc(180): warning C4267: 'argument': conversion from 'size_t' to 'const unsigned int', possible loss of data
  .\similarity_search\src\method\vptree.cc(180): note: the template instantiation context (the oldest one first) is
  .\similarity_search\include\method/vptree.h(70): note: while compiling class 'similarity::VPTree<float,similarity::PolynomialPruner<float>>::VPNode'
  .\similarity_search\src\method\vptree.cc(144): note: while compiling class template member function 'similarity::VPTree<float,similarity::PolynomialPruner<float>>::VPNode::VPNode(unsigned int,similarity::ProgressDisplay *,const SearchOracle &,const similarity::Space<dist_t> &,const similarity::ObjectVector &,size_t,size_t,bool,bool)'
          with
          [
              SearchOracle=similarity::PolynomialPruner<float>,
              dist_t=float
          ]
  .\similarity_search\src\method\vptree.cc(89): note: see the first reference to 'similarity::VPTree<float,similarity::PolynomialPruner<float>>::VPNode::VPNode' in 'similarity::VPTree<float,similarity::PolynomialPruner<float>>::CreateIndex'
  .\similarity_search\src\method\vptree.cc(183): warning C4244: '=': conversion from 'double' to 'float', possible loss of data
  .\similarity_search\src\method\vptree.cc(184): warning C4267: '=': conversion from 'size_t' to 'unsigned int', possible loss of data
  .\similarity_search\src\method\vptree.cc(132): warning C4267: 'argument': conversion from 'size_t' to 'unsigned long', possible loss of data
  .\similarity_search\src\method\vptree.cc(132): note: the template instantiation context (the oldest one first) is
  .\similarity_search\src\method\vptree.cc(126): note: while compiling class template member function 'void similarity::VPTree<float,similarity::PolynomialPruner<float>>::VPNode::CreateBucket(bool,const similarity::ObjectVector &,similarity::ProgressDisplay *)'
  .\similarity_search\src\method\vptree.cc(152): note: see the first reference to 'similarity::VPTree<float,similarity::PolynomialPruner<float>>::VPNode::CreateBucket' in 'similarity::VPTree<float,similarity::PolynomialPruner<float>>::VPNode::VPNode'
  .\similarity_search\src\method\vptree.cc(89): note: see the first reference to 'similarity::VPTree<float,similarity::PolynomialPruner<float>>::VPNode::VPNode' in 'similarity::VPTree<float,similarity::PolynomialPruner<float>>::CreateIndex'
  .\similarity_search\src\method\vptree.cc(193): warning C4244: '=': conversion from '_Ty1' to 'float', possible loss of data
          with
          [
              _Ty1=int
          ]
  .\similarity_search\src\method\vptree.cc(272): warning C4244: 'argument': conversion from 'const float' to 'dist_t', possible loss of data
          with
          [
              dist_t=int
          ]
  .\similarity_search\src\method\vptree.cc(272): note: the template instantiation context (the oldest one first) is
  .\similarity_search\src\method\vptree.cc(118): note: while compiling class template member function 'void similarity::VPTree<int,similarity::PolynomialPruner<int>>::Search(similarity::KNNQuery<dist_t> *,similarity::IdType) const'
          with
          [
              dist_t=int
          ]
  .\similarity_search\src\method\vptree.cc(120): note: see reference to function template instantiation 'void similarity::VPTree<int,similarity::PolynomialPruner<int>>::VPNode::GenericSearch<similarity::KNNQuery<dist_t>>(QueryType *,int &) const' being compiled
          with
          [
              dist_t=int,
              QueryType=similarity::KNNQuery<int>
          ]
  .\similarity_search\src\method\vptree.cc(282): warning C4244: 'argument': conversion from 'const float' to 'dist_t', possible loss of data
          with
          [
              dist_t=int
          ]
  .\similarity_search\src\method\vptree.cc(286): warning C4244: 'argument': conversion from 'const float' to 'dist_t', possible loss of data
          with
          [
              dist_t=int
          ]
  .\similarity_search\src\method\vptree.cc(295): warning C4244: 'argument': conversion from 'const float' to 'dist_t', possible loss of data
          with
          [
              dist_t=int
          ]
  "C:\Program Files (x86)\Microsoft Visual Studio\2022\BuildTools\VC\Tools\MSVC\14.43.34808\bin\HostX86\x64\cl.exe" /c /nologo /O2 /W3 /GL /DNDEBUG /MD -I.\similarity_search\include -Itensorflow -IC:\Users\maze2\AppData\Roaming\Python\Python310\site-packages\pybind11\include -IC:\Users\maze2\AppData\Roaming\Python\Python310\site-packages\pybind11\include -IC:\Users\maze2\AppData\Roaming\Python\Python310\site-packages\pybind11\include -IC:\Users\maze2\AppData\Roaming\Python\Python310\site-packages\pybind11\include -IC:\Users\maze2\AppData\Roaming\Python\Python310\site-packages\numpy\core\include "-IC:\Program Files\Python310\include" "-IC:\Program Files\Python310\Include" "-IC:\Program Files (x86)\Microsoft Visual Studio\2022\BuildTools\VC\Tools\MSVC\14.43.34808\include" "-IC:\Program Files (x86)\Microsoft Visual Studio\2022\BuildTools\VC\Auxiliary\VS\include" "-IC:\Program Files (x86)\Windows Kits\10\include\10.0.22621.0\ucrt" "-IC:\Program Files (x86)\Windows Kits\10\\include\10.0.22621.0\\um" "-IC:\Program Files (x86)\Windows Kits\10\\include\10.0.22621.0\\shared" "-IC:\Program Files (x86)\Windows Kits\10\\include\10.0.22621.0\\winrt" "-IC:\Program Files (x86)\Windows Kits\10\\include\10.0.22621.0\\cppwinrt" /EHsc /Tp.\similarity_search\src\params.cc /Fobuild\temp.win-amd64-cpython-310\Release\.\similarity_search\src\params.obj /EHsc /openmp /O2 /DVERSION_INFO=\\\"2.1.1\\\"
  params.cc
  C:\Users\maze2\AppData\Local\Temp\pip-install-gjqj2etw\nmslib_760c4860d60c46ad9a07313ddb25ac3c\similarity_search\include\object.h(127): warning C4267: '=': conversion from 'size_t' to 'int', possible loss of data
  "C:\Program Files (x86)\Microsoft Visual Studio\2022\BuildTools\VC\Tools\MSVC\14.43.34808\bin\HostX86\x64\cl.exe" /c /nologo /O2 /W3 /GL /DNDEBUG /MD -I.\similarity_search\include -Itensorflow -IC:\Users\maze2\AppData\Roaming\Python\Python310\site-packages\pybind11\include -IC:\Users\maze2\AppData\Roaming\Python\Python310\site-packages\pybind11\include -IC:\Users\maze2\AppData\Roaming\Python\Python310\site-packages\pybind11\include -IC:\Users\maze2\AppData\Roaming\Python\Python310\site-packages\pybind11\include -IC:\Users\maze2\AppData\Roaming\Python\Python310\site-packages\numpy\core\include "-IC:\Program Files\Python310\include" "-IC:\Program Files\Python310\Include" "-IC:\Program Files (x86)\Microsoft Visual Studio\2022\BuildTools\VC\Tools\MSVC\14.43.34808\include" "-IC:\Program Files (x86)\Microsoft Visual Studio\2022\BuildTools\VC\Auxiliary\VS\include" "-IC:\Program Files (x86)\Windows Kits\10\include\10.0.22621.0\ucrt" "-IC:\Program Files (x86)\Windows Kits\10\\include\10.0.22621.0\\um" "-IC:\Program Files (x86)\Windows Kits\10\\include\10.0.22621.0\\shared" "-IC:\Program Files (x86)\Windows Kits\10\\include\10.0.22621.0\\winrt" "-IC:\Program Files (x86)\Windows Kits\10\\include\10.0.22621.0\\cppwinrt" /EHsc /Tp.\similarity_search\src\params_cmdline.cc /Fobuild\temp.win-amd64-cpython-310\Release\.\similarity_search\src\params_cmdline.obj /EHsc /openmp /O2 /DVERSION_INFO=\\\"2.1.1\\\"
  params_cmdline.cc
  C:\Users\maze2\AppData\Local\Temp\pip-install-gjqj2etw\nmslib_760c4860d60c46ad9a07313ddb25ac3c\similarity_search\include\object.h(127): warning C4267: '=': conversion from 'size_t' to 'int', possible loss of data
  .\similarity_search\src\params_cmdline.cc(141): warning C4244: '=': conversion from 'double' to 'float', possible loss of data
  "C:\Program Files (x86)\Microsoft Visual Studio\2022\BuildTools\VC\Tools\MSVC\14.43.34808\bin\HostX86\x64\cl.exe" /c /nologo /O2 /W3 /GL /DNDEBUG /MD -I.\similarity_search\include -Itensorflow -IC:\Users\maze2\AppData\Roaming\Python\Python310\site-packages\pybind11\include -IC:\Users\maze2\AppData\Roaming\Python\Python310\site-packages\pybind11\include -IC:\Users\maze2\AppData\Roaming\Python\Python310\site-packages\pybind11\include -IC:\Users\maze2\AppData\Roaming\Python\Python310\site-packages\pybind11\include -IC:\Users\maze2\AppData\Roaming\Python\Python310\site-packages\numpy\core\include "-IC:\Program Files\Python310\include" "-IC:\Program Files\Python310\Include" "-IC:\Program Files (x86)\Microsoft Visual Studio\2022\BuildTools\VC\Tools\MSVC\14.43.34808\include" "-IC:\Program Files (x86)\Microsoft Visual Studio\2022\BuildTools\VC\Auxiliary\VS\include" "-IC:\Program Files (x86)\Windows Kits\10\include\10.0.22621.0\ucrt" "-IC:\Program Files (x86)\Windows Kits\10\\include\10.0.22621.0\\um" "-IC:\Program Files (x86)\Windows Kits\10\\include\10.0.22621.0\\shared" "-IC:\Program Files (x86)\Windows Kits\10\\include\10.0.22621.0\\winrt" "-IC:\Program Files (x86)\Windows Kits\10\\include\10.0.22621.0\\cppwinrt" /EHsc /Tp.\similarity_search\src\query.cc /Fobuild\temp.win-amd64-cpython-310\Release\.\similarity_search\src\query.obj /EHsc /openmp /O2 /DVERSION_INFO=\\\"2.1.1\\\"
  query.cc
  C:\Users\maze2\AppData\Local\Temp\pip-install-gjqj2etw\nmslib_760c4860d60c46ad9a07313ddb25ac3c\similarity_search\include\object.h(127): warning C4267: '=': conversion from 'size_t' to 'int', possible loss of data
  "C:\Program Files (x86)\Microsoft Visual Studio\2022\BuildTools\VC\Tools\MSVC\14.43.34808\bin\HostX86\x64\cl.exe" /c /nologo /O2 /W3 /GL /DNDEBUG /MD -I.\similarity_search\include -Itensorflow -IC:\Users\maze2\AppData\Roaming\Python\Python310\site-packages\pybind11\include -IC:\Users\maze2\AppData\Roaming\Python\Python310\site-packages\pybind11\include -IC:\Users\maze2\AppData\Roaming\Python\Python310\site-packages\pybind11\include -IC:\Users\maze2\AppData\Roaming\Python\Python310\site-packages\pybind11\include -IC:\Users\maze2\AppData\Roaming\Python\Python310\site-packages\numpy\core\include "-IC:\Program Files\Python310\include" "-IC:\Program Files\Python310\Include" "-IC:\Program Files (x86)\Microsoft Visual Studio\2022\BuildTools\VC\Tools\MSVC\14.43.34808\include" "-IC:\Program Files (x86)\Microsoft Visual Studio\2022\BuildTools\VC\Auxiliary\VS\include" "-IC:\Program Files (x86)\Windows Kits\10\include\10.0.22621.0\ucrt" "-IC:\Program Files (x86)\Windows Kits\10\\include\10.0.22621.0\\um" "-IC:\Program Files (x86)\Windows Kits\10\\include\10.0.22621.0\\shared" "-IC:\Program Files (x86)\Windows Kits\10\\include\10.0.22621.0\\winrt" "-IC:\Program Files (x86)\Windows Kits\10\\include\10.0.22621.0\\cppwinrt" /EHsc /Tp.\similarity_search\src\rangequery.cc /Fobuild\temp.win-amd64-cpython-310\Release\.\similarity_search\src\rangequery.obj /EHsc /openmp /O2 /DVERSION_INFO=\\\"2.1.1\\\"
  rangequery.cc
  C:\Users\maze2\AppData\Local\Temp\pip-install-gjqj2etw\nmslib_760c4860d60c46ad9a07313ddb25ac3c\similarity_search\include\object.h(127): warning C4267: '=': conversion from 'size_t' to 'int', possible loss of data
  "C:\Program Files (x86)\Microsoft Visual Studio\2022\BuildTools\VC\Tools\MSVC\14.43.34808\bin\HostX86\x64\cl.exe" /c /nologo /O2 /W3 /GL /DNDEBUG /MD -I.\similarity_search\include -Itensorflow -IC:\Users\maze2\AppData\Roaming\Python\Python310\site-packages\pybind11\include -IC:\Users\maze2\AppData\Roaming\Python\Python310\site-packages\pybind11\include -IC:\Users\maze2\AppData\Roaming\Python\Python310\site-packages\pybind11\include -IC:\Users\maze2\AppData\Roaming\Python\Python310\site-packages\pybind11\include -IC:\Users\maze2\AppData\Roaming\Python\Python310\site-packages\numpy\core\include "-IC:\Program Files\Python310\include" "-IC:\Program Files\Python310\Include" "-IC:\Program Files (x86)\Microsoft Visual Studio\2022\BuildTools\VC\Tools\MSVC\14.43.34808\include" "-IC:\Program Files (x86)\Microsoft Visual Studio\2022\BuildTools\VC\Auxiliary\VS\include" "-IC:\Program Files (x86)\Windows Kits\10\include\10.0.22621.0\ucrt" "-IC:\Program Files (x86)\Windows Kits\10\\include\10.0.22621.0\\um" "-IC:\Program Files (x86)\Windows Kits\10\\include\10.0.22621.0\\shared" "-IC:\Program Files (x86)\Windows Kits\10\\include\10.0.22621.0\\winrt" "-IC:\Program Files (x86)\Windows Kits\10\\include\10.0.22621.0\\cppwinrt" /EHsc /Tp.\similarity_search\src\searchoracle.cc /Fobuild\temp.win-amd64-cpython-310\Release\.\similarity_search\src\searchoracle.obj /EHsc /openmp /O2 /DVERSION_INFO=\\\"2.1.1\\\"
  searchoracle.cc
  C:\Users\maze2\AppData\Local\Temp\pip-install-gjqj2etw\nmslib_760c4860d60c46ad9a07313ddb25ac3c\similarity_search\include\object.h(127): warning C4267: '=': conversion from 'size_t' to 'int', possible loss of data
  C:\Users\maze2\AppData\Local\Temp\pip-install-gjqj2etw\nmslib_760c4860d60c46ad9a07313ddb25ac3c\similarity_search\include\meta_analysis.h(216): warning C4267: 'argument': conversion from 'size_t' to 'const unsigned int', possible loss of data
  C:\Users\maze2\AppData\Local\Temp\pip-install-gjqj2etw\nmslib_760c4860d60c46ad9a07313ddb25ac3c\similarity_search\include\meta_analysis.h(223): warning C4267: 'argument': conversion from 'size_t' to 'const unsigned int', possible loss of data
  C:\Users\maze2\AppData\Local\Temp\pip-install-gjqj2etw\nmslib_760c4860d60c46ad9a07313ddb25ac3c\similarity_search\include\meta_analysis.h(227): warning C4267: 'argument': conversion from 'size_t' to 'const unsigned int', possible loss of data
  C:\Users\maze2\AppData\Local\Temp\pip-install-gjqj2etw\nmslib_760c4860d60c46ad9a07313ddb25ac3c\similarity_search\include\meta_analysis.h(247): warning C4267: 'argument': conversion from 'size_t' to 'const unsigned int', possible loss of data
  C:\Users\maze2\AppData\Local\Temp\pip-install-gjqj2etw\nmslib_760c4860d60c46ad9a07313ddb25ac3c\similarity_search\include\meta_analysis.h(257): warning C4267: 'argument': conversion from 'size_t' to 'const unsigned int', possible loss of data
  .\similarity_search\src\searchoracle.cc(108): warning C4244: '=': conversion from 'double' to 'float', possible loss of data
  .\similarity_search\src\searchoracle.cc(108): note: the template instantiation context (the oldest one first) is
  .\similarity_search\src\searchoracle.cc(293): note: see reference to class template instantiation 'similarity::PolynomialPruner<int>' being compiled
  .\similarity_search\src\searchoracle.cc(59): note: while compiling class template member function 'void similarity::PolynomialPruner<int>::SetIndexTimeParams(similarity::AnyParamManager &)'
  .\similarity_search\src\searchoracle.cc(112): warning C4244: '=': conversion from 'float' to 'size_t', possible loss of data
  .\similarity_search\src\searchoracle.cc(170): warning C4244: 'argument': conversion from 'dist_t' to 'float', possible loss of data
          with
          [
              dist_t=int
          ]
  .\similarity_search\src\searchoracle.cc(169): warning C4267: 'argument': conversion from 'size_t' to 'similarity::IdTypeUnsign', possible loss of data
  .\similarity_search\src\searchoracle.cc(177): warning C4267: 'argument': conversion from 'size_t' to '_Ty', possible loss of data
          with
          [
              _Ty=std::seed_seq::result_type
          ]
  .\similarity_search\src\searchoracle.cc(183): warning C4244: 'argument': conversion from 'dist_t' to 'float', possible loss of data
          with
          [
              dist_t=int
          ]
  .\similarity_search\src\searchoracle.cc(182): warning C4267: 'argument': conversion from 'size_t' to 'similarity::IdTypeUnsign', possible loss of data
  .\similarity_search\src\searchoracle.cc(212): warning C4267: 'initializing': conversion from 'size_t' to 'unsigned int', possible loss of data
  .\similarity_search\src\searchoracle.cc(220): warning C4244: '=': conversion from 'double' to 'float', possible loss of data
  .\similarity_search\src\searchoracle.cc(221): warning C4244: '=': conversion from 'double' to 'float', possible loss of data
  .\similarity_search\src\searchoracle.cc(236): warning C4244: 'argument': conversion from 'size_t' to 'float', possible loss of data
  .\similarity_search\src\searchoracle.cc(236): warning C4267: 'argument': conversion from 'size_t' to 'unsigned int', possible loss of data
  .\similarity_search\src\searchoracle.cc(236): warning C4267: 'argument': conversion from 'size_t' to 'unsigned int', possible loss of data
  .\similarity_search\src\searchoracle.cc(236): warning C4267: 'argument': conversion from 'size_t' to 'unsigned int', possible loss of data
  .\similarity_search\include\tune.h(331): warning C4244: 'argument': conversion from 'double' to 'float', possible loss of data
  .\similarity_search\include\tune.h(331): note: the template instantiation context (the oldest one first) is
  .\similarity_search\src\searchoracle.cc(59): note: while compiling class template member function 'void similarity::PolynomialPruner<int>::SetIndexTimeParams(similarity::AnyParamManager &)'
  .\similarity_search\src\searchoracle.cc(227): note: see reference to function template instantiation 'void similarity::GetOptimalAlphas<dist_t>(bool,similarity::ExperimentConfig<dist_t> &,similarity::OptimMetric,float,const std::string &,const std::string &,const similarity::AnyParams,similarity::AnyParams,float &,float &,float &,float &,unsigned int,float &,unsigned int,unsigned int,unsigned int,unsigned int,float,float)' being compiled
          with
          [
              dist_t=int
          ]
  .\similarity_search\include\tune.h(99): warning C4244: 'initializing': conversion from 'double' to 'float', possible loss of data
  .\similarity_search\include\tune.h(99): note: the template instantiation context (the oldest one first) is
  .\similarity_search\src\searchoracle.cc(227): note: see reference to function template instantiation 'void similarity::GetOptimalAlphas<dist_t>(bool,similarity::ExperimentConfig<dist_t> &,similarity::OptimMetric,float,const std::string &,const std::string &,const similarity::AnyParams,similarity::AnyParams,float &,float &,float &,float &,unsigned int,float &,unsigned int,unsigned int,unsigned int,unsigned int,float,float)' being compiled
          with
          [
              dist_t=int
          ]
  .\similarity_search\include\tune.h(326): note: see reference to function template instantiation 'void similarity::GetOptimalAlphas<dist_t>(bool,similarity::ExperimentConfig<dist_t> &,similarity::OptimMetric,float,const std::string &,const std::string &,const similarity::AnyParams &,similarity::AnyParams,float,float,float,std::vector<std::shared_ptr<similarity::GoldStandardManager<dist_t>>,std::allocator<std::shared_ptr<similarity::GoldStandardManager<dist_t>>>> &,std::vector<std::shared_ptr<similarity::Index<dist_t>>,std::allocator<std::shared_ptr<similarity::Index<dist_t>>>> &,float &,float &,float &,float &,unsigned int,float &,unsigned int,unsigned int,unsigned int,int,float,unsigned int)' being compiled
          with
          [
              dist_t=int
          ]
  .\similarity_search\include\tune.h(100): warning C4244: 'initializing': conversion from 'double' to 'float', possible loss of data
  .\similarity_search\include\tune.h(172): warning C4267: 'argument': conversion from 'size_t' to 'unsigned int', possible loss of data
  .\similarity_search\include\tune.h(185): warning C4244: '=': conversion from 'double' to 'float', possible loss of data
  .\similarity_search\include\tune.h(186): warning C4244: '=': conversion from 'double' to 'float', possible loss of data
  .\similarity_search\include\tune.h(187): warning C4244: '=': conversion from 'double' to 'float', possible loss of data
  C:\Users\maze2\AppData\Local\Temp\pip-install-gjqj2etw\nmslib_760c4860d60c46ad9a07313ddb25ac3c\similarity_search\include\query_creator.h(43): warning C4267: 'initializing': conversion from 'size_t' to 'dist_t', possible loss of data
          with
          [
              dist_t=int
          ]
  C:\Users\maze2\AppData\Local\Temp\pip-install-gjqj2etw\nmslib_760c4860d60c46ad9a07313ddb25ac3c\similarity_search\include\query_creator.h(43): note: the template instantiation context (the oldest one first) is
  .\similarity_search\include\tune.h(326): note: see reference to function template instantiation 'void similarity::GetOptimalAlphas<dist_t>(bool,similarity::ExperimentConfig<dist_t> &,similarity::OptimMetric,float,const std::string &,const std::string &,const similarity::AnyParams &,similarity::AnyParams,float,float,float,std::vector<std::shared_ptr<similarity::GoldStandardManager<dist_t>>,std::allocator<std::shared_ptr<similarity::GoldStandardManager<dist_t>>>> &,std::vector<std::shared_ptr<similarity::Index<dist_t>>,std::allocator<std::shared_ptr<similarity::Index<dist_t>>>> &,float &,float &,float &,float &,unsigned int,float &,unsigned int,unsigned int,unsigned int,int,float,unsigned int)' being compiled
          with
          [
              dist_t=int
          ]
  .\similarity_search\include\tune.h(171): note: see reference to class template instantiation 'similarity::Experiments<dist_t>' being compiled
          with
          [
              dist_t=int
          ]
  C:\Users\maze2\AppData\Local\Temp\pip-install-gjqj2etw\nmslib_760c4860d60c46ad9a07313ddb25ac3c\similarity_search\include\experiments.h(63): note: while compiling class template member function 'void similarity::Experiments<dist_t>::RunAll(bool,unsigned int,size_t,const similarity::GoldStandardManager<dist_t> &,bool,std::vector<std::vector<similarity::MetaAnalysis *,std::allocator<similarity::MetaAnalysis *>>,std::allocator<std::vector<similarity::MetaAnalysis *,std::allocator<similarity::MetaAnalysis *>>>> &,std::vector<std::vector<similarity::MetaAnalysis *,std::allocator<similarity::MetaAnalysis *>>,std::allocator<std::vector<similarity::MetaAnalysis *,std::allocator<similarity::MetaAnalysis *>>>> &,const similarity::ExperimentConfig<dist_t> &,similarity::Index<dist_t> &,const std::vector<std::shared_ptr<similarity::AnyParams>,std::allocator<std::shared_ptr<similarity::AnyParams>>> &)'
          with
          [
              dist_t=int
          ]
  .\similarity_search\include\tune.h(171): note: see the first reference to 'similarity::Experiments<dist_t>::RunAll' in 'similarity::GetOptimalAlphas'
          with
          [
              dist_t=int
          ]
  .\similarity_search\include\tune.h(326): note: see the first reference to 'similarity::GetOptimalAlphas' in 'similarity::GetOptimalAlphas'
  .\similarity_search\src\searchoracle.cc(227): note: see the first reference to 'similarity::GetOptimalAlphas' in 'similarity::PolynomialPruner<int>::SetIndexTimeParams'
  C:\Users\maze2\AppData\Local\Temp\pip-install-gjqj2etw\nmslib_760c4860d60c46ad9a07313ddb25ac3c\similarity_search\include\experiments.h(94): note: see reference to class template instantiation 'similarity::KNNCreator<dist_t>' being compiled
          with
          [
              dist_t=int
          ]
  C:\Users\maze2\AppData\Local\Temp\pip-install-gjqj2etw\nmslib_760c4860d60c46ad9a07313ddb25ac3c\similarity_search\include\query_creator.h(43): note: while compiling class template member function 'similarity::KNNCreator<dist_t>::KNNCreator(size_t,float)'
          with
          [
              dist_t=int
          ]
  C:\Users\maze2\AppData\Local\Temp\pip-install-gjqj2etw\nmslib_760c4860d60c46ad9a07313ddb25ac3c\similarity_search\include\experiments.h(94): note: see the first reference to 'similarity::KNNCreator<dist_t>::KNNCreator' in 'similarity::Experiments<dist_t>::RunAll'
          with
          [
              dist_t=int
          ]
  .\similarity_search\include\tune.h(171): note: see the first reference to 'similarity::Experiments<dist_t>::RunAll' in 'similarity::GetOptimalAlphas'
          with
          [
              dist_t=int
          ]
  .\similarity_search\include\tune.h(326): note: see the first reference to 'similarity::GetOptimalAlphas' in 'similarity::GetOptimalAlphas'
  .\similarity_search\src\searchoracle.cc(227): note: see the first reference to 'similarity::GetOptimalAlphas' in 'similarity::PolynomialPruner<int>::SetIndexTimeParams'
  C:\Users\maze2\AppData\Local\Temp\pip-install-gjqj2etw\nmslib_760c4860d60c46ad9a07313ddb25ac3c\similarity_search\include\query_creator.h(43): warning C4244: 'initializing': conversion from 'size_t' to 'dist_t', possible loss of data
          with
          [
              dist_t=float
          ]
  C:\Users\maze2\AppData\Local\Temp\pip-install-gjqj2etw\nmslib_760c4860d60c46ad9a07313ddb25ac3c\similarity_search\include\query_creator.h(43): note: the template instantiation context (the oldest one first) is
  .\similarity_search\include\tune.h(326): note: see reference to function template instantiation 'void similarity::GetOptimalAlphas<dist_t>(bool,similarity::ExperimentConfig<dist_t> &,similarity::OptimMetric,float,const std::string &,const std::string &,const similarity::AnyParams &,similarity::AnyParams,float,float,float,std::vector<std::shared_ptr<similarity::GoldStandardManager<dist_t>>,std::allocator<std::shared_ptr<similarity::GoldStandardManager<dist_t>>>> &,std::vector<std::shared_ptr<similarity::Index<dist_t>>,std::allocator<std::shared_ptr<similarity::Index<dist_t>>>> &,float &,float &,float &,float &,unsigned int,float &,unsigned int,unsigned int,unsigned int,int,float,unsigned int)' being compiled
          with
          [
              dist_t=float
          ]
  .\similarity_search\include\tune.h(171): note: see reference to class template instantiation 'similarity::Experiments<dist_t>' being compiled
          with
          [
              dist_t=float
          ]
  C:\Users\maze2\AppData\Local\Temp\pip-install-gjqj2etw\nmslib_760c4860d60c46ad9a07313ddb25ac3c\similarity_search\include\experiments.h(63): note: while compiling class template member function 'void similarity::Experiments<dist_t>::RunAll(bool,unsigned int,size_t,const similarity::GoldStandardManager<dist_t> &,bool,std::vector<std::vector<similarity::MetaAnalysis *,std::allocator<similarity::MetaAnalysis *>>,std::allocator<std::vector<similarity::MetaAnalysis *,std::allocator<similarity::MetaAnalysis *>>>> &,std::vector<std::vector<similarity::MetaAnalysis *,std::allocator<similarity::MetaAnalysis *>>,std::allocator<std::vector<similarity::MetaAnalysis *,std::allocator<similarity::MetaAnalysis *>>>> &,const similarity::ExperimentConfig<dist_t> &,similarity::Index<dist_t> &,const std::vector<std::shared_ptr<similarity::AnyParams>,std::allocator<std::shared_ptr<similarity::AnyParams>>> &)'
          with
          [
              dist_t=float
          ]
  .\similarity_search\include\tune.h(171): note: see the first reference to 'similarity::Experiments<dist_t>::RunAll' in 'similarity::GetOptimalAlphas'
          with
          [
              dist_t=float
          ]
  .\similarity_search\include\tune.h(326): note: see the first reference to 'similarity::GetOptimalAlphas' in 'similarity::GetOptimalAlphas'
  .\similarity_search\src\searchoracle.cc(227): note: see the first reference to 'similarity::GetOptimalAlphas' in 'similarity::PolynomialPruner<float>::SetIndexTimeParams'
  C:\Users\maze2\AppData\Local\Temp\pip-install-gjqj2etw\nmslib_760c4860d60c46ad9a07313ddb25ac3c\similarity_search\include\experiments.h(94): note: see reference to class template instantiation 'similarity::KNNCreator<dist_t>' being compiled
          with
          [
              dist_t=float
          ]
  C:\Users\maze2\AppData\Local\Temp\pip-install-gjqj2etw\nmslib_760c4860d60c46ad9a07313ddb25ac3c\similarity_search\include\query_creator.h(43): note: while compiling class template member function 'similarity::KNNCreator<dist_t>::KNNCreator(size_t,float)'
          with
          [
              dist_t=float
          ]
  C:\Users\maze2\AppData\Local\Temp\pip-install-gjqj2etw\nmslib_760c4860d60c46ad9a07313ddb25ac3c\similarity_search\include\experiments.h(94): note: see the first reference to 'similarity::KNNCreator<dist_t>::KNNCreator' in 'similarity::Experiments<dist_t>::RunAll'
          with
          [
              dist_t=float
          ]
  .\similarity_search\include\tune.h(171): note: see the first reference to 'similarity::Experiments<dist_t>::RunAll' in 'similarity::GetOptimalAlphas'
          with
          [
              dist_t=float
          ]
  .\similarity_search\include\tune.h(326): note: see the first reference to 'similarity::GetOptimalAlphas' in 'similarity::GetOptimalAlphas'
  .\similarity_search\src\searchoracle.cc(227): note: see the first reference to 'similarity::GetOptimalAlphas' in 'similarity::PolynomialPruner<float>::SetIndexTimeParams'
  C:\Users\maze2\AppData\Local\Temp\pip-install-gjqj2etw\nmslib_760c4860d60c46ad9a07313ddb25ac3c\similarity_search\include\experiments.h(117): warning C4267: 'initializing': conversion from 'size_t' to 'unsigned int', possible loss of data
  C:\Users\maze2\AppData\Local\Temp\pip-install-gjqj2etw\nmslib_760c4860d60c46ad9a07313ddb25ac3c\similarity_search\include\experiments.h(117): note: the template instantiation context (the oldest one first) is
  C:\Users\maze2\AppData\Local\Temp\pip-install-gjqj2etw\nmslib_760c4860d60c46ad9a07313ddb25ac3c\similarity_search\include\experiments.h(82): note: see reference to function template instantiation 'void similarity::Experiments<dist_t>::Execute<similarity::RangeQuery<dist_t>,similarity::RangeCreator<dist_t>>(bool,unsigned int,size_t,const std::vector<std::unique_ptr<similarity::GoldStandard<dist_t>,std::default_delete<similarity::GoldStandard<dist_t>>>,std::allocator<std::unique_ptr<similarity::GoldStandard<dist_t>,std::default_delete<similarity::GoldStandard<dist_t>>>>> &,bool,std::vector<similarity::MetaAnalysis *,std::allocator<similarity::MetaAnalysis *>> &,const similarity::ExperimentConfig<dist_t> &,const QueryCreatorType &,similarity::Index<dist_t> &,const std::vector<std::shared_ptr<similarity::AnyParams>,std::allocator<std::shared_ptr<similarity::AnyParams>>> &)' being compiled
          with
          [
              dist_t=float,
              QueryCreatorType=similarity::RangeCreator<float>
          ]
  C:\Users\maze2\AppData\Local\Temp\pip-install-gjqj2etw\nmslib_760c4860d60c46ad9a07313ddb25ac3c\similarity_search\include\experiments.h(193): warning C4244: 'argument': conversion from 'uint64_t' to 'double', possible loss of data
  C:\Users\maze2\AppData\Local\Temp\pip-install-gjqj2etw\nmslib_760c4860d60c46ad9a07313ddb25ac3c\similarity_search\include\gold_standard.h(334): warning C4267: 'argument': conversion from 'size_t' to 'unsigned int', possible loss of data
  C:\Users\maze2\AppData\Local\Temp\pip-install-gjqj2etw\nmslib_760c4860d60c46ad9a07313ddb25ac3c\similarity_search\include\gold_standard.h(334): note: the template instantiation context (the oldest one first) is
  .\similarity_search\include\tune.h(326): note: see reference to class template instantiation 'similarity::GoldStandardManager<dist_t>' being compiled
          with
          [
              dist_t=float
          ]
  C:\Users\maze2\AppData\Local\Temp\pip-install-gjqj2etw\nmslib_760c4860d60c46ad9a07313ddb25ac3c\similarity_search\include\gold_standard.h(233): note: while compiling class template member function 'void similarity::GoldStandardManager<dist_t>::Compute(size_t,float)'
          with
          [
              dist_t=float
          ]
  .\similarity_search\include\tune.h(136): note: see the first reference to 'similarity::GoldStandardManager<dist_t>::Compute' in 'similarity::GetOptimalAlphas'
          with
          [
              dist_t=float
          ]
  .\similarity_search\include\tune.h(326): note: see the first reference to 'similarity::GetOptimalAlphas' in 'similarity::GetOptimalAlphas'
  .\similarity_search\src\searchoracle.cc(227): note: see the first reference to 'similarity::GetOptimalAlphas' in 'similarity::PolynomialPruner<float>::SetIndexTimeParams'
  C:\Users\maze2\AppData\Local\Temp\pip-install-gjqj2etw\nmslib_760c4860d60c46ad9a07313ddb25ac3c\similarity_search\include\gold_standard.h(240): note: see reference to function template instantiation 'void similarity::GoldStandardManager<dist_t>::procOneSet<similarity::RangeCreator<dist_t>>(const QueryCreatorType &,std::vector<std::unique_ptr<similarity::GoldStandard<dist_t>,std::default_delete<similarity::GoldStandard<dist_t>>>,std::allocator<std::unique_ptr<similarity::GoldStandard<dist_t>,std::default_delete<similarity::GoldStandard<dist_t>>>>> &,size_t,float)' being compiled
          with
          [
              dist_t=float,
              QueryCreatorType=similarity::RangeCreator<float>
          ]
  C:\Users\maze2\AppData\Local\Temp\pip-install-gjqj2etw\nmslib_760c4860d60c46ad9a07313ddb25ac3c\similarity_search\include\query_creator.h(46): warning C4244: 'argument': conversion from 'const dist_t' to 'const unsigned int', possible loss of data
          with
          [
              dist_t=float
          ]
  C:\Users\maze2\AppData\Local\Temp\pip-install-gjqj2etw\nmslib_760c4860d60c46ad9a07313ddb25ac3c\similarity_search\include\query_creator.h(46): note: the template instantiation context (the oldest one first) is
  C:\Users\maze2\AppData\Local\Temp\pip-install-gjqj2etw\nmslib_760c4860d60c46ad9a07313ddb25ac3c\similarity_search\include\query_creator.h(44): note: while compiling class template member function 'similarity::KNNQuery<dist_t> *similarity::KNNCreator<dist_t>::operator ()(const similarity::Space<dist_t> &,const similarity::Object *) const'
          with
          [
              dist_t=float
          ]
  C:\Users\maze2\AppData\Local\Temp\pip-install-gjqj2etw\nmslib_760c4860d60c46ad9a07313ddb25ac3c\similarity_search\include\experiments.h(184): note: see the first reference to 'similarity::KNNCreator<dist_t>::operator ()' in 'similarity::Experiments<dist_t>::Execute::<lambda_8130bf6ef4895053c2b9407fc9739741>::operator ()'
          with
          [
              dist_t=float
          ]
  C:\Users\maze2\AppData\Local\Temp\pip-install-gjqj2etw\nmslib_760c4860d60c46ad9a07313ddb25ac3c\similarity_search\include\eval_results.h(183): warning C4244: 'argument': conversion from 'size_t' to 'double', possible loss of data
  C:\Users\maze2\AppData\Local\Temp\pip-install-gjqj2etw\nmslib_760c4860d60c46ad9a07313ddb25ac3c\similarity_search\include\eval_results.h(183): note: the template instantiation context (the oldest one first) is
  C:\Users\maze2\AppData\Local\Temp\pip-install-gjqj2etw\nmslib_760c4860d60c46ad9a07313ddb25ac3c\similarity_search\include\experiments.h(82): note: see reference to function template instantiation 'void similarity::Experiments<dist_t>::Execute<similarity::RangeQuery<dist_t>,similarity::RangeCreator<dist_t>>(bool,unsigned int,size_t,const std::vector<std::unique_ptr<similarity::GoldStandard<dist_t>,std::default_delete<similarity::GoldStandard<dist_t>>>,std::allocator<std::unique_ptr<similarity::GoldStandard<dist_t>,std::default_delete<similarity::GoldStandard<dist_t>>>>> &,bool,std::vector<similarity::MetaAnalysis *,std::allocator<similarity::MetaAnalysis *>> &,const similarity::ExperimentConfig<dist_t> &,const QueryCreatorType &,similarity::Index<dist_t> &,const std::vector<std::shared_ptr<similarity::AnyParams>,std::allocator<std::shared_ptr<similarity::AnyParams>>> &)' being compiled
          with
          [
              dist_t=int,
              QueryCreatorType=similarity::RangeCreator<int>
          ]
  C:\Users\maze2\AppData\Local\Temp\pip-install-gjqj2etw\nmslib_760c4860d60c46ad9a07313ddb25ac3c\similarity_search\include\experiments.h(233): note: see reference to class template instantiation 'similarity::EvalResults<dist_t>' being compiled
          with
          [
              dist_t=int
          ]
  C:\Users\maze2\AppData\Local\Temp\pip-install-gjqj2etw\nmslib_760c4860d60c46ad9a07313ddb25ac3c\similarity_search\include\eval_results.h(175): note: while compiling class template member function 'void similarity::EvalResults<dist_t>::ComputeMetrics(similarity::LabelType,bool)'
          with
          [
              dist_t=int
          ]
  C:\Users\maze2\AppData\Local\Temp\pip-install-gjqj2etw\nmslib_760c4860d60c46ad9a07313ddb25ac3c\similarity_search\include\eval_results.h(58): note: see the first reference to 'similarity::EvalResults<dist_t>::ComputeMetrics' in 'similarity::EvalResults<dist_t>::EvalResults'
          with
          [
              dist_t=int
          ]
  C:\Users\maze2\AppData\Local\Temp\pip-install-gjqj2etw\nmslib_760c4860d60c46ad9a07313ddb25ac3c\similarity_search\include\experiments.h(233): note: see the first reference to 'similarity::EvalResults<dist_t>::EvalResults' in 'similarity::Experiments<dist_t>::Execute'
          with
          [
              dist_t=int
          ]
  C:\Users\maze2\AppData\Local\Temp\pip-install-gjqj2etw\nmslib_760c4860d60c46ad9a07313ddb25ac3c\similarity_search\include\experiments.h(82): note: see the first reference to 'similarity::Experiments<dist_t>::Execute' in 'similarity::Experiments<dist_t>::RunAll'
          with
          [
              dist_t=int
          ]
  .\similarity_search\include\tune.h(171): note: see the first reference to 'similarity::Experiments<dist_t>::RunAll' in 'similarity::GetOptimalAlphas'
          with
          [
              dist_t=int
          ]
  .\similarity_search\include\tune.h(326): note: see the first reference to 'similarity::GetOptimalAlphas' in 'similarity::GetOptimalAlphas'
  .\similarity_search\src\searchoracle.cc(227): note: see the first reference to 'similarity::GetOptimalAlphas' in 'similarity::PolynomialPruner<int>::SetIndexTimeParams'
  C:\Users\maze2\AppData\Local\Temp\pip-install-gjqj2etw\nmslib_760c4860d60c46ad9a07313ddb25ac3c\similarity_search\include\eval_results.h(185): warning C4244: 'argument': conversion from 'size_t' to 'double', possible loss of data
  C:\Users\maze2\AppData\Local\Temp\pip-install-gjqj2etw\nmslib_760c4860d60c46ad9a07313ddb25ac3c\similarity_search\include\eval_results.h(187): warning C4244: 'argument': conversion from 'size_t' to 'double', possible loss of data
  C:\Users\maze2\AppData\Local\Temp\pip-install-gjqj2etw\nmslib_760c4860d60c46ad9a07313ddb25ac3c\similarity_search\include\eval_results.h(188): warning C4244: 'argument': conversion from 'size_t' to 'double', possible loss of data
  C:\Users\maze2\AppData\Local\Temp\pip-install-gjqj2etw\nmslib_760c4860d60c46ad9a07313ddb25ac3c\similarity_search\include\thread_pool.h(69): warning C4267: 'argument': conversion from 'size_t' to 'unsigned int', possible loss of data
  C:\Users\maze2\AppData\Local\Temp\pip-install-gjqj2etw\nmslib_760c4860d60c46ad9a07313ddb25ac3c\similarity_search\include\thread_pool.h(69): note: the template instantiation context (the oldest one first) is
  C:\Users\maze2\AppData\Local\Temp\pip-install-gjqj2etw\nmslib_760c4860d60c46ad9a07313ddb25ac3c\similarity_search\include\experiments.h(175): note: see reference to function template instantiation 'void similarity::ParallelFor<similarity::Experiments<dist_t>::Execute::<lambda_1c8e25ed05513503c633f4a3d08a6ce1>>(size_t,size_t,size_t,Function)' being compiled
          with
          [
              dist_t=float,
              Function=similarity::Experiments<float>::Execute::<lambda_1c8e25ed05513503c633f4a3d08a6ce1>
          ]
  C:\Users\maze2\AppData\Local\Temp\pip-install-gjqj2etw\nmslib_760c4860d60c46ad9a07313ddb25ac3c\similarity_search\include\thread_pool.h(90): warning C4267: 'argument': conversion from 'size_t' to 'unsigned int', possible loss of data
  C:\Users\maze2\AppData\Local\Temp\pip-install-gjqj2etw\nmslib_760c4860d60c46ad9a07313ddb25ac3c\similarity_search\include\thread_pool.h(90): warning C4267: 'argument': conversion from 'size_t' to 'unsigned int', possible loss of data
  "C:\Program Files (x86)\Microsoft Visual Studio\2022\BuildTools\VC\Tools\MSVC\14.43.34808\bin\HostX86\x64\cl.exe" /c /nologo /O2 /W3 /GL /DNDEBUG /MD -I.\similarity_search\include -Itensorflow -IC:\Users\maze2\AppData\Roaming\Python\Python310\site-packages\pybind11\include -IC:\Users\maze2\AppData\Roaming\Python\Python310\site-packages\pybind11\include -IC:\Users\maze2\AppData\Roaming\Python\Python310\site-packages\pybind11\include -IC:\Users\maze2\AppData\Roaming\Python\Python310\site-packages\pybind11\include -IC:\Users\maze2\AppData\Roaming\Python\Python310\site-packages\numpy\core\include "-IC:\Program Files\Python310\include" "-IC:\Program Files\Python310\Include" "-IC:\Program Files (x86)\Microsoft Visual Studio\2022\BuildTools\VC\Tools\MSVC\14.43.34808\include" "-IC:\Program Files (x86)\Microsoft Visual Studio\2022\BuildTools\VC\Auxiliary\VS\include" "-IC:\Program Files (x86)\Windows Kits\10\include\10.0.22621.0\ucrt" "-IC:\Program Files (x86)\Windows Kits\10\\include\10.0.22621.0\\um" "-IC:\Program Files (x86)\Windows Kits\10\\include\10.0.22621.0\\shared" "-IC:\Program Files (x86)\Windows Kits\10\\include\10.0.22621.0\\winrt" "-IC:\Program Files (x86)\Windows Kits\10\\include\10.0.22621.0\\cppwinrt" /EHsc /Tp.\similarity_search\src\space.cc /Fobuild\temp.win-amd64-cpython-310\Release\.\similarity_search\src\space.obj /EHsc /openmp /O2 /DVERSION_INFO=\\\"2.1.1\\\"
  space.cc
  C:\Users\maze2\AppData\Local\Temp\pip-install-gjqj2etw\nmslib_760c4860d60c46ad9a07313ddb25ac3c\similarity_search\include\object.h(127): warning C4267: '=': conversion from 'size_t' to 'int', possible loss of data
  .\similarity_search\src\space.cc(35): warning C4267: 'argument': conversion from 'size_t' to 'similarity::IdType', possible loss of data
  .\similarity_search\src\space.cc(35): note: the template instantiation context (the oldest one first) is
  .\similarity_search\src\space.cc(108): note: see reference to class template instantiation 'similarity::Space<int>' being compiled
  .\similarity_search\src\space.cc(27): note: while compiling class template member function 'std::unique_ptr<similarity::DataFileInputState,std::default_delete<similarity::DataFileInputState>> similarity::Space<int>::ReadDataset(similarity::ObjectVector &,std::vector<std::string,std::allocator<std::string>> &,const std::string &,const similarity::IdTypeUnsign) const'
  "C:\Program Files (x86)\Microsoft Visual Studio\2022\BuildTools\VC\Tools\MSVC\14.43.34808\bin\HostX86\x64\cl.exe" /c /nologo /O2 /W3 /GL /DNDEBUG /MD -I.\similarity_search\include -Itensorflow -IC:\Users\maze2\AppData\Roaming\Python\Python310\site-packages\pybind11\include -IC:\Users\maze2\AppData\Roaming\Python\Python310\site-packages\pybind11\include -IC:\Users\maze2\AppData\Roaming\Python\Python310\site-packages\pybind11\include -IC:\Users\maze2\AppData\Roaming\Python\Python310\site-packages\pybind11\include -IC:\Users\maze2\AppData\Roaming\Python\Python310\site-packages\numpy\core\include "-IC:\Program Files\Python310\include" "-IC:\Program Files\Python310\Include" "-IC:\Program Files (x86)\Microsoft Visual Studio\2022\BuildTools\VC\Tools\MSVC\14.43.34808\include" "-IC:\Program Files (x86)\Microsoft Visual Studio\2022\BuildTools\VC\Auxiliary\VS\include" "-IC:\Program Files (x86)\Windows Kits\10\include\10.0.22621.0\ucrt" "-IC:\Program Files (x86)\Windows Kits\10\\include\10.0.22621.0\\um" "-IC:\Program Files (x86)\Windows Kits\10\\include\10.0.22621.0\\shared" "-IC:\Program Files (x86)\Windows Kits\10\\include\10.0.22621.0\\winrt" "-IC:\Program Files (x86)\Windows Kits\10\\include\10.0.22621.0\\cppwinrt" /EHsc /Tp.\similarity_search\src\space\space_ab_diverg.cc /Fobuild\temp.win-amd64-cpython-310\Release\.\similarity_search\src\space\space_ab_diverg.obj /EHsc /openmp /O2 /DVERSION_INFO=\\\"2.1.1\\\"
  space_ab_diverg.cc
  .\similarity_search\include\object.h(127): warning C4267: '=': conversion from 'size_t' to 'int', possible loss of data
  .\similarity_search\include\distcomp.h(260): warning C4244: 'initializing': conversion from 'size_t' to 'float', possible loss of data
  .\similarity_search\src\space\space_ab_diverg.cc(34): warning C4267: 'argument': conversion from 'size_t' to 'const int', possible loss of data
  .\similarity_search\src\space\space_ab_diverg.cc(34): note: the template instantiation context (the oldest one first) is
  .\similarity_search\src\space\space_ab_diverg.cc(55): note: see reference to class template instantiation 'similarity::SpaceAlphaBetaDivergSlow<float>' being compiled
  .\similarity_search\src\space\space_ab_diverg.cc(27): note: while compiling class template member function 'dist_t similarity::SpaceAlphaBetaDivergSlow<dist_t>::HiddenDistance(const similarity::Object *,const similarity::Object *) const'
          with
          [
              dist_t=float
          ]
  .\similarity_search\src\space\space_ab_diverg.cc(45): warning C4267: 'argument': conversion from 'size_t' to 'const int', possible loss of data
  .\similarity_search\src\space\space_ab_diverg.cc(45): note: the template instantiation context (the oldest one first) is
  .\similarity_search\src\space\space_ab_diverg.cc(38): note: while compiling class template member function 'dist_t similarity::SpaceAlphaBetaDivergSlow<dist_t>::ProxyDistance(const similarity::Object *,const similarity::Object *) const'
          with
          [
              dist_t=float
          ]
  .\similarity_search\src\space\space_ab_diverg.cc(65): warning C4267: 'argument': conversion from 'size_t' to 'const int', possible loss of data
  .\similarity_search\src\space\space_ab_diverg.cc(65): note: the template instantiation context (the oldest one first) is
  .\similarity_search\src\space\space_ab_diverg.cc(86): note: see reference to class template instantiation 'similarity::SpaceAlphaBetaDivergFast<float>' being compiled
  .\similarity_search\src\space\space_ab_diverg.cc(58): note: while compiling class template member function 'dist_t similarity::SpaceAlphaBetaDivergFast<dist_t>::HiddenDistance(const similarity::Object *,const similarity::Object *) const'
          with
          [
              dist_t=float
          ]
  .\similarity_search\src\space\space_ab_diverg.cc(76): warning C4267: 'argument': conversion from 'size_t' to 'const int', possible loss of data
  .\similarity_search\src\space\space_ab_diverg.cc(76): note: the template instantiation context (the oldest one first) is
  .\similarity_search\src\space\space_ab_diverg.cc(69): note: while compiling class template member function 'dist_t similarity::SpaceAlphaBetaDivergFast<dist_t>::ProxyDistance(const similarity::Object *,const similarity::Object *) const'
          with
          [
              dist_t=float
          ]
  "C:\Program Files (x86)\Microsoft Visual Studio\2022\BuildTools\VC\Tools\MSVC\14.43.34808\bin\HostX86\x64\cl.exe" /c /nologo /O2 /W3 /GL /DNDEBUG /MD -I.\similarity_search\include -Itensorflow -IC:\Users\maze2\AppData\Roaming\Python\Python310\site-packages\pybind11\include -IC:\Users\maze2\AppData\Roaming\Python\Python310\site-packages\pybind11\include -IC:\Users\maze2\AppData\Roaming\Python\Python310\site-packages\pybind11\include -IC:\Users\maze2\AppData\Roaming\Python\Python310\site-packages\pybind11\include -IC:\Users\maze2\AppData\Roaming\Python\Python310\site-packages\numpy\core\include "-IC:\Program Files\Python310\include" "-IC:\Program Files\Python310\Include" "-IC:\Program Files (x86)\Microsoft Visual Studio\2022\BuildTools\VC\Tools\MSVC\14.43.34808\include" "-IC:\Program Files (x86)\Microsoft Visual Studio\2022\BuildTools\VC\Auxiliary\VS\include" "-IC:\Program Files (x86)\Windows Kits\10\include\10.0.22621.0\ucrt" "-IC:\Program Files (x86)\Windows Kits\10\\include\10.0.22621.0\\um" "-IC:\Program Files (x86)\Windows Kits\10\\include\10.0.22621.0\\shared" "-IC:\Program Files (x86)\Windows Kits\10\\include\10.0.22621.0\\winrt" "-IC:\Program Files (x86)\Windows Kits\10\\include\10.0.22621.0\\cppwinrt" /EHsc /Tp.\similarity_search\src\space\space_bregman.cc /Fobuild\temp.win-amd64-cpython-310\Release\.\similarity_search\src\space\space_bregman.obj /EHsc /openmp /O2 /DVERSION_INFO=\\\"2.1.1\\\"
  space_bregman.cc
  .\similarity_search\include\object.h(127): warning C4267: '=': conversion from 'size_t' to 'int', possible loss of data
  .\similarity_search\include\distcomp.h(260): warning C4244: 'initializing': conversion from 'size_t' to 'float', possible loss of data
  .\similarity_search\src\space\space_bregman.cc(52): warning C4244: '/=': conversion from 'double' to 'dist_t', possible loss of data
          with
          [
              dist_t=float
          ]
  .\similarity_search\src\space\space_bregman.cc(52): note: the template instantiation context (the oldest one first) is
  .\similarity_search\src\space\space_bregman.cc(330): note: see reference to class template instantiation 'similarity::BregmanDiv<float>' being compiled
  .\similarity_search\src\space\space_bregman.cc(28): note: while compiling class template member function 'similarity::Object *similarity::BregmanDiv<float>::Mean(const similarity::ObjectVector &) const'
  .\similarity_search\src\space\space_bregman.cc(83): warning C4244: '=': conversion from 'double' to 'dist_t', possible loss of data
          with
          [
              dist_t=float
          ]
  .\similarity_search\src\space\space_bregman.cc(83): note: the template instantiation context (the oldest one first) is
  .\similarity_search\src\space\space_bregman.cc(331): note: see reference to class template instantiation 'similarity::KLDivAbstract<float>' being compiled
  .\similarity_search\src\space\space_bregman.cc(74): note: while compiling class template member function 'similarity::Object *similarity::KLDivAbstract<float>::GradientFunction(const similarity::Object *) const'
  .\similarity_search\src\space\space_bregman.cc(98): warning C4244: '=': conversion from 'double' to 'dist_t', possible loss of data
          with
          [
              dist_t=float
          ]
  .\similarity_search\src\space\space_bregman.cc(98): note: the template instantiation context (the oldest one first) is
  .\similarity_search\src\space\space_bregman.cc(89): note: while compiling class template member function 'similarity::Object *similarity::KLDivAbstract<float>::InverseGradientFunction(const similarity::Object *) const'
  "C:\Program Files (x86)\Microsoft Visual Studio\2022\BuildTools\VC\Tools\MSVC\14.43.34808\bin\HostX86\x64\cl.exe" /c /nologo /O2 /W3 /GL /DNDEBUG /MD -I.\similarity_search\include -Itensorflow -IC:\Users\maze2\AppData\Roaming\Python\Python310\site-packages\pybind11\include -IC:\Users\maze2\AppData\Roaming\Python\Python310\site-packages\pybind11\include -IC:\Users\maze2\AppData\Roaming\Python\Python310\site-packages\pybind11\include -IC:\Users\maze2\AppData\Roaming\Python\Python310\site-packages\pybind11\include -IC:\Users\maze2\AppData\Roaming\Python\Python310\site-packages\numpy\core\include "-IC:\Program Files\Python310\include" "-IC:\Program Files\Python310\Include" "-IC:\Program Files (x86)\Microsoft Visual Studio\2022\BuildTools\VC\Tools\MSVC\14.43.34808\include" "-IC:\Program Files (x86)\Microsoft Visual Studio\2022\BuildTools\VC\Auxiliary\VS\include" "-IC:\Program Files (x86)\Windows Kits\10\include\10.0.22621.0\ucrt" "-IC:\Program Files (x86)\Windows Kits\10\\include\10.0.22621.0\\um" "-IC:\Program Files (x86)\Windows Kits\10\\include\10.0.22621.0\\shared" "-IC:\Program Files (x86)\Windows Kits\10\\include\10.0.22621.0\\winrt" "-IC:\Program Files (x86)\Windows Kits\10\\include\10.0.22621.0\\cppwinrt" /EHsc /Tp.\similarity_search\src\space\space_dummy.cc /Fobuild\temp.win-amd64-cpython-310\Release\.\similarity_search\src\space\space_dummy.obj /EHsc /openmp /O2 /DVERSION_INFO=\\\"2.1.1\\\"
  space_dummy.cc
  .\similarity_search\include\object.h(127): warning C4267: '=': conversion from 'size_t' to 'int', possible loss of data
  .\similarity_search\include\distcomp.h(260): warning C4244: 'initializing': conversion from 'size_t' to 'float', possible loss of data
  "C:\Program Files (x86)\Microsoft Visual Studio\2022\BuildTools\VC\Tools\MSVC\14.43.34808\bin\HostX86\x64\cl.exe" /c /nologo /O2 /W3 /GL /DNDEBUG /MD -I.\similarity_search\include -Itensorflow -IC:\Users\maze2\AppData\Roaming\Python\Python310\site-packages\pybind11\include -IC:\Users\maze2\AppData\Roaming\Python\Python310\site-packages\pybind11\include -IC:\Users\maze2\AppData\Roaming\Python\Python310\site-packages\pybind11\include -IC:\Users\maze2\AppData\Roaming\Python\Python310\site-packages\pybind11\include -IC:\Users\maze2\AppData\Roaming\Python\Python310\site-packages\numpy\core\include "-IC:\Program Files\Python310\include" "-IC:\Program Files\Python310\Include" "-IC:\Program Files (x86)\Microsoft Visual Studio\2022\BuildTools\VC\Tools\MSVC\14.43.34808\include" "-IC:\Program Files (x86)\Microsoft Visual Studio\2022\BuildTools\VC\Auxiliary\VS\include" "-IC:\Program Files (x86)\Windows Kits\10\include\10.0.22621.0\ucrt" "-IC:\Program Files (x86)\Windows Kits\10\\include\10.0.22621.0\\um" "-IC:\Program Files (x86)\Windows Kits\10\\include\10.0.22621.0\\shared" "-IC:\Program Files (x86)\Windows Kits\10\\include\10.0.22621.0\\winrt" "-IC:\Program Files (x86)\Windows Kits\10\\include\10.0.22621.0\\cppwinrt" /EHsc /Tp.\similarity_search\src\space\space_js.cc /Fobuild\temp.win-amd64-cpython-310\Release\.\similarity_search\src\space\space_js.obj /EHsc /openmp /O2 /DVERSION_INFO=\\\"2.1.1\\\"
  space_js.cc
  .\similarity_search\include\object.h(127): warning C4267: '=': conversion from 'size_t' to 'int', possible loss of data
  .\similarity_search\include\distcomp.h(260): warning C4244: 'initializing': conversion from 'size_t' to 'float', possible loss of data
  "C:\Program Files (x86)\Microsoft Visual Studio\2022\BuildTools\VC\Tools\MSVC\14.43.34808\bin\HostX86\x64\cl.exe" /c /nologo /O2 /W3 /GL /DNDEBUG /MD -I.\similarity_search\include -Itensorflow -IC:\Users\maze2\AppData\Roaming\Python\Python310\site-packages\pybind11\include -IC:\Users\maze2\AppData\Roaming\Python\Python310\site-packages\pybind11\include -IC:\Users\maze2\AppData\Roaming\Python\Python310\site-packages\pybind11\include -IC:\Users\maze2\AppData\Roaming\Python\Python310\site-packages\pybind11\include -IC:\Users\maze2\AppData\Roaming\Python\Python310\site-packages\numpy\core\include "-IC:\Program Files\Python310\include" "-IC:\Program Files\Python310\Include" "-IC:\Program Files (x86)\Microsoft Visual Studio\2022\BuildTools\VC\Tools\MSVC\14.43.34808\include" "-IC:\Program Files (x86)\Microsoft Visual Studio\2022\BuildTools\VC\Auxiliary\VS\include" "-IC:\Program Files (x86)\Windows Kits\10\include\10.0.22621.0\ucrt" "-IC:\Program Files (x86)\Windows Kits\10\\include\10.0.22621.0\\um" "-IC:\Program Files (x86)\Windows Kits\10\\include\10.0.22621.0\\shared" "-IC:\Program Files (x86)\Windows Kits\10\\include\10.0.22621.0\\winrt" "-IC:\Program Files (x86)\Windows Kits\10\\include\10.0.22621.0\\cppwinrt" /EHsc /Tp.\similarity_search\src\space\space_l2sqr_sift.cc /Fobuild\temp.win-amd64-cpython-310\Release\.\similarity_search\src\space\space_l2sqr_sift.obj /EHsc /openmp /O2 /DVERSION_INFO=\\\"2.1.1\\\"
  space_l2sqr_sift.cc
  .\similarity_search\include\object.h(127): warning C4267: '=': conversion from 'size_t' to 'int', possible loss of data
  .\similarity_search\include\distcomp.h(260): warning C4244: 'initializing': conversion from 'size_t' to 'float', possible loss of data
  .\similarity_search\src\space\space_l2sqr_sift.cc(63): warning C4267: '=': conversion from 'size_t' to 'unsigned int', possible loss of data
  "C:\Program Files (x86)\Microsoft Visual Studio\2022\BuildTools\VC\Tools\MSVC\14.43.34808\bin\HostX86\x64\cl.exe" /c /nologo /O2 /W3 /GL /DNDEBUG /MD -I.\similarity_search\include -Itensorflow -IC:\Users\maze2\AppData\Roaming\Python\Python310\site-packages\pybind11\include -IC:\Users\maze2\AppData\Roaming\Python\Python310\site-packages\pybind11\include -IC:\Users\maze2\AppData\Roaming\Python\Python310\site-packages\pybind11\include -IC:\Users\maze2\AppData\Roaming\Python\Python310\site-packages\pybind11\include -IC:\Users\maze2\AppData\Roaming\Python\Python310\site-packages\numpy\core\include "-IC:\Program Files\Python310\include" "-IC:\Program Files\Python310\Include" "-IC:\Program Files (x86)\Microsoft Visual Studio\2022\BuildTools\VC\Tools\MSVC\14.43.34808\include" "-IC:\Program Files (x86)\Microsoft Visual Studio\2022\BuildTools\VC\Auxiliary\VS\include" "-IC:\Program Files (x86)\Windows Kits\10\include\10.0.22621.0\ucrt" "-IC:\Program Files (x86)\Windows Kits\10\\include\10.0.22621.0\\um" "-IC:\Program Files (x86)\Windows Kits\10\\include\10.0.22621.0\\shared" "-IC:\Program Files (x86)\Windows Kits\10\\include\10.0.22621.0\\winrt" "-IC:\Program Files (x86)\Windows Kits\10\\include\10.0.22621.0\\cppwinrt" /EHsc /Tp.\similarity_search\src\space\space_lp.cc /Fobuild\temp.win-amd64-cpython-310\Release\.\similarity_search\src\space\space_lp.obj /EHsc /openmp /O2 /DVERSION_INFO=\\\"2.1.1\\\"
  space_lp.cc
  .\similarity_search\include\object.h(127): warning C4267: '=': conversion from 'size_t' to 'int', possible loss of data
  .\similarity_search\include\distcomp.h(260): warning C4244: 'initializing': conversion from 'size_t' to 'float', possible loss of data
  .\similarity_search\include\space/space_lp.h(66): warning C4267: 'argument': conversion from 'size_t' to 'const int', possible loss of data
  .\similarity_search\include\space/space_lp.h(66): note: the template instantiation context (the oldest one first) is
  .\similarity_search\src\space\space_lp.cc(44): note: see reference to class template instantiation 'similarity::SpaceLp<float>' being compiled
  .\similarity_search\include\space/space_lp.h(88): note: see reference to class template instantiation 'similarity::SpaceLpDist<dist_t>' being compiled
          with
          [
              dist_t=float
          ]
  .\similarity_search\include\space/space_lp.h(49): note: while compiling class template member function 'dist_t similarity::SpaceLpDist<dist_t>::operator ()(const dist_t *,const dist_t *,size_t) const'
          with
          [
              dist_t=float
          ]
  .\similarity_search\src\space\space_lp.cc(34): note: see the first reference to 'similarity::SpaceLpDist<dist_t>::operator ()' in 'similarity::SpaceLp<float>::HiddenDistance'
          with
          [
              dist_t=float
          ]
  "C:\Program Files (x86)\Microsoft Visual Studio\2022\BuildTools\VC\Tools\MSVC\14.43.34808\bin\HostX86\x64\cl.exe" /c /nologo /O2 /W3 /GL /DNDEBUG /MD -I.\similarity_search\include -Itensorflow -IC:\Users\maze2\AppData\Roaming\Python\Python310\site-packages\pybind11\include -IC:\Users\maze2\AppData\Roaming\Python\Python310\site-packages\pybind11\include -IC:\Users\maze2\AppData\Roaming\Python\Python310\site-packages\pybind11\include -IC:\Users\maze2\AppData\Roaming\Python\Python310\site-packages\pybind11\include -IC:\Users\maze2\AppData\Roaming\Python\Python310\site-packages\numpy\core\include "-IC:\Program Files\Python310\include" "-IC:\Program Files\Python310\Include" "-IC:\Program Files (x86)\Microsoft Visual Studio\2022\BuildTools\VC\Tools\MSVC\14.43.34808\include" "-IC:\Program Files (x86)\Microsoft Visual Studio\2022\BuildTools\VC\Auxiliary\VS\include" "-IC:\Program Files (x86)\Windows Kits\10\include\10.0.22621.0\ucrt" "-IC:\Program Files (x86)\Windows Kits\10\\include\10.0.22621.0\\um" "-IC:\Program Files (x86)\Windows Kits\10\\include\10.0.22621.0\\shared" "-IC:\Program Files (x86)\Windows Kits\10\\include\10.0.22621.0\\winrt" "-IC:\Program Files (x86)\Windows Kits\10\\include\10.0.22621.0\\cppwinrt" /EHsc /Tp.\similarity_search\src\space\space_renyi_diverg.cc /Fobuild\temp.win-amd64-cpython-310\Release\.\similarity_search\src\space\space_renyi_diverg.obj /EHsc /openmp /O2 /DVERSION_INFO=\\\"2.1.1\\\"
  space_renyi_diverg.cc
  .\similarity_search\include\object.h(127): warning C4267: '=': conversion from 'size_t' to 'int', possible loss of data
  .\similarity_search\include\distcomp.h(260): warning C4244: 'initializing': conversion from 'size_t' to 'float', possible loss of data
  .\similarity_search\src\space\space_renyi_diverg.cc(34): warning C4267: 'argument': conversion from 'size_t' to 'const int', possible loss of data
  .\similarity_search\src\space\space_renyi_diverg.cc(34): note: the template instantiation context (the oldest one first) is
  .\similarity_search\src\space\space_renyi_diverg.cc(44): note: see reference to class template instantiation 'similarity::SpaceRenyiDivergSlow<float>' being compiled
  .\similarity_search\src\space\space_renyi_diverg.cc(27): note: while compiling class template member function 'dist_t similarity::SpaceRenyiDivergSlow<dist_t>::HiddenDistance(const similarity::Object *,const similarity::Object *) const'
          with
          [
              dist_t=float
          ]
  .\similarity_search\src\space\space_renyi_diverg.cc(54): warning C4267: 'argument': conversion from 'size_t' to 'const int', possible loss of data
  .\similarity_search\src\space\space_renyi_diverg.cc(54): note: the template instantiation context (the oldest one first) is
  .\similarity_search\src\space\space_renyi_diverg.cc(64): note: see reference to class template instantiation 'similarity::SpaceRenyiDivergFast<float>' being compiled
  .\similarity_search\src\space\space_renyi_diverg.cc(47): note: while compiling class template member function 'dist_t similarity::SpaceRenyiDivergFast<dist_t>::HiddenDistance(const similarity::Object *,const similarity::Object *) const'
          with
          [
              dist_t=float
          ]
  "C:\Program Files (x86)\Microsoft Visual Studio\2022\BuildTools\VC\Tools\MSVC\14.43.34808\bin\HostX86\x64\cl.exe" /c /nologo /O2 /W3 /GL /DNDEBUG /MD -I.\similarity_search\include -Itensorflow -IC:\Users\maze2\AppData\Roaming\Python\Python310\site-packages\pybind11\include -IC:\Users\maze2\AppData\Roaming\Python\Python310\site-packages\pybind11\include -IC:\Users\maze2\AppData\Roaming\Python\Python310\site-packages\pybind11\include -IC:\Users\maze2\AppData\Roaming\Python\Python310\site-packages\pybind11\include -IC:\Users\maze2\AppData\Roaming\Python\Python310\site-packages\numpy\core\include "-IC:\Program Files\Python310\include" "-IC:\Program Files\Python310\Include" "-IC:\Program Files (x86)\Microsoft Visual Studio\2022\BuildTools\VC\Tools\MSVC\14.43.34808\include" "-IC:\Program Files (x86)\Microsoft Visual Studio\2022\BuildTools\VC\Auxiliary\VS\include" "-IC:\Program Files (x86)\Windows Kits\10\include\10.0.22621.0\ucrt" "-IC:\Program Files (x86)\Windows Kits\10\\include\10.0.22621.0\\um" "-IC:\Program Files (x86)\Windows Kits\10\\include\10.0.22621.0\\shared" "-IC:\Program Files (x86)\Windows Kits\10\\include\10.0.22621.0\\winrt" "-IC:\Program Files (x86)\Windows Kits\10\\include\10.0.22621.0\\cppwinrt" /EHsc /Tp.\similarity_search\src\space\space_scalar.cc /Fobuild\temp.win-amd64-cpython-310\Release\.\similarity_search\src\space\space_scalar.obj /EHsc /openmp /O2 /DVERSION_INFO=\\\"2.1.1\\\"
  space_scalar.cc
  .\similarity_search\include\object.h(127): warning C4267: '=': conversion from 'size_t' to 'int', possible loss of data
  .\similarity_search\include\distcomp.h(260): warning C4244: 'initializing': conversion from 'size_t' to 'float', possible loss of data
  "C:\Program Files (x86)\Microsoft Visual Studio\2022\BuildTools\VC\Tools\MSVC\14.43.34808\bin\HostX86\x64\cl.exe" /c /nologo /O2 /W3 /GL /DNDEBUG /MD -I.\similarity_search\include -Itensorflow -IC:\Users\maze2\AppData\Roaming\Python\Python310\site-packages\pybind11\include -IC:\Users\maze2\AppData\Roaming\Python\Python310\site-packages\pybind11\include -IC:\Users\maze2\AppData\Roaming\Python\Python310\site-packages\pybind11\include -IC:\Users\maze2\AppData\Roaming\Python\Python310\site-packages\pybind11\include -IC:\Users\maze2\AppData\Roaming\Python\Python310\site-packages\numpy\core\include "-IC:\Program Files\Python310\include" "-IC:\Program Files\Python310\Include" "-IC:\Program Files (x86)\Microsoft Visual Studio\2022\BuildTools\VC\Tools\MSVC\14.43.34808\include" "-IC:\Program Files (x86)\Microsoft Visual Studio\2022\BuildTools\VC\Auxiliary\VS\include" "-IC:\Program Files (x86)\Windows Kits\10\include\10.0.22621.0\ucrt" "-IC:\Program Files (x86)\Windows Kits\10\\include\10.0.22621.0\\um" "-IC:\Program Files (x86)\Windows Kits\10\\include\10.0.22621.0\\shared" "-IC:\Program Files (x86)\Windows Kits\10\\include\10.0.22621.0\\winrt" "-IC:\Program Files (x86)\Windows Kits\10\\include\10.0.22621.0\\cppwinrt" /EHsc /Tp.\similarity_search\src\space\space_sparse_dense_fusion.cc /Fobuild\temp.win-amd64-cpython-310\Release\.\similarity_search\src\space\space_sparse_dense_fusion.obj /EHsc /openmp /O2 /DVERSION_INFO=\\\"2.1.1\\\"
  space_sparse_dense_fusion.cc
  C:\Users\maze2\AppData\Local\Temp\pip-install-gjqj2etw\nmslib_760c4860d60c46ad9a07313ddb25ac3c\similarity_search\include\object.h(127): warning C4267: '=': conversion from 'size_t' to 'int', possible loss of data
  .\similarity_search\include\distcomp.h(260): warning C4244: 'initializing': conversion from 'size_t' to 'float', possible loss of data
  .\similarity_search\include\space/space_sparse_bin_common.h(149): warning C4267: '+=': conversion from 'size_t' to 'unsigned int', possible loss of data
  .\similarity_search\include\space/space_sparse_bin_common.h(183): warning C4267: '+=': conversion from 'size_t' to 'unsigned int', possible loss of data
  .\similarity_search\src\space\space_sparse_dense_fusion.cc(167): warning C4267: 'argument': conversion from 'size_t' to 'unsigned int', possible loss of data
  .\similarity_search\src\space\space_sparse_dense_fusion.cc(232): warning C4267: 'argument': conversion from 'size_t' to 'unsigned int', possible loss of data
  .\similarity_search\src\space\space_sparse_dense_fusion.cc(276): warning C4267: '=': conversion from 'size_t' to 'uint32_t', possible loss of data
  .\similarity_search\src\space\space_sparse_dense_fusion.cc(277): warning C4267: '=': conversion from 'size_t' to 'uint32_t', possible loss of data
  .\similarity_search\src\space\space_sparse_dense_fusion.cc(305): warning C4267: '+=': conversion from 'size_t' to 'unsigned int', possible loss of data
  .\similarity_search\src\space\space_sparse_dense_fusion.cc(306): warning C4267: '+=': conversion from 'size_t' to 'unsigned int', possible loss of data
  "C:\Program Files (x86)\Microsoft Visual Studio\2022\BuildTools\VC\Tools\MSVC\14.43.34808\bin\HostX86\x64\cl.exe" /c /nologo /O2 /W3 /GL /DNDEBUG /MD -I.\similarity_search\include -Itensorflow -IC:\Users\maze2\AppData\Roaming\Python\Python310\site-packages\pybind11\include -IC:\Users\maze2\AppData\Roaming\Python\Python310\site-packages\pybind11\include -IC:\Users\maze2\AppData\Roaming\Python\Python310\site-packages\pybind11\include -IC:\Users\maze2\AppData\Roaming\Python\Python310\site-packages\pybind11\include -IC:\Users\maze2\AppData\Roaming\Python\Python310\site-packages\numpy\core\include "-IC:\Program Files\Python310\include" "-IC:\Program Files\Python310\Include" "-IC:\Program Files (x86)\Microsoft Visual Studio\2022\BuildTools\VC\Tools\MSVC\14.43.34808\include" "-IC:\Program Files (x86)\Microsoft Visual Studio\2022\BuildTools\VC\Auxiliary\VS\include" "-IC:\Program Files (x86)\Windows Kits\10\include\10.0.22621.0\ucrt" "-IC:\Program Files (x86)\Windows Kits\10\\include\10.0.22621.0\\um" "-IC:\Program Files (x86)\Windows Kits\10\\include\10.0.22621.0\\shared" "-IC:\Program Files (x86)\Windows Kits\10\\include\10.0.22621.0\\winrt" "-IC:\Program Files (x86)\Windows Kits\10\\include\10.0.22621.0\\cppwinrt" /EHsc /Tp.\similarity_search\src\space\space_sparse_jaccard.cc /Fobuild\temp.win-amd64-cpython-310\Release\.\similarity_search\src\space\space_sparse_jaccard.obj /EHsc /openmp /O2 /DVERSION_INFO=\\\"2.1.1\\\"
  space_sparse_jaccard.cc
  .\similarity_search\include\object.h(127): warning C4267: '=': conversion from 'size_t' to 'int', possible loss of data
  .\similarity_search\include\distcomp.h(260): warning C4244: 'initializing': conversion from 'size_t' to 'float', possible loss of data
  "C:\Program Files (x86)\Microsoft Visual Studio\2022\BuildTools\VC\Tools\MSVC\14.43.34808\bin\HostX86\x64\cl.exe" /c /nologo /O2 /W3 /GL /DNDEBUG /MD -I.\similarity_search\include -Itensorflow -IC:\Users\maze2\AppData\Roaming\Python\Python310\site-packages\pybind11\include -IC:\Users\maze2\AppData\Roaming\Python\Python310\site-packages\pybind11\include -IC:\Users\maze2\AppData\Roaming\Python\Python310\site-packages\pybind11\include -IC:\Users\maze2\AppData\Roaming\Python\Python310\site-packages\pybind11\include -IC:\Users\maze2\AppData\Roaming\Python\Python310\site-packages\numpy\core\include "-IC:\Program Files\Python310\include" "-IC:\Program Files\Python310\Include" "-IC:\Program Files (x86)\Microsoft Visual Studio\2022\BuildTools\VC\Tools\MSVC\14.43.34808\include" "-IC:\Program Files (x86)\Microsoft Visual Studio\2022\BuildTools\VC\Auxiliary\VS\include" "-IC:\Program Files (x86)\Windows Kits\10\include\10.0.22621.0\ucrt" "-IC:\Program Files (x86)\Windows Kits\10\\include\10.0.22621.0\\um" "-IC:\Program Files (x86)\Windows Kits\10\\include\10.0.22621.0\\shared" "-IC:\Program Files (x86)\Windows Kits\10\\include\10.0.22621.0\\winrt" "-IC:\Program Files (x86)\Windows Kits\10\\include\10.0.22621.0\\cppwinrt" /EHsc /Tp.\similarity_search\src\space\space_sparse_lp.cc /Fobuild\temp.win-amd64-cpython-310\Release\.\similarity_search\src\space\space_sparse_lp.obj /EHsc /openmp /O2 /DVERSION_INFO=\\\"2.1.1\\\"
  space_sparse_lp.cc
  .\similarity_search\include\object.h(127): warning C4267: '=': conversion from 'size_t' to 'int', possible loss of data
  .\similarity_search\include\distcomp.h(260): warning C4244: 'initializing': conversion from 'size_t' to 'float', possible loss of data
  C:\Users\maze2\AppData\Local\Temp\pip-install-gjqj2etw\nmslib_760c4860d60c46ad9a07313ddb25ac3c\similarity_search\include\space\space_lp.h(66): warning C4267: 'argument': conversion from 'size_t' to 'const int', possible loss of data
  C:\Users\maze2\AppData\Local\Temp\pip-install-gjqj2etw\nmslib_760c4860d60c46ad9a07313ddb25ac3c\similarity_search\include\space\space_lp.h(66): note: the template instantiation context (the oldest one first) is
  .\similarity_search\src\space\space_sparse_lp.cc(40): note: see reference to class template instantiation 'similarity::SpaceSparseLp<float>' being compiled
  .\similarity_search\include\space/space_sparse_lp.h(48): note: see reference to class template instantiation 'similarity::SpaceLpDist<dist_t>' being compiled
          with
          [
              dist_t=float
          ]
  C:\Users\maze2\AppData\Local\Temp\pip-install-gjqj2etw\nmslib_760c4860d60c46ad9a07313ddb25ac3c\similarity_search\include\space\space_lp.h(49): note: while compiling class template member function 'dist_t similarity::SpaceLpDist<dist_t>::operator ()(const dist_t *,const dist_t *,size_t) const'
          with
          [
              dist_t=float
          ]
  C:\Users\maze2\AppData\Local\Temp\pip-install-gjqj2etw\nmslib_760c4860d60c46ad9a07313ddb25ac3c\similarity_search\include\space\space_sparse_vector.h(210): note: see the first reference to 'similarity::SpaceLpDist<dist_t>::operator ()' in 'similarity::SpaceSparseVectorSimpleStorage<dist_t>::ComputeDistanceHelper'
          with
          [
              dist_t=float
          ]
  .\similarity_search\src\space\space_sparse_lp.cc(30): note: see the first reference to 'similarity::SpaceSparseVectorSimpleStorage<dist_t>::ComputeDistanceHelper' in 'similarity::SpaceSparseLp<float>::HiddenDistance'
          with
          [
              dist_t=float
          ]
  "C:\Program Files (x86)\Microsoft Visual Studio\2022\BuildTools\VC\Tools\MSVC\14.43.34808\bin\HostX86\x64\cl.exe" /c /nologo /O2 /W3 /GL /DNDEBUG /MD -I.\similarity_search\include -Itensorflow -IC:\Users\maze2\AppData\Roaming\Python\Python310\site-packages\pybind11\include -IC:\Users\maze2\AppData\Roaming\Python\Python310\site-packages\pybind11\include -IC:\Users\maze2\AppData\Roaming\Python\Python310\site-packages\pybind11\include -IC:\Users\maze2\AppData\Roaming\Python\Python310\site-packages\pybind11\include -IC:\Users\maze2\AppData\Roaming\Python\Python310\site-packages\numpy\core\include "-IC:\Program Files\Python310\include" "-IC:\Program Files\Python310\Include" "-IC:\Program Files (x86)\Microsoft Visual Studio\2022\BuildTools\VC\Tools\MSVC\14.43.34808\include" "-IC:\Program Files (x86)\Microsoft Visual Studio\2022\BuildTools\VC\Auxiliary\VS\include" "-IC:\Program Files (x86)\Windows Kits\10\include\10.0.22621.0\ucrt" "-IC:\Program Files (x86)\Windows Kits\10\\include\10.0.22621.0\\um" "-IC:\Program Files (x86)\Windows Kits\10\\include\10.0.22621.0\\shared" "-IC:\Program Files (x86)\Windows Kits\10\\include\10.0.22621.0\\winrt" "-IC:\Program Files (x86)\Windows Kits\10\\include\10.0.22621.0\\cppwinrt" /EHsc /Tp.\similarity_search\src\space\space_sparse_scalar_bin_fast.cc /Fobuild\temp.win-amd64-cpython-310\Release\.\similarity_search\src\space\space_sparse_scalar_bin_fast.obj /EHsc /openmp /O2 /DVERSION_INFO=\\\"2.1.1\\\"
  space_sparse_scalar_bin_fast.cc
  .\similarity_search\include\object.h(127): warning C4267: '=': conversion from 'size_t' to 'int', possible loss of data
  .\similarity_search\include\distcomp.h(260): warning C4244: 'initializing': conversion from 'size_t' to 'float', possible loss of data
  .\similarity_search\include\space/space_sparse_bin_common.h(149): warning C4267: '+=': conversion from 'size_t' to 'unsigned int', possible loss of data
  .\similarity_search\include\space/space_sparse_bin_common.h(183): warning C4267: '+=': conversion from 'size_t' to 'unsigned int', possible loss of data
  "C:\Program Files (x86)\Microsoft Visual Studio\2022\BuildTools\VC\Tools\MSVC\14.43.34808\bin\HostX86\x64\cl.exe" /c /nologo /O2 /W3 /GL /DNDEBUG /MD -I.\similarity_search\include -Itensorflow -IC:\Users\maze2\AppData\Roaming\Python\Python310\site-packages\pybind11\include -IC:\Users\maze2\AppData\Roaming\Python\Python310\site-packages\pybind11\include -IC:\Users\maze2\AppData\Roaming\Python\Python310\site-packages\pybind11\include -IC:\Users\maze2\AppData\Roaming\Python\Python310\site-packages\pybind11\include -IC:\Users\maze2\AppData\Roaming\Python\Python310\site-packages\numpy\core\include "-IC:\Program Files\Python310\include" "-IC:\Program Files\Python310\Include" "-IC:\Program Files (x86)\Microsoft Visual Studio\2022\BuildTools\VC\Tools\MSVC\14.43.34808\include" "-IC:\Program Files (x86)\Microsoft Visual Studio\2022\BuildTools\VC\Auxiliary\VS\include" "-IC:\Program Files (x86)\Windows Kits\10\include\10.0.22621.0\ucrt" "-IC:\Program Files (x86)\Windows Kits\10\\include\10.0.22621.0\\um" "-IC:\Program Files (x86)\Windows Kits\10\\include\10.0.22621.0\\shared" "-IC:\Program Files (x86)\Windows Kits\10\\include\10.0.22621.0\\winrt" "-IC:\Program Files (x86)\Windows Kits\10\\include\10.0.22621.0\\cppwinrt" /EHsc /Tp.\similarity_search\src\space\space_sparse_scalar_fast.cc /Fobuild\temp.win-amd64-cpython-310\Release\.\similarity_search\src\space\space_sparse_scalar_fast.obj /EHsc /openmp /O2 /DVERSION_INFO=\\\"2.1.1\\\"
  space_sparse_scalar_fast.cc
  .\similarity_search\include\object.h(127): warning C4267: '=': conversion from 'size_t' to 'int', possible loss of data
  .\similarity_search\include\distcomp.h(260): warning C4244: 'initializing': conversion from 'size_t' to 'float', possible loss of data
  .\similarity_search\src\space\space_sparse_scalar_fast.cc(79): warning C4267: 'argument': conversion from 'size_t' to 'uint32_t', possible loss of data
  .\similarity_search\src\space\space_sparse_scalar_fast.cc(112): warning C4267: 'argument': conversion from 'size_t' to 'similarity::WORD_ID_TYPE', possible loss of data
  C:\Users\maze2\AppData\Local\Temp\pip-install-gjqj2etw\nmslib_760c4860d60c46ad9a07313ddb25ac3c\similarity_search\include\space\space_sparse_vector_inter.h(203): warning C4267: 'argument': conversion from 'size_t' to 'uint32_t', possible loss of data
  C:\Users\maze2\AppData\Local\Temp\pip-install-gjqj2etw\nmslib_760c4860d60c46ad9a07313ddb25ac3c\similarity_search\include\space\space_sparse_vector_inter.h(203): note: the template instantiation context (the oldest one first) is
  .\similarity_search\src\space\space_sparse_scalar_fast.cc(82): note: see reference to function template instantiation 'void similarity::UnpackSparseElements<float>(const char *,size_t,std::vector<similarity::SparseVectElem<float>,std::allocator<similarity::SparseVectElem<float>>> &)' being compiled
  "C:\Program Files (x86)\Microsoft Visual Studio\2022\BuildTools\VC\Tools\MSVC\14.43.34808\bin\HostX86\x64\cl.exe" /c /nologo /O2 /W3 /GL /DNDEBUG /MD -I.\similarity_search\include -Itensorflow -IC:\Users\maze2\AppData\Roaming\Python\Python310\site-packages\pybind11\include -IC:\Users\maze2\AppData\Roaming\Python\Python310\site-packages\pybind11\include -IC:\Users\maze2\AppData\Roaming\Python\Python310\site-packages\pybind11\include -IC:\Users\maze2\AppData\Roaming\Python\Python310\site-packages\pybind11\include -IC:\Users\maze2\AppData\Roaming\Python\Python310\site-packages\numpy\core\include "-IC:\Program Files\Python310\include" "-IC:\Program Files\Python310\Include" "-IC:\Program Files (x86)\Microsoft Visual Studio\2022\BuildTools\VC\Tools\MSVC\14.43.34808\include" "-IC:\Program Files (x86)\Microsoft Visual Studio\2022\BuildTools\VC\Auxiliary\VS\include" "-IC:\Program Files (x86)\Windows Kits\10\include\10.0.22621.0\ucrt" "-IC:\Program Files (x86)\Windows Kits\10\\include\10.0.22621.0\\um" "-IC:\Program Files (x86)\Windows Kits\10\\include\10.0.22621.0\\shared" "-IC:\Program Files (x86)\Windows Kits\10\\include\10.0.22621.0\\winrt" "-IC:\Program Files (x86)\Windows Kits\10\\include\10.0.22621.0\\cppwinrt" /EHsc /Tp.\similarity_search\src\space\space_sparse_vector.cc /Fobuild\temp.win-amd64-cpython-310\Release\.\similarity_search\src\space\space_sparse_vector.obj /EHsc /openmp /O2 /DVERSION_INFO=\\\"2.1.1\\\"
  space_sparse_vector.cc
  .\similarity_search\include\object.h(127): warning C4267: '=': conversion from 'size_t' to 'int', possible loss of data
  .\similarity_search\include\distcomp.h(260): warning C4244: 'initializing': conversion from 'size_t' to 'float', possible loss of data
  "C:\Program Files (x86)\Microsoft Visual Studio\2022\BuildTools\VC\Tools\MSVC\14.43.34808\bin\HostX86\x64\cl.exe" /c /nologo /O2 /W3 /GL /DNDEBUG /MD -I.\similarity_search\include -Itensorflow -IC:\Users\maze2\AppData\Roaming\Python\Python310\site-packages\pybind11\include -IC:\Users\maze2\AppData\Roaming\Python\Python310\site-packages\pybind11\include -IC:\Users\maze2\AppData\Roaming\Python\Python310\site-packages\pybind11\include -IC:\Users\maze2\AppData\Roaming\Python\Python310\site-packages\pybind11\include -IC:\Users\maze2\AppData\Roaming\Python\Python310\site-packages\numpy\core\include "-IC:\Program Files\Python310\include" "-IC:\Program Files\Python310\Include" "-IC:\Program Files (x86)\Microsoft Visual Studio\2022\BuildTools\VC\Tools\MSVC\14.43.34808\include" "-IC:\Program Files (x86)\Microsoft Visual Studio\2022\BuildTools\VC\Auxiliary\VS\include" "-IC:\Program Files (x86)\Windows Kits\10\include\10.0.22621.0\ucrt" "-IC:\Program Files (x86)\Windows Kits\10\\include\10.0.22621.0\\um" "-IC:\Program Files (x86)\Windows Kits\10\\include\10.0.22621.0\\shared" "-IC:\Program Files (x86)\Windows Kits\10\\include\10.0.22621.0\\winrt" "-IC:\Program Files (x86)\Windows Kits\10\\include\10.0.22621.0\\cppwinrt" /EHsc /Tp.\similarity_search\src\space\space_sparse_vector_inter.cc /Fobuild\temp.win-amd64-cpython-310\Release\.\similarity_search\src\space\space_sparse_vector_inter.obj /EHsc /openmp /O2 /DVERSION_INFO=\\\"2.1.1\\\"
  space_sparse_vector_inter.cc
  .\similarity_search\include\object.h(127): warning C4267: '=': conversion from 'size_t' to 'int', possible loss of data
  .\similarity_search\include\distcomp.h(260): warning C4244: 'initializing': conversion from 'size_t' to 'float', possible loss of data
  .\similarity_search\src\space\space_sparse_vector_inter.cc(210): warning C4244: 'initializing': conversion from 'double' to 'float', possible loss of data
  .\similarity_search\src\space\space_sparse_vector_inter.cc(210): note: the template instantiation context (the oldest one first) is
  .\similarity_search\src\space\space_sparse_vector_inter.cc(250): note: see reference to class template instantiation 'similarity::SpaceSparseVectorInter<float>' being compiled
  .\similarity_search\src\space\space_sparse_vector_inter.cc(89): note: while compiling class template member function 'similarity::OverlapInfo similarity::SpaceSparseVectorInter<float>::ComputeOverlapInfo(const std::vector<similarity::SparseVectElem<float>,std::allocator<similarity::SparseVectElem<float>>> &,const std::vector<similarity::SparseVectElem<float>,std::allocator<similarity::SparseVectElem<float>>> &)'
  .\similarity_search\src\space\space_sparse_vector_inter.cc(214): warning C4244: 'initializing': conversion from 'double' to 'float', possible loss of data
  .\similarity_search\include\space/space_sparse_vector_inter.h(203): warning C4267: 'argument': conversion from 'size_t' to 'uint32_t', possible loss of data
  .\similarity_search\include\space/space_sparse_vector_inter.h(203): note: the template instantiation context (the oldest one first) is
  .\similarity_search\src\space\space_sparse_vector_inter.cc(32): note: while compiling class template member function 'void similarity::SpaceSparseVectorInter<float>::CreateDenseVectFromObj(const similarity::Object *,dist_t *,size_t) const'
          with
          [
              dist_t=float
          ]
  .\similarity_search\src\space\space_sparse_vector_inter.cc(37): note: see reference to function template instantiation 'void similarity::UnpackSparseElements<float>(const char *,size_t,std::vector<similarity::SparseVectElem<float>,std::allocator<similarity::SparseVectElem<float>>> &)' being compiled
  "C:\Program Files (x86)\Microsoft Visual Studio\2022\BuildTools\VC\Tools\MSVC\14.43.34808\bin\HostX86\x64\cl.exe" /c /nologo /O2 /W3 /GL /DNDEBUG /MD -I.\similarity_search\include -Itensorflow -IC:\Users\maze2\AppData\Roaming\Python\Python310\site-packages\pybind11\include -IC:\Users\maze2\AppData\Roaming\Python\Python310\site-packages\pybind11\include -IC:\Users\maze2\AppData\Roaming\Python\Python310\site-packages\pybind11\include -IC:\Users\maze2\AppData\Roaming\Python\Python310\site-packages\pybind11\include -IC:\Users\maze2\AppData\Roaming\Python\Python310\site-packages\numpy\core\include "-IC:\Program Files\Python310\include" "-IC:\Program Files\Python310\Include" "-IC:\Program Files (x86)\Microsoft Visual Studio\2022\BuildTools\VC\Tools\MSVC\14.43.34808\include" "-IC:\Program Files (x86)\Microsoft Visual Studio\2022\BuildTools\VC\Auxiliary\VS\include" "-IC:\Program Files (x86)\Windows Kits\10\include\10.0.22621.0\ucrt" "-IC:\Program Files (x86)\Windows Kits\10\\include\10.0.22621.0\\um" "-IC:\Program Files (x86)\Windows Kits\10\\include\10.0.22621.0\\shared" "-IC:\Program Files (x86)\Windows Kits\10\\include\10.0.22621.0\\winrt" "-IC:\Program Files (x86)\Windows Kits\10\\include\10.0.22621.0\\cppwinrt" /EHsc /Tp.\similarity_search\src\space\space_string.cc /Fobuild\temp.win-amd64-cpython-310\Release\.\similarity_search\src\space\space_string.obj /EHsc /openmp /O2 /DVERSION_INFO=\\\"2.1.1\\\"
  space_string.cc
  .\similarity_search\include\object.h(127): warning C4267: '=': conversion from 'size_t' to 'int', possible loss of data
  .\similarity_search\include\distcomp.h(260): warning C4244: 'initializing': conversion from 'size_t' to 'float', possible loss of data
  "C:\Program Files (x86)\Microsoft Visual Studio\2022\BuildTools\VC\Tools\MSVC\14.43.34808\bin\HostX86\x64\cl.exe" /c /nologo /O2 /W3 /GL /DNDEBUG /MD -I.\similarity_search\include -Itensorflow -IC:\Users\maze2\AppData\Roaming\Python\Python310\site-packages\pybind11\include -IC:\Users\maze2\AppData\Roaming\Python\Python310\site-packages\pybind11\include -IC:\Users\maze2\AppData\Roaming\Python\Python310\site-packages\pybind11\include -IC:\Users\maze2\AppData\Roaming\Python\Python310\site-packages\pybind11\include -IC:\Users\maze2\AppData\Roaming\Python\Python310\site-packages\numpy\core\include "-IC:\Program Files\Python310\include" "-IC:\Program Files\Python310\Include" "-IC:\Program Files (x86)\Microsoft Visual Studio\2022\BuildTools\VC\Tools\MSVC\14.43.34808\include" "-IC:\Program Files (x86)\Microsoft Visual Studio\2022\BuildTools\VC\Auxiliary\VS\include" "-IC:\Program Files (x86)\Windows Kits\10\include\10.0.22621.0\ucrt" "-IC:\Program Files (x86)\Windows Kits\10\\include\10.0.22621.0\\um" "-IC:\Program Files (x86)\Windows Kits\10\\include\10.0.22621.0\\shared" "-IC:\Program Files (x86)\Windows Kits\10\\include\10.0.22621.0\\winrt" "-IC:\Program Files (x86)\Windows Kits\10\\include\10.0.22621.0\\cppwinrt" /EHsc /Tp.\similarity_search\src\space\space_vector.cc /Fobuild\temp.win-amd64-cpython-310\Release\.\similarity_search\src\space\space_vector.obj /EHsc /openmp /O2 /DVERSION_INFO=\\\"2.1.1\\\"
  space_vector.cc
  .\similarity_search\include\object.h(127): warning C4267: '=': conversion from 'size_t' to 'int', possible loss of data
  .\similarity_search\include\distcomp.h(260): warning C4244: 'initializing': conversion from 'size_t' to 'float', possible loss of data
  .\similarity_search\src\space\space_vector.cc(66): warning C4267: '=': conversion from 'size_t' to 'unsigned int', possible loss of data
  .\similarity_search\src\space\space_vector.cc(66): note: the template instantiation context (the oldest one first) is
  .\similarity_search\src\space\space_vector.cc(146): note: see reference to class template instantiation 'similarity::VectorSpace<similarity::PivotIdType>' being compiled
  .\similarity_search\src\space\space_vector.cc(54): note: while compiling class template member function 'std::unique_ptr<similarity::Object,std::default_delete<similarity::Object>> similarity::VectorSpace<similarity::PivotIdType>::CreateObjFromStr(similarity::IdType,similarity::LabelType,const std::string &,similarity::DataFileInputState *) const'
  "C:\Program Files (x86)\Microsoft Visual Studio\2022\BuildTools\VC\Tools\MSVC\14.43.34808\bin\HostX86\x64\cl.exe" /c /nologo /O2 /W3 /GL /DNDEBUG /MD -I.\similarity_search\include -Itensorflow -IC:\Users\maze2\AppData\Roaming\Python\Python310\site-packages\pybind11\include -IC:\Users\maze2\AppData\Roaming\Python\Python310\site-packages\pybind11\include -IC:\Users\maze2\AppData\Roaming\Python\Python310\site-packages\pybind11\include -IC:\Users\maze2\AppData\Roaming\Python\Python310\site-packages\pybind11\include -IC:\Users\maze2\AppData\Roaming\Python\Python310\site-packages\numpy\core\include "-IC:\Program Files\Python310\include" "-IC:\Program Files\Python310\Include" "-IC:\Program Files (x86)\Microsoft Visual Studio\2022\BuildTools\VC\Tools\MSVC\14.43.34808\include" "-IC:\Program Files (x86)\Microsoft Visual Studio\2022\BuildTools\VC\Auxiliary\VS\include" "-IC:\Program Files (x86)\Windows Kits\10\include\10.0.22621.0\ucrt" "-IC:\Program Files (x86)\Windows Kits\10\\include\10.0.22621.0\\um" "-IC:\Program Files (x86)\Windows Kits\10\\include\10.0.22621.0\\shared" "-IC:\Program Files (x86)\Windows Kits\10\\include\10.0.22621.0\\winrt" "-IC:\Program Files (x86)\Windows Kits\10\\include\10.0.22621.0\\cppwinrt" /EHsc /Tp.\similarity_search\src\space\space_word_embed.cc /Fobuild\temp.win-amd64-cpython-310\Release\.\similarity_search\src\space\space_word_embed.obj /EHsc /openmp /O2 /DVERSION_INFO=\\\"2.1.1\\\"
  space_word_embed.cc
  .\similarity_search\include\object.h(127): warning C4267: '=': conversion from 'size_t' to 'int', possible loss of data
  .\similarity_search\include\distcomp.h(260): warning C4244: 'initializing': conversion from 'size_t' to 'float', possible loss of data
  "C:\Program Files (x86)\Microsoft Visual Studio\2022\BuildTools\VC\Tools\MSVC\14.43.34808\bin\HostX86\x64\cl.exe" /c /nologo /O2 /W3 /GL /DNDEBUG /MD -I.\similarity_search\include -Itensorflow -IC:\Users\maze2\AppData\Roaming\Python\Python310\site-packages\pybind11\include -IC:\Users\maze2\AppData\Roaming\Python\Python310\site-packages\pybind11\include -IC:\Users\maze2\AppData\Roaming\Python\Python310\site-packages\pybind11\include -IC:\Users\maze2\AppData\Roaming\Python\Python310\site-packages\pybind11\include -IC:\Users\maze2\AppData\Roaming\Python\Python310\site-packages\numpy\core\include "-IC:\Program Files\Python310\include" "-IC:\Program Files\Python310\Include" "-IC:\Program Files (x86)\Microsoft Visual Studio\2022\BuildTools\VC\Tools\MSVC\14.43.34808\include" "-IC:\Program Files (x86)\Microsoft Visual Studio\2022\BuildTools\VC\Auxiliary\VS\include" "-IC:\Program Files (x86)\Windows Kits\10\include\10.0.22621.0\ucrt" "-IC:\Program Files (x86)\Windows Kits\10\\include\10.0.22621.0\\um" "-IC:\Program Files (x86)\Windows Kits\10\\include\10.0.22621.0\\shared" "-IC:\Program Files (x86)\Windows Kits\10\\include\10.0.22621.0\\winrt" "-IC:\Program Files (x86)\Windows Kits\10\\include\10.0.22621.0\\cppwinrt" /EHsc /Tp.\similarity_search\src\utils.cc /Fobuild\temp.win-amd64-cpython-310\Release\.\similarity_search\src\utils.obj /EHsc /openmp /O2 /DVERSION_INFO=\\\"2.1.1\\\"
  utils.cc
  .\similarity_search\src\utils.cc(42): warning C4267: 'initializing': conversion from 'size_t' to 'int', possible loss of data
  .\similarity_search\src\utils.cc(59): warning C4267: 'initializing': conversion from 'size_t' to 'int', possible loss of data
  "C:\Program Files (x86)\Microsoft Visual Studio\2022\BuildTools\VC\Tools\MSVC\14.43.34808\bin\HostX86\x64\cl.exe" /c /nologo /O2 /W3 /GL /DNDEBUG /MD -I.\similarity_search\include -Itensorflow -IC:\Users\maze2\AppData\Roaming\Python\Python310\site-packages\pybind11\include -IC:\Users\maze2\AppData\Roaming\Python\Python310\site-packages\pybind11\include -IC:\Users\maze2\AppData\Roaming\Python\Python310\site-packages\pybind11\include -IC:\Users\maze2\AppData\Roaming\Python\Python310\site-packages\pybind11\include -IC:\Users\maze2\AppData\Roaming\Python\Python310\site-packages\numpy\core\include "-IC:\Program Files\Python310\include" "-IC:\Program Files\Python310\Include" "-IC:\Program Files (x86)\Microsoft Visual Studio\2022\BuildTools\VC\Tools\MSVC\14.43.34808\include" "-IC:\Program Files (x86)\Microsoft Visual Studio\2022\BuildTools\VC\Auxiliary\VS\include" "-IC:\Program Files (x86)\Windows Kits\10\include\10.0.22621.0\ucrt" "-IC:\Program Files (x86)\Windows Kits\10\\include\10.0.22621.0\\um" "-IC:\Program Files (x86)\Windows Kits\10\\include\10.0.22621.0\\shared" "-IC:\Program Files (x86)\Windows Kits\10\\include\10.0.22621.0\\winrt" "-IC:\Program Files (x86)\Windows Kits\10\\include\10.0.22621.0\\cppwinrt" /EHsc /Tpnmslib.cc /Fobuild\temp.win-amd64-cpython-310\Release\nmslib.obj /EHsc /openmp /O2 /DVERSION_INFO=\\\"2.1.1\\\"
  nmslib.cc
  C:\Users\maze2\AppData\Local\Temp\pip-install-gjqj2etw\nmslib_760c4860d60c46ad9a07313ddb25ac3c\similarity_search\include\object.h(127): warning C4267: '=': conversion from 'size_t' to 'int', possible loss of data
  C:\Users\maze2\AppData\Local\Temp\pip-install-gjqj2etw\nmslib_760c4860d60c46ad9a07313ddb25ac3c\similarity_search\include\distcomp.h(260): warning C4244: 'initializing': conversion from 'size_t' to 'float', possible loss of data
  nmslib.cc(454): error C2017: illegal escape sequence
  nmslib.cc(454): error C2001: newline in constant
  nmslib.cc(459): error C2143: syntax error: missing ')' before 'pybind11::enum_<similarity::DistType>'
  nmslib.cc(459): error C2143: syntax error: missing ';' before 'pybind11::enum_<similarity::DistType>'
  nmslib.cc(730): warning C4267: '=': conversion from 'size_t' to 'T', possible loss of data
          with
          [
              T=int
          ]
  error: command 'C:\\Program Files (x86)\\Microsoft Visual Studio\\2022\\BuildTools\\VC\\Tools\\MSVC\\14.43.34808\\bin\\HostX86\\x64\\cl.exe' failed with exit code 2
  [end of output]
  
  note: This error originates from a subprocess, and is likely not a problem with pip.
error: legacy-install-failure

Encountered error while trying to install package.

nmslib

note: This is an issue with the package mentioned above, not pip.
hint: See above for output from the failure.

[notice] A new release of pip is available: 23.0.1 -> 25.1.1
[notice] To update, run: python.exe -m pip install --upgrade pip
